14:12:04 **** Clean-only build of configuration Debug for project mq35 ****
make -j28 clean 
rm -rf ./Drivers/STM32F4xx_HAL_Driver/Src/stm32f4xx_hal.cyclo ./Drivers/STM32F4xx_HAL_Driver/Src/stm32f4xx_hal.d ./Drivers/STM32F4xx_HAL_Driver/Src/stm32f4xx_hal.o ./Drivers/STM32F4xx_HAL_Driver/Src/stm32f4xx_hal.su ./Drivers/STM32F4xx_HAL_Driver/Src/stm32f4xx_hal_adc.cyclo ./Drivers/STM32F4xx_HAL_Driver/Src/stm32f4xx_hal_adc.d ./Drivers/STM32F4xx_HAL_Driver/Src/stm32f4xx_hal_adc.o ./Drivers/STM32F4xx_HAL_Driver/Src/stm32f4xx_hal_adc.su ./Drivers/STM32F4xx_HAL_Driver/Src/stm32f4xx_hal_adc_ex.cyclo ./Drivers/STM32F4xx_HAL_Driver/Src/stm32f4xx_hal_adc_ex.d ./Drivers/STM32F4xx_HAL_Driver/Src/stm32f4xx_hal_adc_ex.o ./Drivers/STM32F4xx_HAL_Driver/Src/stm32f4xx_hal_adc_ex.su ./Drivers/STM32F4xx_HAL_Driver/Src/stm32f4xx_hal_cortex.cyclo ./Drivers/STM32F4xx_HAL_Driver/Src/stm32f4xx_hal_cortex.d ./Drivers/STM32F4xx_HAL_Driver/Src/stm32f4xx_hal_cortex.o ./Drivers/STM32F4xx_HAL_Driver/Src/stm32f4xx_hal_cortex.su ./Drivers/STM32F4xx_HAL_Driver/Src/stm32f4xx_hal_dma.cyclo ./Drivers/STM32F4xx_HAL_Driver/Src/stm32f4xx_hal_dma.d ./Drivers/STM32F4xx_HAL_Driver/Src/stm32f4xx_hal_dma.o ./Drivers/STM32F4xx_HAL_Driver/Src/stm32f4xx_hal_dma.su ./Drivers/STM32F4xx_HAL_Driver/Src/stm32f4xx_hal_dma_ex.cyclo ./Drivers/STM32F4xx_HAL_Driver/Src/stm32f4xx_hal_dma_ex.d ./Drivers/STM32F4xx_HAL_Driver/Src/stm32f4xx_hal_dma_ex.o ./Drivers/STM32F4xx_HAL_Driver/Src/stm32f4xx_hal_dma_ex.su ./Drivers/STM32F4xx_HAL_Driver/Src/stm32f4xx_hal_exti.cyclo ./Drivers/STM32F4xx_HAL_Driver/Src/stm32f4xx_hal_exti.d ./Drivers/STM32F4xx_HAL_Driver/Src/stm32f4xx_hal_exti.o ./Drivers/STM32F4xx_HAL_Driver/Src/stm32f4xx_hal_exti.su ./Drivers/STM32F4xx_HAL_Driver/Src/stm32f4xx_hal_flash.cyclo ./Drivers/STM32F4xx_HAL_Driver/Src/stm32f4xx_hal_flash.d ./Drivers/STM32F4xx_HAL_Driver/Src/stm32f4xx_hal_flash.o ./Drivers/STM32F4xx_HAL_Driver/Src/stm32f4xx_hal_flash.su ./Drivers/STM32F4xx_HAL_Driver/Src/stm32f4xx_hal_flash_ex.cyclo ./Drivers/STM32F4xx_HAL_Driver/Src/stm32f4xx_hal_flash_ex.d ./Drivers/STM32F4xx_HAL_Driver/Src/stm32f4xx_hal_flash_ex.o ./Drivers/STM32F4xx_HAL_Driver/Src/stm32f4xx_hal_flash_ex.su ./Drivers/STM32F4xx_HAL_Driver/Src/stm32f4xx_hal_flash_ramfunc.cyclo ./Drivers/STM32F4xx_HAL_Driver/Src/stm32f4xx_hal_flash_ramfunc.d ./Drivers/STM32F4xx_HAL_Driver/Src/stm32f4xx_hal_flash_ramfunc.o ./Drivers/STM32F4xx_HAL_Driver/Src/stm32f4xx_hal_flash_ramfunc.su ./Drivers/STM32F4xx_HAL_Driver/Src/stm32f4xx_hal_gpio.cyclo ./Drivers/STM32F4xx_HAL_Driver/Src/stm32f4xx_hal_gpio.d ./Drivers/STM32F4xx_HAL_Driver/Src/stm32f4xx_hal_gpio.o ./Drivers/STM32F4xx_HAL_Driver/Src/stm32f4xx_hal_gpio.su ./Drivers/STM32F4xx_HAL_Driver/Src/stm32f4xx_hal_pwr.cyclo ./Drivers/STM32F4xx_HAL_Driver/Src/stm32f4xx_hal_pwr.d ./Drivers/STM32F4xx_HAL_Driver/Src/stm32f4xx_hal_pwr.o ./Drivers/STM32F4xx_HAL_Driver/Src/stm32f4xx_hal_pwr.su ./Drivers/STM32F4xx_HAL_Driver/Src/stm32f4xx_hal_pwr_ex.cyclo ./Drivers/STM32F4xx_HAL_Driver/Src/stm32f4xx_hal_pwr_ex.d ./Drivers/STM32F4xx_HAL_Driver/Src/stm32f4xx_hal_pwr_ex.o ./Drivers/STM32F4xx_HAL_Driver/Src/stm32f4xx_hal_pwr_ex.su ./Drivers/STM32F4xx_HAL_Driver/Src/stm32f4xx_hal_rcc.cyclo ./Drivers/STM32F4xx_HAL_Driver/Src/stm32f4xx_hal_rcc.d ./Drivers/STM32F4xx_HAL_Driver/Src/stm32f4xx_hal_rcc.o ./Drivers/STM32F4xx_HAL_Driver/Src/stm32f4xx_hal_rcc.su ./Drivers/STM32F4xx_HAL_Driver/Src/stm32f4xx_hal_rcc_ex.cyclo ./Drivers/STM32F4xx_HAL_Driver/Src/stm32f4xx_hal_rcc_ex.d ./Drivers/STM32F4xx_HAL_Driver/Src/stm32f4xx_hal_rcc_ex.o ./Drivers/STM32F4xx_HAL_Driver/Src/stm32f4xx_hal_rcc_ex.su ./Drivers/STM32F4xx_HAL_Driver/Src/stm32f4xx_hal_uart.cyclo ./Drivers/STM32F4xx_HAL_Driver/Src/stm32f4xx_hal_uart.d ./Drivers/STM32F4xx_HAL_Driver/Src/stm32f4xx_hal_uart.o ./Drivers/STM32F4xx_HAL_Driver/Src/stm32f4xx_hal_uart.su ./Drivers/STM32F4xx_HAL_Driver/Src/stm32f4xx_ll_adc.cyclo ./Drivers/STM32F4xx_HAL_Driver/Src/stm32f4xx_ll_adc.d ./Drivers/STM32F4xx_HAL_Driver/Src/stm32f4xx_ll_adc.o ./Drivers/STM32F4xx_HAL_Driver/Src/stm32f4xx_ll_adc.su
rm -rf ./Core/Startup/startup_stm32f407vgtx.d ./Core/Startup/startup_stm32f407vgtx.o
rm -rf ./Core/Src/main.cyclo ./Core/Src/main.d ./Core/Src/main.o ./Core/Src/main.su ./Core/Src/stm32f4xx_hal_msp.cyclo ./Core/Src/stm32f4xx_hal_msp.d ./Core/Src/stm32f4xx_hal_msp.o ./Core/Src/stm32f4xx_hal_msp.su ./Core/Src/stm32f4xx_it.cyclo ./Core/Src/stm32f4xx_it.d ./Core/Src/stm32f4xx_it.o ./Core/Src/stm32f4xx_it.su ./Core/Src/syscalls.cyclo ./Core/Src/syscalls.d ./Core/Src/syscalls.o ./Core/Src/syscalls.su ./Core/Src/sysmem.cyclo ./Core/Src/sysmem.d ./Core/Src/sysmem.o ./Core/Src/sysmem.su ./Core/Src/system_stm32f4xx.cyclo ./Core/Src/system_stm32f4xx.d ./Core/Src/system_stm32f4xx.o ./Core/Src/system_stm32f4xx.su
rm -rf default.size.stdout mq35.elf mq35.list mq35.map
 
14:12:11 **** Build of configuration Debug for project mq35 ****
make -j28 all 
arm-none-eabi-gcc "../Drivers/STM32F4xx_HAL_Driver/Src/stm32f4xx_hal.c" -mcpu=cortex-m4 -std=gnu11 -g3 -DDEBUG -DUSE_HAL_DRIVER -DSTM32F407xx -c -I../Core/Inc -I../Drivers/STM32F4xx_HAL_Driver/Inc -I../Drivers/STM32F4xx_HAL_Driver/Inc/Legacy -I../Drivers/CMSIS/Device/ST/STM32F4xx/Include -I../Drivers/CMSIS/Include -O0 -ffunction-sections -fdata-sections -Wall -fstack-usage -fcyclomatic-complexity -MMD -MP -MF"Drivers/STM32F4xx_HAL_Driver/Src/stm32f4xx_hal.d" -MT"Drivers/STM32F4xx_HAL_Driver/Src/stm32f4xx_hal.o" --specs=nano.specs -mfpu=fpv4-sp-d16 -mfloat-abi=hard -mthumb -o "Drivers/STM32F4xx_HAL_Driver/Src/stm32f4xx_hal.o"
arm-none-eabi-gcc "../Drivers/STM32F4xx_HAL_Driver/Src/stm32f4xx_hal_adc.c" -mcpu=cortex-m4 -std=gnu11 -g3 -DDEBUG -DUSE_HAL_DRIVER -DSTM32F407xx -c -I../Core/Inc -I../Drivers/STM32F4xx_HAL_Driver/Inc -I../Drivers/STM32F4xx_HAL_Driver/Inc/Legacy -I../Drivers/CMSIS/Device/ST/STM32F4xx/Include -I../Drivers/CMSIS/Include -O0 -ffunction-sections -fdata-sections -Wall -fstack-usage -fcyclomatic-complexity -MMD -MP -MF"Drivers/STM32F4xx_HAL_Driver/Src/stm32f4xx_hal_adc.d" -MT"Drivers/STM32F4xx_HAL_Driver/Src/stm32f4xx_hal_adc.o" --specs=nano.specs -mfpu=fpv4-sp-d16 -mfloat-abi=hard -mthumb -o "Drivers/STM32F4xx_HAL_Driver/Src/stm32f4xx_hal_adc.o"
arm-none-eabi-gcc "../Drivers/STM32F4xx_HAL_Driver/Src/stm32f4xx_hal_adc_ex.c" -mcpu=cortex-m4 -std=gnu11 -g3 -DDEBUG -DUSE_HAL_DRIVER -DSTM32F407xx -c -I../Core/Inc -I../Drivers/STM32F4xx_HAL_Driver/Inc -I../Drivers/STM32F4xx_HAL_Driver/Inc/Legacy -I../Drivers/CMSIS/Device/ST/STM32F4xx/Include -I../Drivers/CMSIS/Include -O0 -ffunction-sections -fdata-sections -Wall -fstack-usage -fcyclomatic-complexity -MMD -MP -MF"Drivers/STM32F4xx_HAL_Driver/Src/stm32f4xx_hal_adc_ex.d" -MT"Drivers/STM32F4xx_HAL_Driver/Src/stm32f4xx_hal_adc_ex.o" --specs=nano.specs -mfpu=fpv4-sp-d16 -mfloat-abi=hard -mthumb -o "Drivers/STM32F4xx_HAL_Driver/Src/stm32f4xx_hal_adc_ex.o"
arm-none-eabi-gcc "../Drivers/STM32F4xx_HAL_Driver/Src/stm32f4xx_hal_cortex.c" -mcpu=cortex-m4 -std=gnu11 -g3 -DDEBUG -DUSE_HAL_DRIVER -DSTM32F407xx -c -I../Core/Inc -I../Drivers/STM32F4xx_HAL_Driver/Inc -I../Drivers/STM32F4xx_HAL_Driver/Inc/Legacy -I../Drivers/CMSIS/Device/ST/STM32F4xx/Include -I../Drivers/CMSIS/Include -O0 -ffunction-sections -fdata-sections -Wall -fstack-usage -fcyclomatic-complexity -MMD -MP -MF"Drivers/STM32F4xx_HAL_Driver/Src/stm32f4xx_hal_cortex.d" -MT"Drivers/STM32F4xx_HAL_Driver/Src/stm32f4xx_hal_cortex.o" --specs=nano.specs -mfpu=fpv4-sp-d16 -mfloat-abi=hard -mthumb -o "Drivers/STM32F4xx_HAL_Driver/Src/stm32f4xx_hal_cortex.o"
arm-none-eabi-gcc "../Drivers/STM32F4xx_HAL_Driver/Src/stm32f4xx_hal_dma.c" -mcpu=cortex-m4 -std=gnu11 -g3 -DDEBUG -DUSE_HAL_DRIVER -DSTM32F407xx -c -I../Core/Inc -I../Drivers/STM32F4xx_HAL_Driver/Inc -I../Drivers/STM32F4xx_HAL_Driver/Inc/Legacy -I../Drivers/CMSIS/Device/ST/STM32F4xx/Include -I../Drivers/CMSIS/Include -O0 -ffunction-sections -fdata-sections -Wall -fstack-usage -fcyclomatic-complexity -MMD -MP -MF"Drivers/STM32F4xx_HAL_Driver/Src/stm32f4xx_hal_dma.d" -MT"Drivers/STM32F4xx_HAL_Driver/Src/stm32f4xx_hal_dma.o" --specs=nano.specs -mfpu=fpv4-sp-d16 -mfloat-abi=hard -mthumb -o "Drivers/STM32F4xx_HAL_Driver/Src/stm32f4xx_hal_dma.o"
arm-none-eabi-gcc "../Drivers/STM32F4xx_HAL_Driver/Src/stm32f4xx_hal_dma_ex.c" -mcpu=cortex-m4 -std=gnu11 -g3 -DDEBUG -DUSE_HAL_DRIVER -DSTM32F407xx -c -I../Core/Inc -I../Drivers/STM32F4xx_HAL_Driver/Inc -I../Drivers/STM32F4xx_HAL_Driver/Inc/Legacy -I../Drivers/CMSIS/Device/ST/STM32F4xx/Include -I../Drivers/CMSIS/Include -O0 -ffunction-sections -fdata-sections -Wall -fstack-usage -fcyclomatic-complexity -MMD -MP -MF"Drivers/STM32F4xx_HAL_Driver/Src/stm32f4xx_hal_dma_ex.d" -MT"Drivers/STM32F4xx_HAL_Driver/Src/stm32f4xx_hal_dma_ex.o" --specs=nano.specs -mfpu=fpv4-sp-d16 -mfloat-abi=hard -mthumb -o "Drivers/STM32F4xx_HAL_Driver/Src/stm32f4xx_hal_dma_ex.o"
arm-none-eabi-gcc "../Drivers/STM32F4xx_HAL_Driver/Src/stm32f4xx_hal_exti.c" -mcpu=cortex-m4 -std=gnu11 -g3 -DDEBUG -DUSE_HAL_DRIVER -DSTM32F407xx -c -I../Core/Inc -I../Drivers/STM32F4xx_HAL_Driver/Inc -I../Drivers/STM32F4xx_HAL_Driver/Inc/Legacy -I../Drivers/CMSIS/Device/ST/STM32F4xx/Include -I../Drivers/CMSIS/Include -O0 -ffunction-sections -fdata-sections -Wall -fstack-usage -fcyclomatic-complexity -MMD -MP -MF"Drivers/STM32F4xx_HAL_Driver/Src/stm32f4xx_hal_exti.d" -MT"Drivers/STM32F4xx_HAL_Driver/Src/stm32f4xx_hal_exti.o" --specs=nano.specs -mfpu=fpv4-sp-d16 -mfloat-abi=hard -mthumb -o "Drivers/STM32F4xx_HAL_Driver/Src/stm32f4xx_hal_exti.o"
arm-none-eabi-gcc "../Drivers/STM32F4xx_HAL_Driver/Src/stm32f4xx_hal_flash.c" -mcpu=cortex-m4 -std=gnu11 -g3 -DDEBUG -DUSE_HAL_DRIVER -DSTM32F407xx -c -I../Core/Inc -I../Drivers/STM32F4xx_HAL_Driver/Inc -I../Drivers/STM32F4xx_HAL_Driver/Inc/Legacy -I../Drivers/CMSIS/Device/ST/STM32F4xx/Include -I../Drivers/CMSIS/Include -O0 -ffunction-sections -fdata-sections -Wall -fstack-usage -fcyclomatic-complexity -MMD -MP -MF"Drivers/STM32F4xx_HAL_Driver/Src/stm32f4xx_hal_flash.d" -MT"Drivers/STM32F4xx_HAL_Driver/Src/stm32f4xx_hal_flash.o" --specs=nano.specs -mfpu=fpv4-sp-d16 -mfloat-abi=hard -mthumb -o "Drivers/STM32F4xx_HAL_Driver/Src/stm32f4xx_hal_flash.o"
arm-none-eabi-gcc "../Drivers/STM32F4xx_HAL_Driver/Src/stm32f4xx_hal_flash_ex.c" -mcpu=cortex-m4 -std=gnu11 -g3 -DDEBUG -DUSE_HAL_DRIVER -DSTM32F407xx -c -I../Core/Inc -I../Drivers/STM32F4xx_HAL_Driver/Inc -I../Drivers/STM32F4xx_HAL_Driver/Inc/Legacy -I../Drivers/CMSIS/Device/ST/STM32F4xx/Include -I../Drivers/CMSIS/Include -O0 -ffunction-sections -fdata-sections -Wall -fstack-usage -fcyclomatic-complexity -MMD -MP -MF"Drivers/STM32F4xx_HAL_Driver/Src/stm32f4xx_hal_flash_ex.d" -MT"Drivers/STM32F4xx_HAL_Driver/Src/stm32f4xx_hal_flash_ex.o" --specs=nano.specs -mfpu=fpv4-sp-d16 -mfloat-abi=hard -mthumb -o "Drivers/STM32F4xx_HAL_Driver/Src/stm32f4xx_hal_flash_ex.o"
arm-none-eabi-gcc "../Drivers/STM32F4xx_HAL_Driver/Src/stm32f4xx_hal_flash_ramfunc.c" -mcpu=cortex-m4 -std=gnu11 -g3 -DDEBUG -DUSE_HAL_DRIVER -DSTM32F407xx -c -I../Core/Inc -I../Drivers/STM32F4xx_HAL_Driver/Inc -I../Drivers/STM32F4xx_HAL_Driver/Inc/Legacy -I../Drivers/CMSIS/Device/ST/STM32F4xx/Include -I../Drivers/CMSIS/Include -O0 -ffunction-sections -fdata-sections -Wall -fstack-usage -fcyclomatic-complexity -MMD -MP -MF"Drivers/STM32F4xx_HAL_Driver/Src/stm32f4xx_hal_flash_ramfunc.d" -MT"Drivers/STM32F4xx_HAL_Driver/Src/stm32f4xx_hal_flash_ramfunc.o" --specs=nano.specs -mfpu=fpv4-sp-d16 -mfloat-abi=hard -mthumb -o "Drivers/STM32F4xx_HAL_Driver/Src/stm32f4xx_hal_flash_ramfunc.o"
arm-none-eabi-gcc "../Drivers/STM32F4xx_HAL_Driver/Src/stm32f4xx_hal_gpio.c" -mcpu=cortex-m4 -std=gnu11 -g3 -DDEBUG -DUSE_HAL_DRIVER -DSTM32F407xx -c -I../Core/Inc -I../Drivers/STM32F4xx_HAL_Driver/Inc -I../Drivers/STM32F4xx_HAL_Driver/Inc/Legacy -I../Drivers/CMSIS/Device/ST/STM32F4xx/Include -I../Drivers/CMSIS/Include -O0 -ffunction-sections -fdata-sections -Wall -fstack-usage -fcyclomatic-complexity -MMD -MP -MF"Drivers/STM32F4xx_HAL_Driver/Src/stm32f4xx_hal_gpio.d" -MT"Drivers/STM32F4xx_HAL_Driver/Src/stm32f4xx_hal_gpio.o" --specs=nano.specs -mfpu=fpv4-sp-d16 -mfloat-abi=hard -mthumb -o "Drivers/STM32F4xx_HAL_Driver/Src/stm32f4xx_hal_gpio.o"
arm-none-eabi-gcc "../Drivers/STM32F4xx_HAL_Driver/Src/stm32f4xx_hal_pwr.c" -mcpu=cortex-m4 -std=gnu11 -g3 -DDEBUG -DUSE_HAL_DRIVER -DSTM32F407xx -c -I../Core/Inc -I../Drivers/STM32F4xx_HAL_Driver/Inc -I../Drivers/STM32F4xx_HAL_Driver/Inc/Legacy -I../Drivers/CMSIS/Device/ST/STM32F4xx/Include -I../Drivers/CMSIS/Include -O0 -ffunction-sections -fdata-sections -Wall -fstack-usage -fcyclomatic-complexity -MMD -MP -MF"Drivers/STM32F4xx_HAL_Driver/Src/stm32f4xx_hal_pwr.d" -MT"Drivers/STM32F4xx_HAL_Driver/Src/stm32f4xx_hal_pwr.o" --specs=nano.specs -mfpu=fpv4-sp-d16 -mfloat-abi=hard -mthumb -o "Drivers/STM32F4xx_HAL_Driver/Src/stm32f4xx_hal_pwr.o"
arm-none-eabi-gcc "../Drivers/STM32F4xx_HAL_Driver/Src/stm32f4xx_hal_pwr_ex.c" -mcpu=cortex-m4 -std=gnu11 -g3 -DDEBUG -DUSE_HAL_DRIVER -DSTM32F407xx -c -I../Core/Inc -I../Drivers/STM32F4xx_HAL_Driver/Inc -I../Drivers/STM32F4xx_HAL_Driver/Inc/Legacy -I../Drivers/CMSIS/Device/ST/STM32F4xx/Include -I../Drivers/CMSIS/Include -O0 -ffunction-sections -fdata-sections -Wall -fstack-usage -fcyclomatic-complexity -MMD -MP -MF"Drivers/STM32F4xx_HAL_Driver/Src/stm32f4xx_hal_pwr_ex.d" -MT"Drivers/STM32F4xx_HAL_Driver/Src/stm32f4xx_hal_pwr_ex.o" --specs=nano.specs -mfpu=fpv4-sp-d16 -mfloat-abi=hard -mthumb -o "Drivers/STM32F4xx_HAL_Driver/Src/stm32f4xx_hal_pwr_ex.o"
arm-none-eabi-gcc "../Drivers/STM32F4xx_HAL_Driver/Src/stm32f4xx_hal_rcc.c" -mcpu=cortex-m4 -std=gnu11 -g3 -DDEBUG -DUSE_HAL_DRIVER -DSTM32F407xx -c -I../Core/Inc -I../Drivers/STM32F4xx_HAL_Driver/Inc -I../Drivers/STM32F4xx_HAL_Driver/Inc/Legacy -I../Drivers/CMSIS/Device/ST/STM32F4xx/Include -I../Drivers/CMSIS/Include -O0 -ffunction-sections -fdata-sections -Wall -fstack-usage -fcyclomatic-complexity -MMD -MP -MF"Drivers/STM32F4xx_HAL_Driver/Src/stm32f4xx_hal_rcc.d" -MT"Drivers/STM32F4xx_HAL_Driver/Src/stm32f4xx_hal_rcc.o" --specs=nano.specs -mfpu=fpv4-sp-d16 -mfloat-abi=hard -mthumb -o "Drivers/STM32F4xx_HAL_Driver/Src/stm32f4xx_hal_rcc.o"
arm-none-eabi-gcc "../Drivers/STM32F4xx_HAL_Driver/Src/stm32f4xx_hal_rcc_ex.c" -mcpu=cortex-m4 -std=gnu11 -g3 -DDEBUG -DUSE_HAL_DRIVER -DSTM32F407xx -c -I../Core/Inc -I../Drivers/STM32F4xx_HAL_Driver/Inc -I../Drivers/STM32F4xx_HAL_Driver/Inc/Legacy -I../Drivers/CMSIS/Device/ST/STM32F4xx/Include -I../Drivers/CMSIS/Include -O0 -ffunction-sections -fdata-sections -Wall -fstack-usage -fcyclomatic-complexity -MMD -MP -MF"Drivers/STM32F4xx_HAL_Driver/Src/stm32f4xx_hal_rcc_ex.d" -MT"Drivers/STM32F4xx_HAL_Driver/Src/stm32f4xx_hal_rcc_ex.o" --specs=nano.specs -mfpu=fpv4-sp-d16 -mfloat-abi=hard -mthumb -o "Drivers/STM32F4xx_HAL_Driver/Src/stm32f4xx_hal_rcc_ex.o"
arm-none-eabi-gcc "../Drivers/STM32F4xx_HAL_Driver/Src/stm32f4xx_hal_uart.c" -mcpu=cortex-m4 -std=gnu11 -g3 -DDEBUG -DUSE_HAL_DRIVER -DSTM32F407xx -c -I../Core/Inc -I../Drivers/STM32F4xx_HAL_Driver/Inc -I../Drivers/STM32F4xx_HAL_Driver/Inc/Legacy -I../Drivers/CMSIS/Device/ST/STM32F4xx/Include -I../Drivers/CMSIS/Include -O0 -ffunction-sections -fdata-sections -Wall -fstack-usage -fcyclomatic-complexity -MMD -MP -MF"Drivers/STM32F4xx_HAL_Driver/Src/stm32f4xx_hal_uart.d" -MT"Drivers/STM32F4xx_HAL_Driver/Src/stm32f4xx_hal_uart.o" --specs=nano.specs -mfpu=fpv4-sp-d16 -mfloat-abi=hard -mthumb -o "Drivers/STM32F4xx_HAL_Driver/Src/stm32f4xx_hal_uart.o"
arm-none-eabi-gcc "../Drivers/STM32F4xx_HAL_Driver/Src/stm32f4xx_ll_adc.c" -mcpu=cortex-m4 -std=gnu11 -g3 -DDEBUG -DUSE_HAL_DRIVER -DSTM32F407xx -c -I../Core/Inc -I../Drivers/STM32F4xx_HAL_Driver/Inc -I../Drivers/STM32F4xx_HAL_Driver/Inc/Legacy -I../Drivers/CMSIS/Device/ST/STM32F4xx/Include -I../Drivers/CMSIS/Include -O0 -ffunction-sections -fdata-sections -Wall -fstack-usage -fcyclomatic-complexity -MMD -MP -MF"Drivers/STM32F4xx_HAL_Driver/Src/stm32f4xx_ll_adc.d" -MT"Drivers/STM32F4xx_HAL_Driver/Src/stm32f4xx_ll_adc.o" --specs=nano.specs -mfpu=fpv4-sp-d16 -mfloat-abi=hard -mthumb -o "Drivers/STM32F4xx_HAL_Driver/Src/stm32f4xx_ll_adc.o"
arm-none-eabi-gcc -mcpu=cortex-m4 -g3 -DDEBUG -c -x assembler-with-cpp -MMD -MP -MF"Core/Startup/startup_stm32f407vgtx.d" -MT"Core/Startup/startup_stm32f407vgtx.o" --specs=nano.specs -mfpu=fpv4-sp-d16 -mfloat-abi=hard -mthumb -o "Core/Startup/startup_stm32f407vgtx.o" "../Core/Startup/startup_stm32f407vgtx.s"
arm-none-eabi-gcc "../Core/Src/main.c" -mcpu=cortex-m4 -std=gnu11 -g3 -DDEBUG -DUSE_HAL_DRIVER -DSTM32F407xx -c -I../Core/Inc -I../Drivers/STM32F4xx_HAL_Driver/Inc -I../Drivers/STM32F4xx_HAL_Driver/Inc/Legacy -I../Drivers/CMSIS/Device/ST/STM32F4xx/Include -I../Drivers/CMSIS/Include -O0 -ffunction-sections -fdata-sections -Wall -fstack-usage -fcyclomatic-complexity -MMD -MP -MF"Core/Src/main.d" -MT"Core/Src/main.o" --specs=nano.specs -mfpu=fpv4-sp-d16 -mfloat-abi=hard -mthumb -o "Core/Src/main.o"
arm-none-eabi-gcc "../Core/Src/stm32f4xx_hal_msp.c" -mcpu=cortex-m4 -std=gnu11 -g3 -DDEBUG -DUSE_HAL_DRIVER -DSTM32F407xx -c -I../Core/Inc -I../Drivers/STM32F4xx_HAL_Driver/Inc -I../Drivers/STM32F4xx_HAL_Driver/Inc/Legacy -I../Drivers/CMSIS/Device/ST/STM32F4xx/Include -I../Drivers/CMSIS/Include -O0 -ffunction-sections -fdata-sections -Wall -fstack-usage -fcyclomatic-complexity -MMD -MP -MF"Core/Src/stm32f4xx_hal_msp.d" -MT"Core/Src/stm32f4xx_hal_msp.o" --specs=nano.specs -mfpu=fpv4-sp-d16 -mfloat-abi=hard -mthumb -o "Core/Src/stm32f4xx_hal_msp.o"
arm-none-eabi-gcc "../Core/Src/stm32f4xx_it.c" -mcpu=cortex-m4 -std=gnu11 -g3 -DDEBUG -DUSE_HAL_DRIVER -DSTM32F407xx -c -I../Core/Inc -I../Drivers/STM32F4xx_HAL_Driver/Inc -I../Drivers/STM32F4xx_HAL_Driver/Inc/Legacy -I../Drivers/CMSIS/Device/ST/STM32F4xx/Include -I../Drivers/CMSIS/Include -O0 -ffunction-sections -fdata-sections -Wall -fstack-usage -fcyclomatic-complexity -MMD -MP -MF"Core/Src/stm32f4xx_it.d" -MT"Core/Src/stm32f4xx_it.o" --specs=nano.specs -mfpu=fpv4-sp-d16 -mfloat-abi=hard -mthumb -o "Core/Src/stm32f4xx_it.o"
arm-none-eabi-gcc "../Core/Src/syscalls.c" -mcpu=cortex-m4 -std=gnu11 -g3 -DDEBUG -DUSE_HAL_DRIVER -DSTM32F407xx -c -I../Core/Inc -I../Drivers/STM32F4xx_HAL_Driver/Inc -I../Drivers/STM32F4xx_HAL_Driver/Inc/Legacy -I../Drivers/CMSIS/Device/ST/STM32F4xx/Include -I../Drivers/CMSIS/Include -O0 -ffunction-sections -fdata-sections -Wall -fstack-usage -fcyclomatic-complexity -MMD -MP -MF"Core/Src/syscalls.d" -MT"Core/Src/syscalls.o" --specs=nano.specs -mfpu=fpv4-sp-d16 -mfloat-abi=hard -mthumb -o "Core/Src/syscalls.o"
arm-none-eabi-gcc "../Core/Src/sysmem.c" -mcpu=cortex-m4 -std=gnu11 -g3 -DDEBUG -DUSE_HAL_DRIVER -DSTM32F407xx -c -I../Core/Inc -I../Drivers/STM32F4xx_HAL_Driver/Inc -I../Drivers/STM32F4xx_HAL_Driver/Inc/Legacy -I../Drivers/CMSIS/Device/ST/STM32F4xx/Include -I../Drivers/CMSIS/Include -O0 -ffunction-sections -fdata-sections -Wall -fstack-usage -fcyclomatic-complexity -MMD -MP -MF"Core/Src/sysmem.d" -MT"Core/Src/sysmem.o" --specs=nano.specs -mfpu=fpv4-sp-d16 -mfloat-abi=hard -mthumb -o "Core/Src/sysmem.o"
arm-none-eabi-gcc "../Core/Src/system_stm32f4xx.c" -mcpu=cortex-m4 -std=gnu11 -g3 -DDEBUG -DUSE_HAL_DRIVER -DSTM32F407xx -c -I../Core/Inc -I../Drivers/STM32F4xx_HAL_Driver/Inc -I../Drivers/STM32F4xx_HAL_Driver/Inc/Legacy -I../Drivers/CMSIS/Device/ST/STM32F4xx/Include -I../Drivers/CMSIS/Include -O0 -ffunction-sections -fdata-sections -Wall -fstack-usage -fcyclomatic-complexity -MMD -MP -MF"Core/Src/system_stm32f4xx.d" -MT"Core/Src/system_stm32f4xx.o" --specs=nano.specs -mfpu=fpv4-sp-d16 -mfloat-abi=hard -mthumb -o "Core/Src/system_stm32f4xx.o"
arm-none-eabi-gcc -o "mq35.elf" @"objects.list"   -mcpu=cortex-m4 -T"C:\Users\sakshi\Desktop\internshipdata\ARM_94095_sakshi\smart_env_monitor\mq35\STM32F407VGTX_FLASH.ld" --specs=nosys.specs -Wl,-Map="mq35.map" -Wl,--gc-sections -static --specs=nano.specs -mfpu=fpv4-sp-d16 -mfloat-abi=hard -mthumb -Wl,--start-group -lc -lm -Wl,--end-group
Finished building target: mq35.elf
 
arm-none-eabi-size  mq35.elf 
arm-none-eabi-objdump -h -S mq35.elf  > "mq35.list"
   text	   data	    bss	    dec	    hex	filename
  13380	     92	   2044	  15516	   3c9c	mq35.elf
Finished building: default.size.stdout
 
Finished building: mq35.list
 
14:12:17 **** Incremental Build of configuration Debug for project mq35 ****
make -j28 all 
arm-none-eabi-size  mq35.elf 
   text	   data	    bss	    dec	    hex	filename
  13380	     92	   2044	  15516	   3c9c	mq35.elf
Finished building: default.size.stdout
 
14:12:34 **** Incremental Build of configuration Debug for project mq35 ****
make -j28 all 
arm-none-eabi-size  mq35.elf 
   text	   data	    bss	    dec	    hex	filename
  13380	     92	   2044	  15516	   3c9c	mq35.elf
Finished building: default.size.stdout
 
14:21:30 **** Incremental Build of configuration Debug for project LDR ****
make -j28 all 
arm-none-eabi-size  LDR.elf 
   text	   data	    bss	    dec	    hex	filename
  13292	     92	   2044	  15428	   3c44	LDR.elf
Finished building: default.size.stdout
 
14:21:30 **** Incremental Build of configuration Debug for project LDRrr2 ****
make -j28 all 
arm-none-eabi-size  LDRrr2.elf 
   text	   data	    bss	    dec	    hex	filename
  13292	     92	   2044	  15428	   3c44	LDRrr2.elf
Finished building: default.size.stdout
 
14:21:31 **** Incremental Build of configuration Debug for project hal_switch ****
make -j28 all 
arm-none-eabi-size  hal_switch.elf 
   text	   data	    bss	    dec	    hex	filename
   5936	     12	   1572	   7520	   1d60	hal_switch.elf
Finished building: default.size.stdout
 
14:21:31 **** Incremental Build of configuration Debug for project mq35 ****
make -j28 all 
arm-none-eabi-gcc "../Drivers/STM32F4xx_HAL_Driver/Src/stm32f4xx_hal.c" -mcpu=cortex-m4 -std=gnu11 -g3 -DDEBUG -DUSE_HAL_DRIVER -DSTM32F407xx -c -I../Core/Inc -I../Drivers/STM32F4xx_HAL_Driver/Inc -I../Drivers/STM32F4xx_HAL_Driver/Inc/Legacy -I../Drivers/CMSIS/Device/ST/STM32F4xx/Include -I../Drivers/CMSIS/Include -O0 -ffunction-sections -fdata-sections -Wall -fstack-usage -fcyclomatic-complexity -MMD -MP -MF"Drivers/STM32F4xx_HAL_Driver/Src/stm32f4xx_hal.d" -MT"Drivers/STM32F4xx_HAL_Driver/Src/stm32f4xx_hal.o" --specs=nano.specs -mfpu=fpv4-sp-d16 -mfloat-abi=hard -mthumb -o "Drivers/STM32F4xx_HAL_Driver/Src/stm32f4xx_hal.o"
arm-none-eabi-gcc "../Drivers/STM32F4xx_HAL_Driver/Src/stm32f4xx_hal_adc.c" -mcpu=cortex-m4 -std=gnu11 -g3 -DDEBUG -DUSE_HAL_DRIVER -DSTM32F407xx -c -I../Core/Inc -I../Drivers/STM32F4xx_HAL_Driver/Inc -I../Drivers/STM32F4xx_HAL_Driver/Inc/Legacy -I../Drivers/CMSIS/Device/ST/STM32F4xx/Include -I../Drivers/CMSIS/Include -O0 -ffunction-sections -fdata-sections -Wall -fstack-usage -fcyclomatic-complexity -MMD -MP -MF"Drivers/STM32F4xx_HAL_Driver/Src/stm32f4xx_hal_adc.d" -MT"Drivers/STM32F4xx_HAL_Driver/Src/stm32f4xx_hal_adc.o" --specs=nano.specs -mfpu=fpv4-sp-d16 -mfloat-abi=hard -mthumb -o "Drivers/STM32F4xx_HAL_Driver/Src/stm32f4xx_hal_adc.o"
arm-none-eabi-gcc "../Drivers/STM32F4xx_HAL_Driver/Src/stm32f4xx_hal_adc_ex.c" -mcpu=cortex-m4 -std=gnu11 -g3 -DDEBUG -DUSE_HAL_DRIVER -DSTM32F407xx -c -I../Core/Inc -I../Drivers/STM32F4xx_HAL_Driver/Inc -I../Drivers/STM32F4xx_HAL_Driver/Inc/Legacy -I../Drivers/CMSIS/Device/ST/STM32F4xx/Include -I../Drivers/CMSIS/Include -O0 -ffunction-sections -fdata-sections -Wall -fstack-usage -fcyclomatic-complexity -MMD -MP -MF"Drivers/STM32F4xx_HAL_Driver/Src/stm32f4xx_hal_adc_ex.d" -MT"Drivers/STM32F4xx_HAL_Driver/Src/stm32f4xx_hal_adc_ex.o" --specs=nano.specs -mfpu=fpv4-sp-d16 -mfloat-abi=hard -mthumb -o "Drivers/STM32F4xx_HAL_Driver/Src/stm32f4xx_hal_adc_ex.o"
arm-none-eabi-gcc "../Drivers/STM32F4xx_HAL_Driver/Src/stm32f4xx_hal_cortex.c" -mcpu=cortex-m4 -std=gnu11 -g3 -DDEBUG -DUSE_HAL_DRIVER -DSTM32F407xx -c -I../Core/Inc -I../Drivers/STM32F4xx_HAL_Driver/Inc -I../Drivers/STM32F4xx_HAL_Driver/Inc/Legacy -I../Drivers/CMSIS/Device/ST/STM32F4xx/Include -I../Drivers/CMSIS/Include -O0 -ffunction-sections -fdata-sections -Wall -fstack-usage -fcyclomatic-complexity -MMD -MP -MF"Drivers/STM32F4xx_HAL_Driver/Src/stm32f4xx_hal_cortex.d" -MT"Drivers/STM32F4xx_HAL_Driver/Src/stm32f4xx_hal_cortex.o" --specs=nano.specs -mfpu=fpv4-sp-d16 -mfloat-abi=hard -mthumb -o "Drivers/STM32F4xx_HAL_Driver/Src/stm32f4xx_hal_cortex.o"
arm-none-eabi-gcc "../Drivers/STM32F4xx_HAL_Driver/Src/stm32f4xx_hal_dma.c" -mcpu=cortex-m4 -std=gnu11 -g3 -DDEBUG -DUSE_HAL_DRIVER -DSTM32F407xx -c -I../Core/Inc -I../Drivers/STM32F4xx_HAL_Driver/Inc -I../Drivers/STM32F4xx_HAL_Driver/Inc/Legacy -I../Drivers/CMSIS/Device/ST/STM32F4xx/Include -I../Drivers/CMSIS/Include -O0 -ffunction-sections -fdata-sections -Wall -fstack-usage -fcyclomatic-complexity -MMD -MP -MF"Drivers/STM32F4xx_HAL_Driver/Src/stm32f4xx_hal_dma.d" -MT"Drivers/STM32F4xx_HAL_Driver/Src/stm32f4xx_hal_dma.o" --specs=nano.specs -mfpu=fpv4-sp-d16 -mfloat-abi=hard -mthumb -o "Drivers/STM32F4xx_HAL_Driver/Src/stm32f4xx_hal_dma.o"
arm-none-eabi-gcc "../Drivers/STM32F4xx_HAL_Driver/Src/stm32f4xx_hal_dma_ex.c" -mcpu=cortex-m4 -std=gnu11 -g3 -DDEBUG -DUSE_HAL_DRIVER -DSTM32F407xx -c -I../Core/Inc -I../Drivers/STM32F4xx_HAL_Driver/Inc -I../Drivers/STM32F4xx_HAL_Driver/Inc/Legacy -I../Drivers/CMSIS/Device/ST/STM32F4xx/Include -I../Drivers/CMSIS/Include -O0 -ffunction-sections -fdata-sections -Wall -fstack-usage -fcyclomatic-complexity -MMD -MP -MF"Drivers/STM32F4xx_HAL_Driver/Src/stm32f4xx_hal_dma_ex.d" -MT"Drivers/STM32F4xx_HAL_Driver/Src/stm32f4xx_hal_dma_ex.o" --specs=nano.specs -mfpu=fpv4-sp-d16 -mfloat-abi=hard -mthumb -o "Drivers/STM32F4xx_HAL_Driver/Src/stm32f4xx_hal_dma_ex.o"
arm-none-eabi-gcc "../Drivers/STM32F4xx_HAL_Driver/Src/stm32f4xx_hal_exti.c" -mcpu=cortex-m4 -std=gnu11 -g3 -DDEBUG -DUSE_HAL_DRIVER -DSTM32F407xx -c -I../Core/Inc -I../Drivers/STM32F4xx_HAL_Driver/Inc -I../Drivers/STM32F4xx_HAL_Driver/Inc/Legacy -I../Drivers/CMSIS/Device/ST/STM32F4xx/Include -I../Drivers/CMSIS/Include -O0 -ffunction-sections -fdata-sections -Wall -fstack-usage -fcyclomatic-complexity -MMD -MP -MF"Drivers/STM32F4xx_HAL_Driver/Src/stm32f4xx_hal_exti.d" -MT"Drivers/STM32F4xx_HAL_Driver/Src/stm32f4xx_hal_exti.o" --specs=nano.specs -mfpu=fpv4-sp-d16 -mfloat-abi=hard -mthumb -o "Drivers/STM32F4xx_HAL_Driver/Src/stm32f4xx_hal_exti.o"
arm-none-eabi-gcc "../Drivers/STM32F4xx_HAL_Driver/Src/stm32f4xx_hal_flash.c" -mcpu=cortex-m4 -std=gnu11 -g3 -DDEBUG -DUSE_HAL_DRIVER -DSTM32F407xx -c -I../Core/Inc -I../Drivers/STM32F4xx_HAL_Driver/Inc -I../Drivers/STM32F4xx_HAL_Driver/Inc/Legacy -I../Drivers/CMSIS/Device/ST/STM32F4xx/Include -I../Drivers/CMSIS/Include -O0 -ffunction-sections -fdata-sections -Wall -fstack-usage -fcyclomatic-complexity -MMD -MP -MF"Drivers/STM32F4xx_HAL_Driver/Src/stm32f4xx_hal_flash.d" -MT"Drivers/STM32F4xx_HAL_Driver/Src/stm32f4xx_hal_flash.o" --specs=nano.specs -mfpu=fpv4-sp-d16 -mfloat-abi=hard -mthumb -o "Drivers/STM32F4xx_HAL_Driver/Src/stm32f4xx_hal_flash.o"
arm-none-eabi-gcc "../Drivers/STM32F4xx_HAL_Driver/Src/stm32f4xx_hal_flash_ex.c" -mcpu=cortex-m4 -std=gnu11 -g3 -DDEBUG -DUSE_HAL_DRIVER -DSTM32F407xx -c -I../Core/Inc -I../Drivers/STM32F4xx_HAL_Driver/Inc -I../Drivers/STM32F4xx_HAL_Driver/Inc/Legacy -I../Drivers/CMSIS/Device/ST/STM32F4xx/Include -I../Drivers/CMSIS/Include -O0 -ffunction-sections -fdata-sections -Wall -fstack-usage -fcyclomatic-complexity -MMD -MP -MF"Drivers/STM32F4xx_HAL_Driver/Src/stm32f4xx_hal_flash_ex.d" -MT"Drivers/STM32F4xx_HAL_Driver/Src/stm32f4xx_hal_flash_ex.o" --specs=nano.specs -mfpu=fpv4-sp-d16 -mfloat-abi=hard -mthumb -o "Drivers/STM32F4xx_HAL_Driver/Src/stm32f4xx_hal_flash_ex.o"
arm-none-eabi-gcc "../Drivers/STM32F4xx_HAL_Driver/Src/stm32f4xx_hal_flash_ramfunc.c" -mcpu=cortex-m4 -std=gnu11 -g3 -DDEBUG -DUSE_HAL_DRIVER -DSTM32F407xx -c -I../Core/Inc -I../Drivers/STM32F4xx_HAL_Driver/Inc -I../Drivers/STM32F4xx_HAL_Driver/Inc/Legacy -I../Drivers/CMSIS/Device/ST/STM32F4xx/Include -I../Drivers/CMSIS/Include -O0 -ffunction-sections -fdata-sections -Wall -fstack-usage -fcyclomatic-complexity -MMD -MP -MF"Drivers/STM32F4xx_HAL_Driver/Src/stm32f4xx_hal_flash_ramfunc.d" -MT"Drivers/STM32F4xx_HAL_Driver/Src/stm32f4xx_hal_flash_ramfunc.o" --specs=nano.specs -mfpu=fpv4-sp-d16 -mfloat-abi=hard -mthumb -o "Drivers/STM32F4xx_HAL_Driver/Src/stm32f4xx_hal_flash_ramfunc.o"
arm-none-eabi-gcc "../Drivers/STM32F4xx_HAL_Driver/Src/stm32f4xx_hal_gpio.c" -mcpu=cortex-m4 -std=gnu11 -g3 -DDEBUG -DUSE_HAL_DRIVER -DSTM32F407xx -c -I../Core/Inc -I../Drivers/STM32F4xx_HAL_Driver/Inc -I../Drivers/STM32F4xx_HAL_Driver/Inc/Legacy -I../Drivers/CMSIS/Device/ST/STM32F4xx/Include -I../Drivers/CMSIS/Include -O0 -ffunction-sections -fdata-sections -Wall -fstack-usage -fcyclomatic-complexity -MMD -MP -MF"Drivers/STM32F4xx_HAL_Driver/Src/stm32f4xx_hal_gpio.d" -MT"Drivers/STM32F4xx_HAL_Driver/Src/stm32f4xx_hal_gpio.o" --specs=nano.specs -mfpu=fpv4-sp-d16 -mfloat-abi=hard -mthumb -o "Drivers/STM32F4xx_HAL_Driver/Src/stm32f4xx_hal_gpio.o"
arm-none-eabi-gcc "../Drivers/STM32F4xx_HAL_Driver/Src/stm32f4xx_hal_i2c.c" -mcpu=cortex-m4 -std=gnu11 -g3 -DDEBUG -DUSE_HAL_DRIVER -DSTM32F407xx -c -I../Core/Inc -I../Drivers/STM32F4xx_HAL_Driver/Inc -I../Drivers/STM32F4xx_HAL_Driver/Inc/Legacy -I../Drivers/CMSIS/Device/ST/STM32F4xx/Include -I../Drivers/CMSIS/Include -O0 -ffunction-sections -fdata-sections -Wall -fstack-usage -fcyclomatic-complexity -MMD -MP -MF"Drivers/STM32F4xx_HAL_Driver/Src/stm32f4xx_hal_i2c.d" -MT"Drivers/STM32F4xx_HAL_Driver/Src/stm32f4xx_hal_i2c.o" --specs=nano.specs -mfpu=fpv4-sp-d16 -mfloat-abi=hard -mthumb -o "Drivers/STM32F4xx_HAL_Driver/Src/stm32f4xx_hal_i2c.o"
arm-none-eabi-gcc "../Drivers/STM32F4xx_HAL_Driver/Src/stm32f4xx_hal_i2c_ex.c" -mcpu=cortex-m4 -std=gnu11 -g3 -DDEBUG -DUSE_HAL_DRIVER -DSTM32F407xx -c -I../Core/Inc -I../Drivers/STM32F4xx_HAL_Driver/Inc -I../Drivers/STM32F4xx_HAL_Driver/Inc/Legacy -I../Drivers/CMSIS/Device/ST/STM32F4xx/Include -I../Drivers/CMSIS/Include -O0 -ffunction-sections -fdata-sections -Wall -fstack-usage -fcyclomatic-complexity -MMD -MP -MF"Drivers/STM32F4xx_HAL_Driver/Src/stm32f4xx_hal_i2c_ex.d" -MT"Drivers/STM32F4xx_HAL_Driver/Src/stm32f4xx_hal_i2c_ex.o" --specs=nano.specs -mfpu=fpv4-sp-d16 -mfloat-abi=hard -mthumb -o "Drivers/STM32F4xx_HAL_Driver/Src/stm32f4xx_hal_i2c_ex.o"
arm-none-eabi-gcc "../Drivers/STM32F4xx_HAL_Driver/Src/stm32f4xx_hal_pwr.c" -mcpu=cortex-m4 -std=gnu11 -g3 -DDEBUG -DUSE_HAL_DRIVER -DSTM32F407xx -c -I../Core/Inc -I../Drivers/STM32F4xx_HAL_Driver/Inc -I../Drivers/STM32F4xx_HAL_Driver/Inc/Legacy -I../Drivers/CMSIS/Device/ST/STM32F4xx/Include -I../Drivers/CMSIS/Include -O0 -ffunction-sections -fdata-sections -Wall -fstack-usage -fcyclomatic-complexity -MMD -MP -MF"Drivers/STM32F4xx_HAL_Driver/Src/stm32f4xx_hal_pwr.d" -MT"Drivers/STM32F4xx_HAL_Driver/Src/stm32f4xx_hal_pwr.o" --specs=nano.specs -mfpu=fpv4-sp-d16 -mfloat-abi=hard -mthumb -o "Drivers/STM32F4xx_HAL_Driver/Src/stm32f4xx_hal_pwr.o"
arm-none-eabi-gcc "../Drivers/STM32F4xx_HAL_Driver/Src/stm32f4xx_hal_pwr_ex.c" -mcpu=cortex-m4 -std=gnu11 -g3 -DDEBUG -DUSE_HAL_DRIVER -DSTM32F407xx -c -I../Core/Inc -I../Drivers/STM32F4xx_HAL_Driver/Inc -I../Drivers/STM32F4xx_HAL_Driver/Inc/Legacy -I../Drivers/CMSIS/Device/ST/STM32F4xx/Include -I../Drivers/CMSIS/Include -O0 -ffunction-sections -fdata-sections -Wall -fstack-usage -fcyclomatic-complexity -MMD -MP -MF"Drivers/STM32F4xx_HAL_Driver/Src/stm32f4xx_hal_pwr_ex.d" -MT"Drivers/STM32F4xx_HAL_Driver/Src/stm32f4xx_hal_pwr_ex.o" --specs=nano.specs -mfpu=fpv4-sp-d16 -mfloat-abi=hard -mthumb -o "Drivers/STM32F4xx_HAL_Driver/Src/stm32f4xx_hal_pwr_ex.o"
arm-none-eabi-gcc "../Drivers/STM32F4xx_HAL_Driver/Src/stm32f4xx_hal_rcc.c" -mcpu=cortex-m4 -std=gnu11 -g3 -DDEBUG -DUSE_HAL_DRIVER -DSTM32F407xx -c -I../Core/Inc -I../Drivers/STM32F4xx_HAL_Driver/Inc -I../Drivers/STM32F4xx_HAL_Driver/Inc/Legacy -I../Drivers/CMSIS/Device/ST/STM32F4xx/Include -I../Drivers/CMSIS/Include -O0 -ffunction-sections -fdata-sections -Wall -fstack-usage -fcyclomatic-complexity -MMD -MP -MF"Drivers/STM32F4xx_HAL_Driver/Src/stm32f4xx_hal_rcc.d" -MT"Drivers/STM32F4xx_HAL_Driver/Src/stm32f4xx_hal_rcc.o" --specs=nano.specs -mfpu=fpv4-sp-d16 -mfloat-abi=hard -mthumb -o "Drivers/STM32F4xx_HAL_Driver/Src/stm32f4xx_hal_rcc.o"
arm-none-eabi-gcc "../Drivers/STM32F4xx_HAL_Driver/Src/stm32f4xx_hal_rcc_ex.c" -mcpu=cortex-m4 -std=gnu11 -g3 -DDEBUG -DUSE_HAL_DRIVER -DSTM32F407xx -c -I../Core/Inc -I../Drivers/STM32F4xx_HAL_Driver/Inc -I../Drivers/STM32F4xx_HAL_Driver/Inc/Legacy -I../Drivers/CMSIS/Device/ST/STM32F4xx/Include -I../Drivers/CMSIS/Include -O0 -ffunction-sections -fdata-sections -Wall -fstack-usage -fcyclomatic-complexity -MMD -MP -MF"Drivers/STM32F4xx_HAL_Driver/Src/stm32f4xx_hal_rcc_ex.d" -MT"Drivers/STM32F4xx_HAL_Driver/Src/stm32f4xx_hal_rcc_ex.o" --specs=nano.specs -mfpu=fpv4-sp-d16 -mfloat-abi=hard -mthumb -o "Drivers/STM32F4xx_HAL_Driver/Src/stm32f4xx_hal_rcc_ex.o"
arm-none-eabi-gcc "../Drivers/STM32F4xx_HAL_Driver/Src/stm32f4xx_hal_uart.c" -mcpu=cortex-m4 -std=gnu11 -g3 -DDEBUG -DUSE_HAL_DRIVER -DSTM32F407xx -c -I../Core/Inc -I../Drivers/STM32F4xx_HAL_Driver/Inc -I../Drivers/STM32F4xx_HAL_Driver/Inc/Legacy -I../Drivers/CMSIS/Device/ST/STM32F4xx/Include -I../Drivers/CMSIS/Include -O0 -ffunction-sections -fdata-sections -Wall -fstack-usage -fcyclomatic-complexity -MMD -MP -MF"Drivers/STM32F4xx_HAL_Driver/Src/stm32f4xx_hal_uart.d" -MT"Drivers/STM32F4xx_HAL_Driver/Src/stm32f4xx_hal_uart.o" --specs=nano.specs -mfpu=fpv4-sp-d16 -mfloat-abi=hard -mthumb -o "Drivers/STM32F4xx_HAL_Driver/Src/stm32f4xx_hal_uart.o"
arm-none-eabi-gcc "../Drivers/STM32F4xx_HAL_Driver/Src/stm32f4xx_ll_adc.c" -mcpu=cortex-m4 -std=gnu11 -g3 -DDEBUG -DUSE_HAL_DRIVER -DSTM32F407xx -c -I../Core/Inc -I../Drivers/STM32F4xx_HAL_Driver/Inc -I../Drivers/STM32F4xx_HAL_Driver/Inc/Legacy -I../Drivers/CMSIS/Device/ST/STM32F4xx/Include -I../Drivers/CMSIS/Include -O0 -ffunction-sections -fdata-sections -Wall -fstack-usage -fcyclomatic-complexity -MMD -MP -MF"Drivers/STM32F4xx_HAL_Driver/Src/stm32f4xx_ll_adc.d" -MT"Drivers/STM32F4xx_HAL_Driver/Src/stm32f4xx_ll_adc.o" --specs=nano.specs -mfpu=fpv4-sp-d16 -mfloat-abi=hard -mthumb -o "Drivers/STM32F4xx_HAL_Driver/Src/stm32f4xx_ll_adc.o"
arm-none-eabi-gcc "../Core/Src/main.c" -mcpu=cortex-m4 -std=gnu11 -g3 -DDEBUG -DUSE_HAL_DRIVER -DSTM32F407xx -c -I../Core/Inc -I../Drivers/STM32F4xx_HAL_Driver/Inc -I../Drivers/STM32F4xx_HAL_Driver/Inc/Legacy -I../Drivers/CMSIS/Device/ST/STM32F4xx/Include -I../Drivers/CMSIS/Include -O0 -ffunction-sections -fdata-sections -Wall -fstack-usage -fcyclomatic-complexity -MMD -MP -MF"Core/Src/main.d" -MT"Core/Src/main.o" --specs=nano.specs -mfpu=fpv4-sp-d16 -mfloat-abi=hard -mthumb -o "Core/Src/main.o"
arm-none-eabi-gcc "../Core/Src/stm32f4xx_hal_msp.c" -mcpu=cortex-m4 -std=gnu11 -g3 -DDEBUG -DUSE_HAL_DRIVER -DSTM32F407xx -c -I../Core/Inc -I../Drivers/STM32F4xx_HAL_Driver/Inc -I../Drivers/STM32F4xx_HAL_Driver/Inc/Legacy -I../Drivers/CMSIS/Device/ST/STM32F4xx/Include -I../Drivers/CMSIS/Include -O0 -ffunction-sections -fdata-sections -Wall -fstack-usage -fcyclomatic-complexity -MMD -MP -MF"Core/Src/stm32f4xx_hal_msp.d" -MT"Core/Src/stm32f4xx_hal_msp.o" --specs=nano.specs -mfpu=fpv4-sp-d16 -mfloat-abi=hard -mthumb -o "Core/Src/stm32f4xx_hal_msp.o"
arm-none-eabi-gcc "../Core/Src/stm32f4xx_it.c" -mcpu=cortex-m4 -std=gnu11 -g3 -DDEBUG -DUSE_HAL_DRIVER -DSTM32F407xx -c -I../Core/Inc -I../Drivers/STM32F4xx_HAL_Driver/Inc -I../Drivers/STM32F4xx_HAL_Driver/Inc/Legacy -I../Drivers/CMSIS/Device/ST/STM32F4xx/Include -I../Drivers/CMSIS/Include -O0 -ffunction-sections -fdata-sections -Wall -fstack-usage -fcyclomatic-complexity -MMD -MP -MF"Core/Src/stm32f4xx_it.d" -MT"Core/Src/stm32f4xx_it.o" --specs=nano.specs -mfpu=fpv4-sp-d16 -mfloat-abi=hard -mthumb -o "Core/Src/stm32f4xx_it.o"
arm-none-eabi-gcc "../Core/Src/system_stm32f4xx.c" -mcpu=cortex-m4 -std=gnu11 -g3 -DDEBUG -DUSE_HAL_DRIVER -DSTM32F407xx -c -I../Core/Inc -I../Drivers/STM32F4xx_HAL_Driver/Inc -I../Drivers/STM32F4xx_HAL_Driver/Inc/Legacy -I../Drivers/CMSIS/Device/ST/STM32F4xx/Include -I../Drivers/CMSIS/Include -O0 -ffunction-sections -fdata-sections -Wall -fstack-usage -fcyclomatic-complexity -MMD -MP -MF"Core/Src/system_stm32f4xx.d" -MT"Core/Src/system_stm32f4xx.o" --specs=nano.specs -mfpu=fpv4-sp-d16 -mfloat-abi=hard -mthumb -o "Core/Src/system_stm32f4xx.o"
arm-none-eabi-gcc -o "mq35.elf" @"objects.list"   -mcpu=cortex-m4 -T"C:\Users\sakshi\Desktop\internshipdata\ARM_94095_sakshi\smart_env_monitor\mq35\STM32F407VGTX_FLASH.ld" --specs=nosys.specs -Wl,-Map="mq35.map" -Wl,--gc-sections -static --specs=nano.specs -mfpu=fpv4-sp-d16 -mfloat-abi=hard -mthumb -Wl,--start-group -lc -lm -Wl,--end-group
Finished building target: mq35.elf
 
arm-none-eabi-size  mq35.elf 
arm-none-eabi-objdump -h -S mq35.elf  > "mq35.list"
   text	   data	    bss	    dec	    hex	filename
  13328	     92	   2044	  15464	   3c68	mq35.elf
Finished building: default.size.stdout
 
Finished building: mq35.list
 
14:21:35 **** Incremental Build of configuration Debug for project smart_env_monitor ****
make -j28 all 
arm-none-eabi-size  smart_env_monitor.elf 
   text	   data	    bss	    dec	    hex	filename
   6464	     12	   1572	   8048	   1f70	smart_env_monitor.elf
Finished building: default.size.stdout
 
14:44:05 **** Build of configuration Debug for project mq2_lcd ****
make -j28 all 
arm-none-eabi-gcc "../Drivers/STM32F4xx_HAL_Driver/Src/stm32f4xx_hal.c" -mcpu=cortex-m4 -std=gnu11 -g3 -DDEBUG -DUSE_HAL_DRIVER -DSTM32F407xx -c -I../Core/Inc -I../Drivers/STM32F4xx_HAL_Driver/Inc -I../Drivers/STM32F4xx_HAL_Driver/Inc/Legacy -I../Drivers/CMSIS/Device/ST/STM32F4xx/Include -I../Drivers/CMSIS/Include -O0 -ffunction-sections -fdata-sections -Wall -fstack-usage -fcyclomatic-complexity -MMD -MP -MF"Drivers/STM32F4xx_HAL_Driver/Src/stm32f4xx_hal.d" -MT"Drivers/STM32F4xx_HAL_Driver/Src/stm32f4xx_hal.o" --specs=nano.specs -mfpu=fpv4-sp-d16 -mfloat-abi=hard -mthumb -o "Drivers/STM32F4xx_HAL_Driver/Src/stm32f4xx_hal.o"
arm-none-eabi-gcc "../Drivers/STM32F4xx_HAL_Driver/Src/stm32f4xx_hal_cortex.c" -mcpu=cortex-m4 -std=gnu11 -g3 -DDEBUG -DUSE_HAL_DRIVER -DSTM32F407xx -c -I../Core/Inc -I../Drivers/STM32F4xx_HAL_Driver/Inc -I../Drivers/STM32F4xx_HAL_Driver/Inc/Legacy -I../Drivers/CMSIS/Device/ST/STM32F4xx/Include -I../Drivers/CMSIS/Include -O0 -ffunction-sections -fdata-sections -Wall -fstack-usage -fcyclomatic-complexity -MMD -MP -MF"Drivers/STM32F4xx_HAL_Driver/Src/stm32f4xx_hal_cortex.d" -MT"Drivers/STM32F4xx_HAL_Driver/Src/stm32f4xx_hal_cortex.o" --specs=nano.specs -mfpu=fpv4-sp-d16 -mfloat-abi=hard -mthumb -o "Drivers/STM32F4xx_HAL_Driver/Src/stm32f4xx_hal_cortex.o"
arm-none-eabi-gcc "../Drivers/STM32F4xx_HAL_Driver/Src/stm32f4xx_hal_dma.c" -mcpu=cortex-m4 -std=gnu11 -g3 -DDEBUG -DUSE_HAL_DRIVER -DSTM32F407xx -c -I../Core/Inc -I../Drivers/STM32F4xx_HAL_Driver/Inc -I../Drivers/STM32F4xx_HAL_Driver/Inc/Legacy -I../Drivers/CMSIS/Device/ST/STM32F4xx/Include -I../Drivers/CMSIS/Include -O0 -ffunction-sections -fdata-sections -Wall -fstack-usage -fcyclomatic-complexity -MMD -MP -MF"Drivers/STM32F4xx_HAL_Driver/Src/stm32f4xx_hal_dma.d" -MT"Drivers/STM32F4xx_HAL_Driver/Src/stm32f4xx_hal_dma.o" --specs=nano.specs -mfpu=fpv4-sp-d16 -mfloat-abi=hard -mthumb -o "Drivers/STM32F4xx_HAL_Driver/Src/stm32f4xx_hal_dma.o"
arm-none-eabi-gcc "../Drivers/STM32F4xx_HAL_Driver/Src/stm32f4xx_hal_dma_ex.c" -mcpu=cortex-m4 -std=gnu11 -g3 -DDEBUG -DUSE_HAL_DRIVER -DSTM32F407xx -c -I../Core/Inc -I../Drivers/STM32F4xx_HAL_Driver/Inc -I../Drivers/STM32F4xx_HAL_Driver/Inc/Legacy -I../Drivers/CMSIS/Device/ST/STM32F4xx/Include -I../Drivers/CMSIS/Include -O0 -ffunction-sections -fdata-sections -Wall -fstack-usage -fcyclomatic-complexity -MMD -MP -MF"Drivers/STM32F4xx_HAL_Driver/Src/stm32f4xx_hal_dma_ex.d" -MT"Drivers/STM32F4xx_HAL_Driver/Src/stm32f4xx_hal_dma_ex.o" --specs=nano.specs -mfpu=fpv4-sp-d16 -mfloat-abi=hard -mthumb -o "Drivers/STM32F4xx_HAL_Driver/Src/stm32f4xx_hal_dma_ex.o"
arm-none-eabi-gcc "../Drivers/STM32F4xx_HAL_Driver/Src/stm32f4xx_hal_exti.c" -mcpu=cortex-m4 -std=gnu11 -g3 -DDEBUG -DUSE_HAL_DRIVER -DSTM32F407xx -c -I../Core/Inc -I../Drivers/STM32F4xx_HAL_Driver/Inc -I../Drivers/STM32F4xx_HAL_Driver/Inc/Legacy -I../Drivers/CMSIS/Device/ST/STM32F4xx/Include -I../Drivers/CMSIS/Include -O0 -ffunction-sections -fdata-sections -Wall -fstack-usage -fcyclomatic-complexity -MMD -MP -MF"Drivers/STM32F4xx_HAL_Driver/Src/stm32f4xx_hal_exti.d" -MT"Drivers/STM32F4xx_HAL_Driver/Src/stm32f4xx_hal_exti.o" --specs=nano.specs -mfpu=fpv4-sp-d16 -mfloat-abi=hard -mthumb -o "Drivers/STM32F4xx_HAL_Driver/Src/stm32f4xx_hal_exti.o"
arm-none-eabi-gcc "../Drivers/STM32F4xx_HAL_Driver/Src/stm32f4xx_hal_flash.c" -mcpu=cortex-m4 -std=gnu11 -g3 -DDEBUG -DUSE_HAL_DRIVER -DSTM32F407xx -c -I../Core/Inc -I../Drivers/STM32F4xx_HAL_Driver/Inc -I../Drivers/STM32F4xx_HAL_Driver/Inc/Legacy -I../Drivers/CMSIS/Device/ST/STM32F4xx/Include -I../Drivers/CMSIS/Include -O0 -ffunction-sections -fdata-sections -Wall -fstack-usage -fcyclomatic-complexity -MMD -MP -MF"Drivers/STM32F4xx_HAL_Driver/Src/stm32f4xx_hal_flash.d" -MT"Drivers/STM32F4xx_HAL_Driver/Src/stm32f4xx_hal_flash.o" --specs=nano.specs -mfpu=fpv4-sp-d16 -mfloat-abi=hard -mthumb -o "Drivers/STM32F4xx_HAL_Driver/Src/stm32f4xx_hal_flash.o"
arm-none-eabi-gcc "../Drivers/STM32F4xx_HAL_Driver/Src/stm32f4xx_hal_flash_ex.c" -mcpu=cortex-m4 -std=gnu11 -g3 -DDEBUG -DUSE_HAL_DRIVER -DSTM32F407xx -c -I../Core/Inc -I../Drivers/STM32F4xx_HAL_Driver/Inc -I../Drivers/STM32F4xx_HAL_Driver/Inc/Legacy -I../Drivers/CMSIS/Device/ST/STM32F4xx/Include -I../Drivers/CMSIS/Include -O0 -ffunction-sections -fdata-sections -Wall -fstack-usage -fcyclomatic-complexity -MMD -MP -MF"Drivers/STM32F4xx_HAL_Driver/Src/stm32f4xx_hal_flash_ex.d" -MT"Drivers/STM32F4xx_HAL_Driver/Src/stm32f4xx_hal_flash_ex.o" --specs=nano.specs -mfpu=fpv4-sp-d16 -mfloat-abi=hard -mthumb -o "Drivers/STM32F4xx_HAL_Driver/Src/stm32f4xx_hal_flash_ex.o"
arm-none-eabi-gcc "../Drivers/STM32F4xx_HAL_Driver/Src/stm32f4xx_hal_flash_ramfunc.c" -mcpu=cortex-m4 -std=gnu11 -g3 -DDEBUG -DUSE_HAL_DRIVER -DSTM32F407xx -c -I../Core/Inc -I../Drivers/STM32F4xx_HAL_Driver/Inc -I../Drivers/STM32F4xx_HAL_Driver/Inc/Legacy -I../Drivers/CMSIS/Device/ST/STM32F4xx/Include -I../Drivers/CMSIS/Include -O0 -ffunction-sections -fdata-sections -Wall -fstack-usage -fcyclomatic-complexity -MMD -MP -MF"Drivers/STM32F4xx_HAL_Driver/Src/stm32f4xx_hal_flash_ramfunc.d" -MT"Drivers/STM32F4xx_HAL_Driver/Src/stm32f4xx_hal_flash_ramfunc.o" --specs=nano.specs -mfpu=fpv4-sp-d16 -mfloat-abi=hard -mthumb -o "Drivers/STM32F4xx_HAL_Driver/Src/stm32f4xx_hal_flash_ramfunc.o"
arm-none-eabi-gcc "../Drivers/STM32F4xx_HAL_Driver/Src/stm32f4xx_hal_gpio.c" -mcpu=cortex-m4 -std=gnu11 -g3 -DDEBUG -DUSE_HAL_DRIVER -DSTM32F407xx -c -I../Core/Inc -I../Drivers/STM32F4xx_HAL_Driver/Inc -I../Drivers/STM32F4xx_HAL_Driver/Inc/Legacy -I../Drivers/CMSIS/Device/ST/STM32F4xx/Include -I../Drivers/CMSIS/Include -O0 -ffunction-sections -fdata-sections -Wall -fstack-usage -fcyclomatic-complexity -MMD -MP -MF"Drivers/STM32F4xx_HAL_Driver/Src/stm32f4xx_hal_gpio.d" -MT"Drivers/STM32F4xx_HAL_Driver/Src/stm32f4xx_hal_gpio.o" --specs=nano.specs -mfpu=fpv4-sp-d16 -mfloat-abi=hard -mthumb -o "Drivers/STM32F4xx_HAL_Driver/Src/stm32f4xx_hal_gpio.o"
arm-none-eabi-gcc "../Drivers/STM32F4xx_HAL_Driver/Src/stm32f4xx_hal_i2c.c" -mcpu=cortex-m4 -std=gnu11 -g3 -DDEBUG -DUSE_HAL_DRIVER -DSTM32F407xx -c -I../Core/Inc -I../Drivers/STM32F4xx_HAL_Driver/Inc -I../Drivers/STM32F4xx_HAL_Driver/Inc/Legacy -I../Drivers/CMSIS/Device/ST/STM32F4xx/Include -I../Drivers/CMSIS/Include -O0 -ffunction-sections -fdata-sections -Wall -fstack-usage -fcyclomatic-complexity -MMD -MP -MF"Drivers/STM32F4xx_HAL_Driver/Src/stm32f4xx_hal_i2c.d" -MT"Drivers/STM32F4xx_HAL_Driver/Src/stm32f4xx_hal_i2c.o" --specs=nano.specs -mfpu=fpv4-sp-d16 -mfloat-abi=hard -mthumb -o "Drivers/STM32F4xx_HAL_Driver/Src/stm32f4xx_hal_i2c.o"
arm-none-eabi-gcc "../Drivers/STM32F4xx_HAL_Driver/Src/stm32f4xx_hal_i2c_ex.c" -mcpu=cortex-m4 -std=gnu11 -g3 -DDEBUG -DUSE_HAL_DRIVER -DSTM32F407xx -c -I../Core/Inc -I../Drivers/STM32F4xx_HAL_Driver/Inc -I../Drivers/STM32F4xx_HAL_Driver/Inc/Legacy -I../Drivers/CMSIS/Device/ST/STM32F4xx/Include -I../Drivers/CMSIS/Include -O0 -ffunction-sections -fdata-sections -Wall -fstack-usage -fcyclomatic-complexity -MMD -MP -MF"Drivers/STM32F4xx_HAL_Driver/Src/stm32f4xx_hal_i2c_ex.d" -MT"Drivers/STM32F4xx_HAL_Driver/Src/stm32f4xx_hal_i2c_ex.o" --specs=nano.specs -mfpu=fpv4-sp-d16 -mfloat-abi=hard -mthumb -o "Drivers/STM32F4xx_HAL_Driver/Src/stm32f4xx_hal_i2c_ex.o"
arm-none-eabi-gcc "../Drivers/STM32F4xx_HAL_Driver/Src/stm32f4xx_hal_pwr.c" -mcpu=cortex-m4 -std=gnu11 -g3 -DDEBUG -DUSE_HAL_DRIVER -DSTM32F407xx -c -I../Core/Inc -I../Drivers/STM32F4xx_HAL_Driver/Inc -I../Drivers/STM32F4xx_HAL_Driver/Inc/Legacy -I../Drivers/CMSIS/Device/ST/STM32F4xx/Include -I../Drivers/CMSIS/Include -O0 -ffunction-sections -fdata-sections -Wall -fstack-usage -fcyclomatic-complexity -MMD -MP -MF"Drivers/STM32F4xx_HAL_Driver/Src/stm32f4xx_hal_pwr.d" -MT"Drivers/STM32F4xx_HAL_Driver/Src/stm32f4xx_hal_pwr.o" --specs=nano.specs -mfpu=fpv4-sp-d16 -mfloat-abi=hard -mthumb -o "Drivers/STM32F4xx_HAL_Driver/Src/stm32f4xx_hal_pwr.o"
arm-none-eabi-gcc "../Drivers/STM32F4xx_HAL_Driver/Src/stm32f4xx_hal_pwr_ex.c" -mcpu=cortex-m4 -std=gnu11 -g3 -DDEBUG -DUSE_HAL_DRIVER -DSTM32F407xx -c -I../Core/Inc -I../Drivers/STM32F4xx_HAL_Driver/Inc -I../Drivers/STM32F4xx_HAL_Driver/Inc/Legacy -I../Drivers/CMSIS/Device/ST/STM32F4xx/Include -I../Drivers/CMSIS/Include -O0 -ffunction-sections -fdata-sections -Wall -fstack-usage -fcyclomatic-complexity -MMD -MP -MF"Drivers/STM32F4xx_HAL_Driver/Src/stm32f4xx_hal_pwr_ex.d" -MT"Drivers/STM32F4xx_HAL_Driver/Src/stm32f4xx_hal_pwr_ex.o" --specs=nano.specs -mfpu=fpv4-sp-d16 -mfloat-abi=hard -mthumb -o "Drivers/STM32F4xx_HAL_Driver/Src/stm32f4xx_hal_pwr_ex.o"
arm-none-eabi-gcc "../Drivers/STM32F4xx_HAL_Driver/Src/stm32f4xx_hal_rcc.c" -mcpu=cortex-m4 -std=gnu11 -g3 -DDEBUG -DUSE_HAL_DRIVER -DSTM32F407xx -c -I../Core/Inc -I../Drivers/STM32F4xx_HAL_Driver/Inc -I../Drivers/STM32F4xx_HAL_Driver/Inc/Legacy -I../Drivers/CMSIS/Device/ST/STM32F4xx/Include -I../Drivers/CMSIS/Include -O0 -ffunction-sections -fdata-sections -Wall -fstack-usage -fcyclomatic-complexity -MMD -MP -MF"Drivers/STM32F4xx_HAL_Driver/Src/stm32f4xx_hal_rcc.d" -MT"Drivers/STM32F4xx_HAL_Driver/Src/stm32f4xx_hal_rcc.o" --specs=nano.specs -mfpu=fpv4-sp-d16 -mfloat-abi=hard -mthumb -o "Drivers/STM32F4xx_HAL_Driver/Src/stm32f4xx_hal_rcc.o"
arm-none-eabi-gcc "../Drivers/STM32F4xx_HAL_Driver/Src/stm32f4xx_hal_rcc_ex.c" -mcpu=cortex-m4 -std=gnu11 -g3 -DDEBUG -DUSE_HAL_DRIVER -DSTM32F407xx -c -I../Core/Inc -I../Drivers/STM32F4xx_HAL_Driver/Inc -I../Drivers/STM32F4xx_HAL_Driver/Inc/Legacy -I../Drivers/CMSIS/Device/ST/STM32F4xx/Include -I../Drivers/CMSIS/Include -O0 -ffunction-sections -fdata-sections -Wall -fstack-usage -fcyclomatic-complexity -MMD -MP -MF"Drivers/STM32F4xx_HAL_Driver/Src/stm32f4xx_hal_rcc_ex.d" -MT"Drivers/STM32F4xx_HAL_Driver/Src/stm32f4xx_hal_rcc_ex.o" --specs=nano.specs -mfpu=fpv4-sp-d16 -mfloat-abi=hard -mthumb -o "Drivers/STM32F4xx_HAL_Driver/Src/stm32f4xx_hal_rcc_ex.o"
arm-none-eabi-gcc -mcpu=cortex-m4 -g3 -DDEBUG -c -x assembler-with-cpp -MMD -MP -MF"Core/Startup/startup_stm32f407vgtx.d" -MT"Core/Startup/startup_stm32f407vgtx.o" --specs=nano.specs -mfpu=fpv4-sp-d16 -mfloat-abi=hard -mthumb -o "Core/Startup/startup_stm32f407vgtx.o" "../Core/Startup/startup_stm32f407vgtx.s"
arm-none-eabi-gcc "../Core/Src/lcd.c" -mcpu=cortex-m4 -std=gnu11 -g3 -DDEBUG -DUSE_HAL_DRIVER -DSTM32F407xx -c -I../Core/Inc -I../Drivers/STM32F4xx_HAL_Driver/Inc -I../Drivers/STM32F4xx_HAL_Driver/Inc/Legacy -I../Drivers/CMSIS/Device/ST/STM32F4xx/Include -I../Drivers/CMSIS/Include -O0 -ffunction-sections -fdata-sections -Wall -fstack-usage -fcyclomatic-complexity -MMD -MP -MF"Core/Src/lcd.d" -MT"Core/Src/lcd.o" --specs=nano.specs -mfpu=fpv4-sp-d16 -mfloat-abi=hard -mthumb -o "Core/Src/lcd.o"
arm-none-eabi-gcc "../Core/Src/main.c" -mcpu=cortex-m4 -std=gnu11 -g3 -DDEBUG -DUSE_HAL_DRIVER -DSTM32F407xx -c -I../Core/Inc -I../Drivers/STM32F4xx_HAL_Driver/Inc -I../Drivers/STM32F4xx_HAL_Driver/Inc/Legacy -I../Drivers/CMSIS/Device/ST/STM32F4xx/Include -I../Drivers/CMSIS/Include -O0 -ffunction-sections -fdata-sections -Wall -fstack-usage -fcyclomatic-complexity -MMD -MP -MF"Core/Src/main.d" -MT"Core/Src/main.o" --specs=nano.specs -mfpu=fpv4-sp-d16 -mfloat-abi=hard -mthumb -o "Core/Src/main.o"
arm-none-eabi-gcc "../Core/Src/mq2.c" -mcpu=cortex-m4 -std=gnu11 -g3 -DDEBUG -DUSE_HAL_DRIVER -DSTM32F407xx -c -I../Core/Inc -I../Drivers/STM32F4xx_HAL_Driver/Inc -I../Drivers/STM32F4xx_HAL_Driver/Inc/Legacy -I../Drivers/CMSIS/Device/ST/STM32F4xx/Include -I../Drivers/CMSIS/Include -O0 -ffunction-sections -fdata-sections -Wall -fstack-usage -fcyclomatic-complexity -MMD -MP -MF"Core/Src/mq2.d" -MT"Core/Src/mq2.o" --specs=nano.specs -mfpu=fpv4-sp-d16 -mfloat-abi=hard -mthumb -o "Core/Src/mq2.o"
arm-none-eabi-gcc "../Core/Src/stm32f4xx_hal_msp.c" -mcpu=cortex-m4 -std=gnu11 -g3 -DDEBUG -DUSE_HAL_DRIVER -DSTM32F407xx -c -I../Core/Inc -I../Drivers/STM32F4xx_HAL_Driver/Inc -I../Drivers/STM32F4xx_HAL_Driver/Inc/Legacy -I../Drivers/CMSIS/Device/ST/STM32F4xx/Include -I../Drivers/CMSIS/Include -O0 -ffunction-sections -fdata-sections -Wall -fstack-usage -fcyclomatic-complexity -MMD -MP -MF"Core/Src/stm32f4xx_hal_msp.d" -MT"Core/Src/stm32f4xx_hal_msp.o" --specs=nano.specs -mfpu=fpv4-sp-d16 -mfloat-abi=hard -mthumb -o "Core/Src/stm32f4xx_hal_msp.o"
arm-none-eabi-gcc "../Core/Src/stm32f4xx_it.c" -mcpu=cortex-m4 -std=gnu11 -g3 -DDEBUG -DUSE_HAL_DRIVER -DSTM32F407xx -c -I../Core/Inc -I../Drivers/STM32F4xx_HAL_Driver/Inc -I../Drivers/STM32F4xx_HAL_Driver/Inc/Legacy -I../Drivers/CMSIS/Device/ST/STM32F4xx/Include -I../Drivers/CMSIS/Include -O0 -ffunction-sections -fdata-sections -Wall -fstack-usage -fcyclomatic-complexity -MMD -MP -MF"Core/Src/stm32f4xx_it.d" -MT"Core/Src/stm32f4xx_it.o" --specs=nano.specs -mfpu=fpv4-sp-d16 -mfloat-abi=hard -mthumb -o "Core/Src/stm32f4xx_it.o"
arm-none-eabi-gcc "../Core/Src/syscalls.c" -mcpu=cortex-m4 -std=gnu11 -g3 -DDEBUG -DUSE_HAL_DRIVER -DSTM32F407xx -c -I../Core/Inc -I../Drivers/STM32F4xx_HAL_Driver/Inc -I../Drivers/STM32F4xx_HAL_Driver/Inc/Legacy -I../Drivers/CMSIS/Device/ST/STM32F4xx/Include -I../Drivers/CMSIS/Include -O0 -ffunction-sections -fdata-sections -Wall -fstack-usage -fcyclomatic-complexity -MMD -MP -MF"Core/Src/syscalls.d" -MT"Core/Src/syscalls.o" --specs=nano.specs -mfpu=fpv4-sp-d16 -mfloat-abi=hard -mthumb -o "Core/Src/syscalls.o"
arm-none-eabi-gcc "../Core/Src/sysmem.c" -mcpu=cortex-m4 -std=gnu11 -g3 -DDEBUG -DUSE_HAL_DRIVER -DSTM32F407xx -c -I../Core/Inc -I../Drivers/STM32F4xx_HAL_Driver/Inc -I../Drivers/STM32F4xx_HAL_Driver/Inc/Legacy -I../Drivers/CMSIS/Device/ST/STM32F4xx/Include -I../Drivers/CMSIS/Include -O0 -ffunction-sections -fdata-sections -Wall -fstack-usage -fcyclomatic-complexity -MMD -MP -MF"Core/Src/sysmem.d" -MT"Core/Src/sysmem.o" --specs=nano.specs -mfpu=fpv4-sp-d16 -mfloat-abi=hard -mthumb -o "Core/Src/sysmem.o"
arm-none-eabi-gcc "../Core/Src/system_stm32f4xx.c" -mcpu=cortex-m4 -std=gnu11 -g3 -DDEBUG -DUSE_HAL_DRIVER -DSTM32F407xx -c -I../Core/Inc -I../Drivers/STM32F4xx_HAL_Driver/Inc -I../Drivers/STM32F4xx_HAL_Driver/Inc/Legacy -I../Drivers/CMSIS/Device/ST/STM32F4xx/Include -I../Drivers/CMSIS/Include -O0 -ffunction-sections -fdata-sections -Wall -fstack-usage -fcyclomatic-complexity -MMD -MP -MF"Core/Src/system_stm32f4xx.d" -MT"Core/Src/system_stm32f4xx.o" --specs=nano.specs -mfpu=fpv4-sp-d16 -mfloat-abi=hard -mthumb -o "Core/Src/system_stm32f4xx.o"
In file included from ../Core/Src/main.c:22:
../Core/Inc/mq2.h:6:15: error: unknown type name 'ADC_HandleTypeDef'; did you mean 'I2C_HandleTypeDef'?
    6 | void MQ2_Init(ADC_HandleTypeDef *hadc);
      |               ^~~~~~~~~~~~~~~~~
      |               I2C_HandleTypeDef
In file included from ../Core/Src/mq2.c:8:
../Core/Inc/mq2.h:6:15: error: unknown type name 'ADC_HandleTypeDef'; did you mean 'I2C_HandleTypeDef'?
    6 | void MQ2_Init(ADC_HandleTypeDef *hadc);
      |               ^~~~~~~~~~~~~~~~~
      |               I2C_HandleTypeDef
../Core/Src/mq2.c:10:8: error: unknown type name 'ADC_HandleTypeDef'
   10 | static ADC_HandleTypeDef *mq2_adc;
      |        ^~~~~~~~~~~~~~~~~
../Core/Src/mq2.c:12:15: error: unknown type name 'ADC_HandleTypeDef'; did you mean 'I2C_HandleTypeDef'?
   12 | void MQ2_Init(ADC_HandleTypeDef *hadc)
      |               ^~~~~~~~~~~~~~~~~
      |               I2C_HandleTypeDef
../Core/Src/main.c:46:1: error: unknown type name 'ADC_HandleTypeDef'; did you mean 'I2C_HandleTypeDef'?
   46 | ADC_HandleTypeDef hadc1;
      | ^~~~~~~~~~~~~~~~~
      | I2C_HandleTypeDef
../Core/Src/mq2.c: In function 'MQ2_Read':
../Core/Src/mq2.c:21:5: warning: implicit declaration of function 'HAL_ADC_Start'; did you mean 'HAL_DMA_Start'? [-Wimplicit-function-declaration]
   21 |     HAL_ADC_Start(mq2_adc);
      |     ^~~~~~~~~~~~~
      |     HAL_DMA_Start
../Core/Src/main.c: In function 'main':
../Core/Src/main.c:95:3: warning: implicit declaration of function 'MX_ADC1_Init'; did you mean 'MX_I2C1_Init'? [-Wimplicit-function-declaration]
   95 |   MX_ADC1_Init();
      |   ^~~~~~~~~~~~
      |   MX_I2C1_Init
../Core/Src/main.c:97:3: warning: implicit declaration of function 'MQ2_Init' [-Wimplicit-function-declaration]
   97 |   MQ2_Init(&hadc1);
      |   ^~~~~~~~
../Core/Src/main.c: At top level:
../Core/Src/main.c:126:1: error: expected identifier or '(' before '}' token
  126 | }
      | ^
make: *** [Core/Src/subdir.mk:40: Core/Src/main.o] Error 1
make: *** Waiting for unfinished jobs....
../Core/Src/mq2.c:22:5: warning: implicit declaration of function 'HAL_ADC_PollForConversion' [-Wimplicit-function-declaration]
   22 |     HAL_ADC_PollForConversion(mq2_adc, HAL_MAX_DELAY);
      |     ^~~~~~~~~~~~~~~~~~~~~~~~~
../Core/Src/mq2.c:23:13: warning: implicit declaration of function 'HAL_ADC_GetValue' [-Wimplicit-function-declaration]
   23 |     value = HAL_ADC_GetValue(mq2_adc);
      |             ^~~~~~~~~~~~~~~~
../Core/Src/mq2.c:24:5: warning: implicit declaration of function 'HAL_ADC_Stop' [-Wimplicit-function-declaration]
   24 |     HAL_ADC_Stop(mq2_adc);
      |     ^~~~~~~~~~~~
make: *** [Core/Src/subdir.mk:40: Core/Src/mq2.o] Error 1
"make -j28 all" terminated with exit code 2. Build might be incomplete.
14:44:17 **** Incremental Build of configuration Debug for project mq2_lcd ****
make -j28 all 
arm-none-eabi-gcc "../Core/Src/main.c" -mcpu=cortex-m4 -std=gnu11 -g3 -DDEBUG -DUSE_HAL_DRIVER -DSTM32F407xx -c -I../Core/Inc -I../Drivers/STM32F4xx_HAL_Driver/Inc -I../Drivers/STM32F4xx_HAL_Driver/Inc/Legacy -I../Drivers/CMSIS/Device/ST/STM32F4xx/Include -I../Drivers/CMSIS/Include -O0 -ffunction-sections -fdata-sections -Wall -fstack-usage -fcyclomatic-complexity -MMD -MP -MF"Core/Src/main.d" -MT"Core/Src/main.o" --specs=nano.specs -mfpu=fpv4-sp-d16 -mfloat-abi=hard -mthumb -o "Core/Src/main.o"
arm-none-eabi-gcc "../Core/Src/mq2.c" -mcpu=cortex-m4 -std=gnu11 -g3 -DDEBUG -DUSE_HAL_DRIVER -DSTM32F407xx -c -I../Core/Inc -I../Drivers/STM32F4xx_HAL_Driver/Inc -I../Drivers/STM32F4xx_HAL_Driver/Inc/Legacy -I../Drivers/CMSIS/Device/ST/STM32F4xx/Include -I../Drivers/CMSIS/Include -O0 -ffunction-sections -fdata-sections -Wall -fstack-usage -fcyclomatic-complexity -MMD -MP -MF"Core/Src/mq2.d" -MT"Core/Src/mq2.o" --specs=nano.specs -mfpu=fpv4-sp-d16 -mfloat-abi=hard -mthumb -o "Core/Src/mq2.o"
In file included from ../Core/Src/main.c:22:
../Core/Inc/mq2.h:6:15: error: unknown type name 'ADC_HandleTypeDef'; did you mean 'I2C_HandleTypeDef'?
    6 | void MQ2_Init(ADC_HandleTypeDef *hadc);
      |               ^~~~~~~~~~~~~~~~~
      |               I2C_HandleTypeDef
In file included from ../Core/Src/mq2.c:8:
../Core/Inc/mq2.h:6:15: error: unknown type name 'ADC_HandleTypeDef'; did you mean 'I2C_HandleTypeDef'?
    6 | void MQ2_Init(ADC_HandleTypeDef *hadc);
      |               ^~~~~~~~~~~~~~~~~
      |               I2C_HandleTypeDef
../Core/Src/mq2.c:10:8: error: unknown type name 'ADC_HandleTypeDef'
   10 | static ADC_HandleTypeDef *mq2_adc;
      |        ^~~~~~~~~~~~~~~~~
../Core/Src/mq2.c:12:15: error: unknown type name 'ADC_HandleTypeDef'; did you mean 'I2C_HandleTypeDef'?
   12 | void MQ2_Init(ADC_HandleTypeDef *hadc)
      |               ^~~~~~~~~~~~~~~~~
      |               I2C_HandleTypeDef
../Core/Src/mq2.c: In function 'MQ2_Read':
../Core/Src/mq2.c:21:5: warning: implicit declaration of function 'HAL_ADC_Start'; did you mean 'HAL_DMA_Start'? [-Wimplicit-function-declaration]
   21 |     HAL_ADC_Start(mq2_adc);
      |     ^~~~~~~~~~~~~
      |     HAL_DMA_Start
../Core/Src/main.c:46:1: error: unknown type name 'ADC_HandleTypeDef'; did you mean 'I2C_HandleTypeDef'?
   46 | ADC_HandleTypeDef hadc1;
      | ^~~~~~~~~~~~~~~~~
      | I2C_HandleTypeDef
../Core/Src/main.c: In function 'main':
../Core/Src/main.c:95:3: warning: implicit declaration of function 'MX_ADC1_Init'; did you mean 'MX_I2C1_Init'? [-Wimplicit-function-declaration]
   95 |   MX_ADC1_Init();
      |   ^~~~~~~~~~~~
      |   MX_I2C1_Init
../Core/Src/main.c:97:3: warning: implicit declaration of function 'MQ2_Init' [-Wimplicit-function-declaration]
   97 |   MQ2_Init(&hadc1);
      |   ^~~~~~~~
make: *** [Core/Src/subdir.mk:40: Core/Src/main.o] Error 1
make: *** Waiting for unfinished jobs....
../Core/Src/mq2.c:22:5: warning: implicit declaration of function 'HAL_ADC_PollForConversion' [-Wimplicit-function-declaration]
   22 |     HAL_ADC_PollForConversion(mq2_adc, HAL_MAX_DELAY);
      |     ^~~~~~~~~~~~~~~~~~~~~~~~~
../Core/Src/mq2.c:23:13: warning: implicit declaration of function 'HAL_ADC_GetValue' [-Wimplicit-function-declaration]
   23 |     value = HAL_ADC_GetValue(mq2_adc);
      |             ^~~~~~~~~~~~~~~~
../Core/Src/mq2.c:24:5: warning: implicit declaration of function 'HAL_ADC_Stop' [-Wimplicit-function-declaration]
   24 |     HAL_ADC_Stop(mq2_adc);
      |     ^~~~~~~~~~~~
make: *** [Core/Src/subdir.mk:40: Core/Src/mq2.o] Error 1
"make -j28 all" terminated with exit code 2. Build might be incomplete.
14:46:34 **** Incremental Build of configuration Debug for project mq2_lcd ****
make -j28 all 
arm-none-eabi-gcc "../Core/Src/main.c" -mcpu=cortex-m4 -std=gnu11 -g3 -DDEBUG -DUSE_HAL_DRIVER -DSTM32F407xx -c -I../Core/Inc -I../Drivers/STM32F4xx_HAL_Driver/Inc -I../Drivers/STM32F4xx_HAL_Driver/Inc/Legacy -I../Drivers/CMSIS/Device/ST/STM32F4xx/Include -I../Drivers/CMSIS/Include -O0 -ffunction-sections -fdata-sections -Wall -fstack-usage -fcyclomatic-complexity -MMD -MP -MF"Core/Src/main.d" -MT"Core/Src/main.o" --specs=nano.specs -mfpu=fpv4-sp-d16 -mfloat-abi=hard -mthumb -o "Core/Src/main.o"
arm-none-eabi-gcc "../Core/Src/mq2.c" -mcpu=cortex-m4 -std=gnu11 -g3 -DDEBUG -DUSE_HAL_DRIVER -DSTM32F407xx -c -I../Core/Inc -I../Drivers/STM32F4xx_HAL_Driver/Inc -I../Drivers/STM32F4xx_HAL_Driver/Inc/Legacy -I../Drivers/CMSIS/Device/ST/STM32F4xx/Include -I../Drivers/CMSIS/Include -O0 -ffunction-sections -fdata-sections -Wall -fstack-usage -fcyclomatic-complexity -MMD -MP -MF"Core/Src/mq2.d" -MT"Core/Src/mq2.o" --specs=nano.specs -mfpu=fpv4-sp-d16 -mfloat-abi=hard -mthumb -o "Core/Src/mq2.o"
In file included from ../Core/Src/main.c:22:
../Core/Inc/mq2.h:6:15: error: unknown type name 'ADC_HandleTypeDef'; did you mean 'I2C_HandleTypeDef'?
    6 | void MQ2_Init(ADC_HandleTypeDef *hadc);
      |               ^~~~~~~~~~~~~~~~~
      |               I2C_HandleTypeDef
In file included from ../Core/Src/mq2.c:8:
../Core/Inc/mq2.h:6:15: error: unknown type name 'ADC_HandleTypeDef'; did you mean 'I2C_HandleTypeDef'?
    6 | void MQ2_Init(ADC_HandleTypeDef *hadc);
      |               ^~~~~~~~~~~~~~~~~
      |               I2C_HandleTypeDef
../Core/Src/mq2.c:10:8: error: unknown type name 'ADC_HandleTypeDef'
   10 | static ADC_HandleTypeDef *mq2_adc;
      |        ^~~~~~~~~~~~~~~~~
../Core/Src/mq2.c:12:15: error: unknown type name 'ADC_HandleTypeDef'; did you mean 'I2C_HandleTypeDef'?
   12 | void MQ2_Init(ADC_HandleTypeDef *hadc)
      |               ^~~~~~~~~~~~~~~~~
      |               I2C_HandleTypeDef
../Core/Src/main.c:46:1: error: unknown type name 'ADC_HandleTypeDef'; did you mean 'I2C_HandleTypeDef'?
   46 | ADC_HandleTypeDef hadc1;
      | ^~~~~~~~~~~~~~~~~
      | I2C_HandleTypeDef
../Core/Src/main.c: In function 'main':
../Core/Src/main.c:98:3: warning: implicit declaration of function 'MQ2_Init' [-Wimplicit-function-declaration]
   98 |   MQ2_Init(&hadc1);
      |   ^~~~~~~~
../Core/Src/main.c: At top level:
../Core/Src/main.c:56:13: warning: 'MX_ADC1_Init' used but never defined
   56 | static void MX_ADC1_Init(void);
      |             ^~~~~~~~~~~~
../Core/Src/mq2.c: In function 'MQ2_Read':
../Core/Src/mq2.c:21:5: warning: implicit declaration of function 'HAL_ADC_Start'; did you mean 'HAL_DMA_Start'? [-Wimplicit-function-declaration]
   21 |     HAL_ADC_Start(mq2_adc);
      |     ^~~~~~~~~~~~~
      |     HAL_DMA_Start
make: *** [Core/Src/subdir.mk:40: Core/Src/main.o] Error 1
make: *** Waiting for unfinished jobs....
../Core/Src/mq2.c:22:5: warning: implicit declaration of function 'HAL_ADC_PollForConversion' [-Wimplicit-function-declaration]
   22 |     HAL_ADC_PollForConversion(mq2_adc, HAL_MAX_DELAY);
      |     ^~~~~~~~~~~~~~~~~~~~~~~~~
../Core/Src/mq2.c:23:13: warning: implicit declaration of function 'HAL_ADC_GetValue' [-Wimplicit-function-declaration]
   23 |     value = HAL_ADC_GetValue(mq2_adc);
      |             ^~~~~~~~~~~~~~~~
../Core/Src/mq2.c:24:5: warning: implicit declaration of function 'HAL_ADC_Stop' [-Wimplicit-function-declaration]
   24 |     HAL_ADC_Stop(mq2_adc);
      |     ^~~~~~~~~~~~
make: *** [Core/Src/subdir.mk:40: Core/Src/mq2.o] Error 1
"make -j28 all" terminated with exit code 2. Build might be incomplete.
14:51:20 **** Incremental Build of configuration Debug for project mq2_lcd ****
make -j28 all 
arm-none-eabi-gcc "../Core/Src/main.c" -mcpu=cortex-m4 -std=gnu11 -g3 -DDEBUG -DUSE_HAL_DRIVER -DSTM32F407xx -c -I../Core/Inc -I../Drivers/STM32F4xx_HAL_Driver/Inc -I../Drivers/STM32F4xx_HAL_Driver/Inc/Legacy -I../Drivers/CMSIS/Device/ST/STM32F4xx/Include -I../Drivers/CMSIS/Include -O0 -ffunction-sections -fdata-sections -Wall -fstack-usage -fcyclomatic-complexity -MMD -MP -MF"Core/Src/main.d" -MT"Core/Src/main.o" --specs=nano.specs -mfpu=fpv4-sp-d16 -mfloat-abi=hard -mthumb -o "Core/Src/main.o"
arm-none-eabi-gcc "../Core/Src/mq2.c" -mcpu=cortex-m4 -std=gnu11 -g3 -DDEBUG -DUSE_HAL_DRIVER -DSTM32F407xx -c -I../Core/Inc -I../Drivers/STM32F4xx_HAL_Driver/Inc -I../Drivers/STM32F4xx_HAL_Driver/Inc/Legacy -I../Drivers/CMSIS/Device/ST/STM32F4xx/Include -I../Drivers/CMSIS/Include -O0 -ffunction-sections -fdata-sections -Wall -fstack-usage -fcyclomatic-complexity -MMD -MP -MF"Core/Src/mq2.d" -MT"Core/Src/mq2.o" --specs=nano.specs -mfpu=fpv4-sp-d16 -mfloat-abi=hard -mthumb -o "Core/Src/mq2.o"
In file included from ../Core/Src/main.c:22:
../Core/Inc/mq2.h:6:15: error: unknown type name 'ADC_HandleTypeDef'; did you mean 'I2C_HandleTypeDef'?
    6 | void MQ2_Init(ADC_HandleTypeDef *hadc);
      |               ^~~~~~~~~~~~~~~~~
      |               I2C_HandleTypeDef
In file included from ../Core/Src/mq2.c:8:
../Core/Inc/mq2.h:6:15: error: unknown type name 'ADC_HandleTypeDef'; did you mean 'I2C_HandleTypeDef'?
    6 | void MQ2_Init(ADC_HandleTypeDef *hadc);
      |               ^~~~~~~~~~~~~~~~~
      |               I2C_HandleTypeDef
../Core/Src/mq2.c:10:8: error: unknown type name 'ADC_HandleTypeDef'
   10 | static ADC_HandleTypeDef *mq2_adc;
      |        ^~~~~~~~~~~~~~~~~
../Core/Src/mq2.c:12:15: error: unknown type name 'ADC_HandleTypeDef'; did you mean 'I2C_HandleTypeDef'?
   12 | void MQ2_Init(ADC_HandleTypeDef *hadc)
      |               ^~~~~~~~~~~~~~~~~
      |               I2C_HandleTypeDef
../Core/Src/mq2.c: In function 'MQ2_Read':
../Core/Src/mq2.c:21:5: warning: implicit declaration of function 'HAL_ADC_Start'; did you mean 'HAL_DMA_Start'? [-Wimplicit-function-declaration]
   21 |     HAL_ADC_Start(mq2_adc);
      |     ^~~~~~~~~~~~~
      |     HAL_DMA_Start
../Core/Src/main.c:46:1: error: unknown type name 'ADC_HandleTypeDef'; did you mean 'I2C_HandleTypeDef'?
   46 | ADC_HandleTypeDef hadc1;
      | ^~~~~~~~~~~~~~~~~
      | I2C_HandleTypeDef
../Core/Src/main.c: In function 'main':
../Core/Src/main.c:98:3: warning: implicit declaration of function 'MQ2_Init' [-Wimplicit-function-declaration]
   98 |   MQ2_Init(&hadc1);
      |   ^~~~~~~~
../Core/Src/main.c: In function 'MX_ADC1_Init':
../Core/Src/main.c:183:3: error: unknown type name 'ADC_ChannelConfTypeDef'; did you mean 'ADC_Common_TypeDef'?
  183 |   ADC_ChannelConfTypeDef sConfig = {0};
      |   ^~~~~~~~~~~~~~~~~~~~~~
      |   ADC_Common_TypeDef
../Core/Src/main.c:185:8: error: request for member 'Instance' in something not a structure or union
  185 |   hadc1.Instance = ADC1;
      |        ^
../Core/Src/main.c:186:8: error: request for member 'Init' in something not a structure or union
  186 |   hadc1.Init.Resolution = ADC_RESOLUTION_12B;
      |        ^
../Core/Src/mq2.c:22:5: warning: implicit declaration of function 'HAL_ADC_PollForConversion' [-Wimplicit-function-declaration]
   22 |     HAL_ADC_PollForConversion(mq2_adc, HAL_MAX_DELAY);
      |     ^~~~~~~~~~~~~~~~~~~~~~~~~
../Core/Src/mq2.c:23:13: warning: implicit declaration of function 'HAL_ADC_GetValue' [-Wimplicit-function-declaration]
   23 |     value = HAL_ADC_GetValue(mq2_adc);
      |             ^~~~~~~~~~~~~~~~
../Core/Src/main.c:186:27: error: 'ADC_RESOLUTION_12B' undeclared (first use in this function); did you mean 'ADC_RESOLUTION12b'?
  186 |   hadc1.Init.Resolution = ADC_RESOLUTION_12B;
      |                           ^~~~~~~~~~~~~~~~~~
      |                           ADC_RESOLUTION12b
../Core/Src/main.c:186:27: note: each undeclared identifier is reported only once for each function it appears in
../Core/Src/main.c:187:8: error: request for member 'Init' in something not a structure or union
  187 |   hadc1.Init.ContinuousConvMode = DISABLE;
      |        ^
../Core/Src/main.c:188:8: error: request for member 'Init' in something not a structure or union
  188 |   hadc1.Init.DataAlign = ADC_DATAALIGN_RIGHT;
      |        ^
../Core/Src/mq2.c:24:5: warning: implicit declaration of function 'HAL_ADC_Stop' [-Wimplicit-function-declaration]
   24 |     HAL_ADC_Stop(mq2_adc);
      |     ^~~~~~~~~~~~
make: *** [Core/Src/subdir.mk:40: Core/Src/mq2.o] Error 1
make: *** Waiting for unfinished jobs....
../Core/Src/main.c:188:26: error: 'ADC_DATAALIGN_RIGHT' undeclared (first use in this function)
  188 |   hadc1.Init.DataAlign = ADC_DATAALIGN_RIGHT;
      |                          ^~~~~~~~~~~~~~~~~~~
../Core/Src/main.c:189:8: error: request for member 'Init' in something not a structure or union
  189 |   hadc1.Init.NbrOfConversion = 1;
      |        ^
../Core/Src/main.c:191:7: warning: implicit declaration of function 'HAL_ADC_Init'; did you mean 'HAL_I2C_Init'? [-Wimplicit-function-declaration]
  191 |   if (HAL_ADC_Init(&hadc1) != HAL_OK)
      |       ^~~~~~~~~~~~
      |       HAL_I2C_Init
../Core/Src/main.c:194:10: error: request for member 'Channel' in something not a structure or union
  194 |   sConfig.Channel = ADC_CHANNEL_0;   // PA0
      |          ^
../Core/Src/main.c:194:21: error: 'ADC_CHANNEL_0' undeclared (first use in this function); did you mean 'DAC2_CHANNEL_1'?
  194 |   sConfig.Channel = ADC_CHANNEL_0;   // PA0
      |                     ^~~~~~~~~~~~~
      |                     DAC2_CHANNEL_1
../Core/Src/main.c:195:10: error: request for member 'Rank' in something not a structure or union
  195 |   sConfig.Rank = 1;
      |          ^
../Core/Src/main.c:196:10: error: request for member 'SamplingTime' in something not a structure or union
  196 |   sConfig.SamplingTime = ADC_SAMPLETIME_3CYCLES;
      |          ^
../Core/Src/main.c:196:26: error: 'ADC_SAMPLETIME_3CYCLES' undeclared (first use in this function); did you mean 'ADC_SAMPLETIME_2CYCLE_5'?
  196 |   sConfig.SamplingTime = ADC_SAMPLETIME_3CYCLES;
      |                          ^~~~~~~~~~~~~~~~~~~~~~
      |                          ADC_SAMPLETIME_2CYCLE_5
../Core/Src/main.c:198:7: warning: implicit declaration of function 'HAL_ADC_ConfigChannel' [-Wimplicit-function-declaration]
  198 |   if (HAL_ADC_ConfigChannel(&hadc1, &sConfig) != HAL_OK)
      |       ^~~~~~~~~~~~~~~~~~~~~
make: *** [Core/Src/subdir.mk:40: Core/Src/main.o] Error 1
"make -j28 all" terminated with exit code 2. Build might be incomplete.
14:55:44 **** Incremental Build of configuration Debug for project mq2_lcd ****
make -j28 all 
arm-none-eabi-gcc "../Core/Src/lcd.c" -mcpu=cortex-m4 -std=gnu11 -g3 -DDEBUG -DUSE_HAL_DRIVER -DSTM32F407xx -c -I../Core/Inc -I../Drivers/STM32F4xx_HAL_Driver/Inc -I../Drivers/STM32F4xx_HAL_Driver/Inc/Legacy -I../Drivers/CMSIS/Device/ST/STM32F4xx/Include -I../Drivers/CMSIS/Include -O0 -ffunction-sections -fdata-sections -Wall -fstack-usage -fcyclomatic-complexity -MMD -MP -MF"Core/Src/lcd.d" -MT"Core/Src/lcd.o" --specs=nano.specs -mfpu=fpv4-sp-d16 -mfloat-abi=hard -mthumb -o "Core/Src/lcd.o"
arm-none-eabi-gcc "../Core/Src/main.c" -mcpu=cortex-m4 -std=gnu11 -g3 -DDEBUG -DUSE_HAL_DRIVER -DSTM32F407xx -c -I../Core/Inc -I../Drivers/STM32F4xx_HAL_Driver/Inc -I../Drivers/STM32F4xx_HAL_Driver/Inc/Legacy -I../Drivers/CMSIS/Device/ST/STM32F4xx/Include -I../Drivers/CMSIS/Include -O0 -ffunction-sections -fdata-sections -Wall -fstack-usage -fcyclomatic-complexity -MMD -MP -MF"Core/Src/main.d" -MT"Core/Src/main.o" --specs=nano.specs -mfpu=fpv4-sp-d16 -mfloat-abi=hard -mthumb -o "Core/Src/main.o"
arm-none-eabi-gcc "../Core/Src/mq2.c" -mcpu=cortex-m4 -std=gnu11 -g3 -DDEBUG -DUSE_HAL_DRIVER -DSTM32F407xx -c -I../Core/Inc -I../Drivers/STM32F4xx_HAL_Driver/Inc -I../Drivers/STM32F4xx_HAL_Driver/Inc/Legacy -I../Drivers/CMSIS/Device/ST/STM32F4xx/Include -I../Drivers/CMSIS/Include -O0 -ffunction-sections -fdata-sections -Wall -fstack-usage -fcyclomatic-complexity -MMD -MP -MF"Core/Src/mq2.d" -MT"Core/Src/mq2.o" --specs=nano.specs -mfpu=fpv4-sp-d16 -mfloat-abi=hard -mthumb -o "Core/Src/mq2.o"
In file included from ../Core/Src/lcd.c:9:
../Core/Inc/lcd.h:13:15: error: unknown type name 'ADC_HandleTypeDef'; did you mean 'I2C_HandleTypeDef'?
   13 | void MQ2_Init(ADC_HandleTypeDef *hadc);
      |               ^~~~~~~~~~~~~~~~~
      |               I2C_HandleTypeDef
In file included from ../Core/Src/main.c:21:
../Core/Inc/lcd.h:13:15: error: unknown type name 'ADC_HandleTypeDef'; did you mean 'I2C_HandleTypeDef'?
   13 | void MQ2_Init(ADC_HandleTypeDef *hadc);
      |               ^~~~~~~~~~~~~~~~~
      |               I2C_HandleTypeDef
../Core/Src/lcd.c: In function 'LCD_SendCmd':
../Core/Src/lcd.c:64:38: error: 'LCD_I2C_ADDR' undeclared (first use in this function)
   64 |     HAL_I2C_Master_Transmit(lcd_i2c, LCD_I2C_ADDR, data, 4, HAL_MAX_DELAY);
      |                                      ^~~~~~~~~~~~
../Core/Src/lcd.c:64:38: note: each undeclared identifier is reported only once for each function it appears in
In file included from ../Core/Src/mq2.c:8:
../Core/Inc/mq2.h:6:15: error: unknown type name 'ADC_HandleTypeDef'; did you mean 'I2C_HandleTypeDef'?
    6 | void MQ2_Init(ADC_HandleTypeDef *hadc);
      |               ^~~~~~~~~~~~~~~~~
      |               I2C_HandleTypeDef
../Core/Src/mq2.c:10:8: error: unknown type name 'ADC_HandleTypeDef'
   10 | static ADC_HandleTypeDef *mq2_adc;
      |        ^~~~~~~~~~~~~~~~~
../Core/Src/lcd.c: In function 'LCD_SendData':
../Core/Src/lcd.c:75:38: error: 'LCD_I2C_ADDR' undeclared (first use in this function)
   75 |     HAL_I2C_Master_Transmit(lcd_i2c, LCD_I2C_ADDR, data_t, 4, HAL_MAX_DELAY);
      |                                      ^~~~~~~~~~~~
../Core/Src/mq2.c:12:15: error: unknown type name 'ADC_HandleTypeDef'; did you mean 'I2C_HandleTypeDef'?
   12 | void MQ2_Init(ADC_HandleTypeDef *hadc)
      |               ^~~~~~~~~~~~~~~~~
      |               I2C_HandleTypeDef
../Core/Src/main.c:46:1: error: unknown type name 'ADC_HandleTypeDef'; did you mean 'I2C_HandleTypeDef'?
   46 | ADC_HandleTypeDef hadc1;
      | ^~~~~~~~~~~~~~~~~
      | I2C_HandleTypeDef
../Core/Src/main.c: In function 'main':
../Core/Src/main.c:97:3: warning: implicit declaration of function 'LCD_Init' [-Wimplicit-function-declaration]
   97 |   LCD_Init(&hi2c1);
      |   ^~~~~~~~
../Core/Src/main.c:98:3: warning: implicit declaration of function 'MQ2_Init' [-Wimplicit-function-declaration]
   98 |   MQ2_Init(&hadc1);
      |   ^~~~~~~~
../Core/Src/mq2.c: In function 'MQ2_Read':
../Core/Src/mq2.c:21:5: warning: implicit declaration of function 'HAL_ADC_Start'; did you mean 'HAL_DMA_Start'? [-Wimplicit-function-declaration]
   21 |     HAL_ADC_Start(mq2_adc);
      |     ^~~~~~~~~~~~~
      |     HAL_DMA_Start
make: *** [Core/Src/subdir.mk:40: Core/Src/lcd.o] Error 1
../Core/Src/main.c:112:19: warning: implicit declaration of function 'LCD_Clear' [-Wimplicit-function-declaration]
  112 |                   LCD_Clear();
      |                   ^~~~~~~~~
make: *** Waiting for unfinished jobs....
../Core/Src/main.c:113:19: warning: implicit declaration of function 'LCD_SetCursor' [-Wimplicit-function-declaration]
  113 |                   LCD_SetCursor(0, 0);
      |                   ^~~~~~~~~~~~~
../Core/Src/main.c:115:19: warning: implicit declaration of function 'LCD_Print' [-Wimplicit-function-declaration]
  115 |                   LCD_Print(line1);
      |                   ^~~~~~~~~
../Core/Src/main.c: At top level:
../Core/Src/main.c:56:13: warning: 'MX_ADC1_Init' used but never defined
   56 | static void MX_ADC1_Init(void);
      |             ^~~~~~~~~~~~
../Core/Src/mq2.c:22:5: warning: implicit declaration of function 'HAL_ADC_PollForConversion' [-Wimplicit-function-declaration]
   22 |     HAL_ADC_PollForConversion(mq2_adc, HAL_MAX_DELAY);
      |     ^~~~~~~~~~~~~~~~~~~~~~~~~
make: *** [Core/Src/subdir.mk:40: Core/Src/main.o] Error 1
../Core/Src/mq2.c:23:13: warning: implicit declaration of function 'HAL_ADC_GetValue' [-Wimplicit-function-declaration]
   23 |     value = HAL_ADC_GetValue(mq2_adc);
      |             ^~~~~~~~~~~~~~~~
../Core/Src/mq2.c:24:5: warning: implicit declaration of function 'HAL_ADC_Stop' [-Wimplicit-function-declaration]
   24 |     HAL_ADC_Stop(mq2_adc);
      |     ^~~~~~~~~~~~
make: *** [Core/Src/subdir.mk:40: Core/Src/mq2.o] Error 1
"make -j28 all" terminated with exit code 2. Build might be incomplete.
14:58:27 **** Clean-only build of configuration Debug for project LCD ****
make -j28 clean 
rm -rf ./Drivers/STM32F4xx_HAL_Driver/Src/stm32f4xx_hal.cyclo ./Drivers/STM32F4xx_HAL_Driver/Src/stm32f4xx_hal.d ./Drivers/STM32F4xx_HAL_Driver/Src/stm32f4xx_hal.o ./Drivers/STM32F4xx_HAL_Driver/Src/stm32f4xx_hal.su ./Drivers/STM32F4xx_HAL_Driver/Src/stm32f4xx_hal_cortex.cyclo ./Drivers/STM32F4xx_HAL_Driver/Src/stm32f4xx_hal_cortex.d ./Drivers/STM32F4xx_HAL_Driver/Src/stm32f4xx_hal_cortex.o ./Drivers/STM32F4xx_HAL_Driver/Src/stm32f4xx_hal_cortex.su ./Drivers/STM32F4xx_HAL_Driver/Src/stm32f4xx_hal_dma.cyclo ./Drivers/STM32F4xx_HAL_Driver/Src/stm32f4xx_hal_dma.d ./Drivers/STM32F4xx_HAL_Driver/Src/stm32f4xx_hal_dma.o ./Drivers/STM32F4xx_HAL_Driver/Src/stm32f4xx_hal_dma.su ./Drivers/STM32F4xx_HAL_Driver/Src/stm32f4xx_hal_dma_ex.cyclo ./Drivers/STM32F4xx_HAL_Driver/Src/stm32f4xx_hal_dma_ex.d ./Drivers/STM32F4xx_HAL_Driver/Src/stm32f4xx_hal_dma_ex.o ./Drivers/STM32F4xx_HAL_Driver/Src/stm32f4xx_hal_dma_ex.su ./Drivers/STM32F4xx_HAL_Driver/Src/stm32f4xx_hal_exti.cyclo ./Drivers/STM32F4xx_HAL_Driver/Src/stm32f4xx_hal_exti.d ./Drivers/STM32F4xx_HAL_Driver/Src/stm32f4xx_hal_exti.o ./Drivers/STM32F4xx_HAL_Driver/Src/stm32f4xx_hal_exti.su ./Drivers/STM32F4xx_HAL_Driver/Src/stm32f4xx_hal_flash.cyclo ./Drivers/STM32F4xx_HAL_Driver/Src/stm32f4xx_hal_flash.d ./Drivers/STM32F4xx_HAL_Driver/Src/stm32f4xx_hal_flash.o ./Drivers/STM32F4xx_HAL_Driver/Src/stm32f4xx_hal_flash.su ./Drivers/STM32F4xx_HAL_Driver/Src/stm32f4xx_hal_flash_ex.cyclo ./Drivers/STM32F4xx_HAL_Driver/Src/stm32f4xx_hal_flash_ex.d ./Drivers/STM32F4xx_HAL_Driver/Src/stm32f4xx_hal_flash_ex.o ./Drivers/STM32F4xx_HAL_Driver/Src/stm32f4xx_hal_flash_ex.su ./Drivers/STM32F4xx_HAL_Driver/Src/stm32f4xx_hal_flash_ramfunc.cyclo ./Drivers/STM32F4xx_HAL_Driver/Src/stm32f4xx_hal_flash_ramfunc.d ./Drivers/STM32F4xx_HAL_Driver/Src/stm32f4xx_hal_flash_ramfunc.o ./Drivers/STM32F4xx_HAL_Driver/Src/stm32f4xx_hal_flash_ramfunc.su ./Drivers/STM32F4xx_HAL_Driver/Src/stm32f4xx_hal_gpio.cyclo ./Drivers/STM32F4xx_HAL_Driver/Src/stm32f4xx_hal_gpio.d ./Drivers/STM32F4xx_HAL_Driver/Src/stm32f4xx_hal_gpio.o ./Drivers/STM32F4xx_HAL_Driver/Src/stm32f4xx_hal_gpio.su ./Drivers/STM32F4xx_HAL_Driver/Src/stm32f4xx_hal_i2c.cyclo ./Drivers/STM32F4xx_HAL_Driver/Src/stm32f4xx_hal_i2c.d ./Drivers/STM32F4xx_HAL_Driver/Src/stm32f4xx_hal_i2c.o ./Drivers/STM32F4xx_HAL_Driver/Src/stm32f4xx_hal_i2c.su ./Drivers/STM32F4xx_HAL_Driver/Src/stm32f4xx_hal_i2c_ex.cyclo ./Drivers/STM32F4xx_HAL_Driver/Src/stm32f4xx_hal_i2c_ex.d ./Drivers/STM32F4xx_HAL_Driver/Src/stm32f4xx_hal_i2c_ex.o ./Drivers/STM32F4xx_HAL_Driver/Src/stm32f4xx_hal_i2c_ex.su ./Drivers/STM32F4xx_HAL_Driver/Src/stm32f4xx_hal_pwr.cyclo ./Drivers/STM32F4xx_HAL_Driver/Src/stm32f4xx_hal_pwr.d ./Drivers/STM32F4xx_HAL_Driver/Src/stm32f4xx_hal_pwr.o ./Drivers/STM32F4xx_HAL_Driver/Src/stm32f4xx_hal_pwr.su ./Drivers/STM32F4xx_HAL_Driver/Src/stm32f4xx_hal_pwr_ex.cyclo ./Drivers/STM32F4xx_HAL_Driver/Src/stm32f4xx_hal_pwr_ex.d ./Drivers/STM32F4xx_HAL_Driver/Src/stm32f4xx_hal_pwr_ex.o ./Drivers/STM32F4xx_HAL_Driver/Src/stm32f4xx_hal_pwr_ex.su ./Drivers/STM32F4xx_HAL_Driver/Src/stm32f4xx_hal_rcc.cyclo ./Drivers/STM32F4xx_HAL_Driver/Src/stm32f4xx_hal_rcc.d ./Drivers/STM32F4xx_HAL_Driver/Src/stm32f4xx_hal_rcc.o ./Drivers/STM32F4xx_HAL_Driver/Src/stm32f4xx_hal_rcc.su ./Drivers/STM32F4xx_HAL_Driver/Src/stm32f4xx_hal_rcc_ex.cyclo ./Drivers/STM32F4xx_HAL_Driver/Src/stm32f4xx_hal_rcc_ex.d ./Drivers/STM32F4xx_HAL_Driver/Src/stm32f4xx_hal_rcc_ex.o ./Drivers/STM32F4xx_HAL_Driver/Src/stm32f4xx_hal_rcc_ex.su
rm -rf ./Core/Startup/startup_stm32f407vgtx.d ./Core/Startup/startup_stm32f407vgtx.o
rm -rf ./Core/Src/main.cyclo ./Core/Src/main.d ./Core/Src/main.o ./Core/Src/main.su ./Core/Src/my_lcd.cyclo ./Core/Src/my_lcd.d ./Core/Src/my_lcd.o ./Core/Src/my_lcd.su ./Core/Src/stm32f4xx_hal_msp.cyclo ./Core/Src/stm32f4xx_hal_msp.d ./Core/Src/stm32f4xx_hal_msp.o ./Core/Src/stm32f4xx_hal_msp.su ./Core/Src/stm32f4xx_it.cyclo ./Core/Src/stm32f4xx_it.d ./Core/Src/stm32f4xx_it.o ./Core/Src/stm32f4xx_it.su ./Core/Src/syscalls.cyclo ./Core/Src/syscalls.d ./Core/Src/syscalls.o ./Core/Src/syscalls.su ./Core/Src/sysmem.cyclo ./Core/Src/sysmem.d ./Core/Src/sysmem.o ./Core/Src/sysmem.su ./Core/Src/system_stm32f4xx.cyclo ./Core/Src/system_stm32f4xx.d ./Core/Src/system_stm32f4xx.o ./Core/Src/system_stm32f4xx.su
rm -rf LCD.elf LCD.list LCD.map default.size.stdout
 
14:58:29 **** Build of configuration Debug for project LCD ****
make -j28 all 
arm-none-eabi-gcc "../Drivers/STM32F4xx_HAL_Driver/Src/stm32f4xx_hal.c" -mcpu=cortex-m4 -std=gnu11 -g3 -DDEBUG -DUSE_HAL_DRIVER -DSTM32F407xx -c -I../Core/Inc -I../Drivers/STM32F4xx_HAL_Driver/Inc -I../Drivers/STM32F4xx_HAL_Driver/Inc/Legacy -I../Drivers/CMSIS/Device/ST/STM32F4xx/Include -I../Drivers/CMSIS/Include -O0 -ffunction-sections -fdata-sections -Wall -fstack-usage -fcyclomatic-complexity -MMD -MP -MF"Drivers/STM32F4xx_HAL_Driver/Src/stm32f4xx_hal.d" -MT"Drivers/STM32F4xx_HAL_Driver/Src/stm32f4xx_hal.o" --specs=nano.specs -mfpu=fpv4-sp-d16 -mfloat-abi=soft -mthumb -o "Drivers/STM32F4xx_HAL_Driver/Src/stm32f4xx_hal.o"
arm-none-eabi-gcc "../Drivers/STM32F4xx_HAL_Driver/Src/stm32f4xx_hal_cortex.c" -mcpu=cortex-m4 -std=gnu11 -g3 -DDEBUG -DUSE_HAL_DRIVER -DSTM32F407xx -c -I../Core/Inc -I../Drivers/STM32F4xx_HAL_Driver/Inc -I../Drivers/STM32F4xx_HAL_Driver/Inc/Legacy -I../Drivers/CMSIS/Device/ST/STM32F4xx/Include -I../Drivers/CMSIS/Include -O0 -ffunction-sections -fdata-sections -Wall -fstack-usage -fcyclomatic-complexity -MMD -MP -MF"Drivers/STM32F4xx_HAL_Driver/Src/stm32f4xx_hal_cortex.d" -MT"Drivers/STM32F4xx_HAL_Driver/Src/stm32f4xx_hal_cortex.o" --specs=nano.specs -mfpu=fpv4-sp-d16 -mfloat-abi=soft -mthumb -o "Drivers/STM32F4xx_HAL_Driver/Src/stm32f4xx_hal_cortex.o"
arm-none-eabi-gcc "../Drivers/STM32F4xx_HAL_Driver/Src/stm32f4xx_hal_dma.c" -mcpu=cortex-m4 -std=gnu11 -g3 -DDEBUG -DUSE_HAL_DRIVER -DSTM32F407xx -c -I../Core/Inc -I../Drivers/STM32F4xx_HAL_Driver/Inc -I../Drivers/STM32F4xx_HAL_Driver/Inc/Legacy -I../Drivers/CMSIS/Device/ST/STM32F4xx/Include -I../Drivers/CMSIS/Include -O0 -ffunction-sections -fdata-sections -Wall -fstack-usage -fcyclomatic-complexity -MMD -MP -MF"Drivers/STM32F4xx_HAL_Driver/Src/stm32f4xx_hal_dma.d" -MT"Drivers/STM32F4xx_HAL_Driver/Src/stm32f4xx_hal_dma.o" --specs=nano.specs -mfpu=fpv4-sp-d16 -mfloat-abi=soft -mthumb -o "Drivers/STM32F4xx_HAL_Driver/Src/stm32f4xx_hal_dma.o"
arm-none-eabi-gcc "../Drivers/STM32F4xx_HAL_Driver/Src/stm32f4xx_hal_dma_ex.c" -mcpu=cortex-m4 -std=gnu11 -g3 -DDEBUG -DUSE_HAL_DRIVER -DSTM32F407xx -c -I../Core/Inc -I../Drivers/STM32F4xx_HAL_Driver/Inc -I../Drivers/STM32F4xx_HAL_Driver/Inc/Legacy -I../Drivers/CMSIS/Device/ST/STM32F4xx/Include -I../Drivers/CMSIS/Include -O0 -ffunction-sections -fdata-sections -Wall -fstack-usage -fcyclomatic-complexity -MMD -MP -MF"Drivers/STM32F4xx_HAL_Driver/Src/stm32f4xx_hal_dma_ex.d" -MT"Drivers/STM32F4xx_HAL_Driver/Src/stm32f4xx_hal_dma_ex.o" --specs=nano.specs -mfpu=fpv4-sp-d16 -mfloat-abi=soft -mthumb -o "Drivers/STM32F4xx_HAL_Driver/Src/stm32f4xx_hal_dma_ex.o"
arm-none-eabi-gcc "../Drivers/STM32F4xx_HAL_Driver/Src/stm32f4xx_hal_exti.c" -mcpu=cortex-m4 -std=gnu11 -g3 -DDEBUG -DUSE_HAL_DRIVER -DSTM32F407xx -c -I../Core/Inc -I../Drivers/STM32F4xx_HAL_Driver/Inc -I../Drivers/STM32F4xx_HAL_Driver/Inc/Legacy -I../Drivers/CMSIS/Device/ST/STM32F4xx/Include -I../Drivers/CMSIS/Include -O0 -ffunction-sections -fdata-sections -Wall -fstack-usage -fcyclomatic-complexity -MMD -MP -MF"Drivers/STM32F4xx_HAL_Driver/Src/stm32f4xx_hal_exti.d" -MT"Drivers/STM32F4xx_HAL_Driver/Src/stm32f4xx_hal_exti.o" --specs=nano.specs -mfpu=fpv4-sp-d16 -mfloat-abi=soft -mthumb -o "Drivers/STM32F4xx_HAL_Driver/Src/stm32f4xx_hal_exti.o"
arm-none-eabi-gcc "../Drivers/STM32F4xx_HAL_Driver/Src/stm32f4xx_hal_flash.c" -mcpu=cortex-m4 -std=gnu11 -g3 -DDEBUG -DUSE_HAL_DRIVER -DSTM32F407xx -c -I../Core/Inc -I../Drivers/STM32F4xx_HAL_Driver/Inc -I../Drivers/STM32F4xx_HAL_Driver/Inc/Legacy -I../Drivers/CMSIS/Device/ST/STM32F4xx/Include -I../Drivers/CMSIS/Include -O0 -ffunction-sections -fdata-sections -Wall -fstack-usage -fcyclomatic-complexity -MMD -MP -MF"Drivers/STM32F4xx_HAL_Driver/Src/stm32f4xx_hal_flash.d" -MT"Drivers/STM32F4xx_HAL_Driver/Src/stm32f4xx_hal_flash.o" --specs=nano.specs -mfpu=fpv4-sp-d16 -mfloat-abi=soft -mthumb -o "Drivers/STM32F4xx_HAL_Driver/Src/stm32f4xx_hal_flash.o"
arm-none-eabi-gcc "../Drivers/STM32F4xx_HAL_Driver/Src/stm32f4xx_hal_flash_ex.c" -mcpu=cortex-m4 -std=gnu11 -g3 -DDEBUG -DUSE_HAL_DRIVER -DSTM32F407xx -c -I../Core/Inc -I../Drivers/STM32F4xx_HAL_Driver/Inc -I../Drivers/STM32F4xx_HAL_Driver/Inc/Legacy -I../Drivers/CMSIS/Device/ST/STM32F4xx/Include -I../Drivers/CMSIS/Include -O0 -ffunction-sections -fdata-sections -Wall -fstack-usage -fcyclomatic-complexity -MMD -MP -MF"Drivers/STM32F4xx_HAL_Driver/Src/stm32f4xx_hal_flash_ex.d" -MT"Drivers/STM32F4xx_HAL_Driver/Src/stm32f4xx_hal_flash_ex.o" --specs=nano.specs -mfpu=fpv4-sp-d16 -mfloat-abi=soft -mthumb -o "Drivers/STM32F4xx_HAL_Driver/Src/stm32f4xx_hal_flash_ex.o"
arm-none-eabi-gcc "../Drivers/STM32F4xx_HAL_Driver/Src/stm32f4xx_hal_flash_ramfunc.c" -mcpu=cortex-m4 -std=gnu11 -g3 -DDEBUG -DUSE_HAL_DRIVER -DSTM32F407xx -c -I../Core/Inc -I../Drivers/STM32F4xx_HAL_Driver/Inc -I../Drivers/STM32F4xx_HAL_Driver/Inc/Legacy -I../Drivers/CMSIS/Device/ST/STM32F4xx/Include -I../Drivers/CMSIS/Include -O0 -ffunction-sections -fdata-sections -Wall -fstack-usage -fcyclomatic-complexity -MMD -MP -MF"Drivers/STM32F4xx_HAL_Driver/Src/stm32f4xx_hal_flash_ramfunc.d" -MT"Drivers/STM32F4xx_HAL_Driver/Src/stm32f4xx_hal_flash_ramfunc.o" --specs=nano.specs -mfpu=fpv4-sp-d16 -mfloat-abi=soft -mthumb -o "Drivers/STM32F4xx_HAL_Driver/Src/stm32f4xx_hal_flash_ramfunc.o"
arm-none-eabi-gcc "../Drivers/STM32F4xx_HAL_Driver/Src/stm32f4xx_hal_gpio.c" -mcpu=cortex-m4 -std=gnu11 -g3 -DDEBUG -DUSE_HAL_DRIVER -DSTM32F407xx -c -I../Core/Inc -I../Drivers/STM32F4xx_HAL_Driver/Inc -I../Drivers/STM32F4xx_HAL_Driver/Inc/Legacy -I../Drivers/CMSIS/Device/ST/STM32F4xx/Include -I../Drivers/CMSIS/Include -O0 -ffunction-sections -fdata-sections -Wall -fstack-usage -fcyclomatic-complexity -MMD -MP -MF"Drivers/STM32F4xx_HAL_Driver/Src/stm32f4xx_hal_gpio.d" -MT"Drivers/STM32F4xx_HAL_Driver/Src/stm32f4xx_hal_gpio.o" --specs=nano.specs -mfpu=fpv4-sp-d16 -mfloat-abi=soft -mthumb -o "Drivers/STM32F4xx_HAL_Driver/Src/stm32f4xx_hal_gpio.o"
arm-none-eabi-gcc "../Drivers/STM32F4xx_HAL_Driver/Src/stm32f4xx_hal_i2c.c" -mcpu=cortex-m4 -std=gnu11 -g3 -DDEBUG -DUSE_HAL_DRIVER -DSTM32F407xx -c -I../Core/Inc -I../Drivers/STM32F4xx_HAL_Driver/Inc -I../Drivers/STM32F4xx_HAL_Driver/Inc/Legacy -I../Drivers/CMSIS/Device/ST/STM32F4xx/Include -I../Drivers/CMSIS/Include -O0 -ffunction-sections -fdata-sections -Wall -fstack-usage -fcyclomatic-complexity -MMD -MP -MF"Drivers/STM32F4xx_HAL_Driver/Src/stm32f4xx_hal_i2c.d" -MT"Drivers/STM32F4xx_HAL_Driver/Src/stm32f4xx_hal_i2c.o" --specs=nano.specs -mfpu=fpv4-sp-d16 -mfloat-abi=soft -mthumb -o "Drivers/STM32F4xx_HAL_Driver/Src/stm32f4xx_hal_i2c.o"
arm-none-eabi-gcc "../Drivers/STM32F4xx_HAL_Driver/Src/stm32f4xx_hal_i2c_ex.c" -mcpu=cortex-m4 -std=gnu11 -g3 -DDEBUG -DUSE_HAL_DRIVER -DSTM32F407xx -c -I../Core/Inc -I../Drivers/STM32F4xx_HAL_Driver/Inc -I../Drivers/STM32F4xx_HAL_Driver/Inc/Legacy -I../Drivers/CMSIS/Device/ST/STM32F4xx/Include -I../Drivers/CMSIS/Include -O0 -ffunction-sections -fdata-sections -Wall -fstack-usage -fcyclomatic-complexity -MMD -MP -MF"Drivers/STM32F4xx_HAL_Driver/Src/stm32f4xx_hal_i2c_ex.d" -MT"Drivers/STM32F4xx_HAL_Driver/Src/stm32f4xx_hal_i2c_ex.o" --specs=nano.specs -mfpu=fpv4-sp-d16 -mfloat-abi=soft -mthumb -o "Drivers/STM32F4xx_HAL_Driver/Src/stm32f4xx_hal_i2c_ex.o"
arm-none-eabi-gcc "../Drivers/STM32F4xx_HAL_Driver/Src/stm32f4xx_hal_pwr.c" -mcpu=cortex-m4 -std=gnu11 -g3 -DDEBUG -DUSE_HAL_DRIVER -DSTM32F407xx -c -I../Core/Inc -I../Drivers/STM32F4xx_HAL_Driver/Inc -I../Drivers/STM32F4xx_HAL_Driver/Inc/Legacy -I../Drivers/CMSIS/Device/ST/STM32F4xx/Include -I../Drivers/CMSIS/Include -O0 -ffunction-sections -fdata-sections -Wall -fstack-usage -fcyclomatic-complexity -MMD -MP -MF"Drivers/STM32F4xx_HAL_Driver/Src/stm32f4xx_hal_pwr.d" -MT"Drivers/STM32F4xx_HAL_Driver/Src/stm32f4xx_hal_pwr.o" --specs=nano.specs -mfpu=fpv4-sp-d16 -mfloat-abi=soft -mthumb -o "Drivers/STM32F4xx_HAL_Driver/Src/stm32f4xx_hal_pwr.o"
arm-none-eabi-gcc "../Drivers/STM32F4xx_HAL_Driver/Src/stm32f4xx_hal_pwr_ex.c" -mcpu=cortex-m4 -std=gnu11 -g3 -DDEBUG -DUSE_HAL_DRIVER -DSTM32F407xx -c -I../Core/Inc -I../Drivers/STM32F4xx_HAL_Driver/Inc -I../Drivers/STM32F4xx_HAL_Driver/Inc/Legacy -I../Drivers/CMSIS/Device/ST/STM32F4xx/Include -I../Drivers/CMSIS/Include -O0 -ffunction-sections -fdata-sections -Wall -fstack-usage -fcyclomatic-complexity -MMD -MP -MF"Drivers/STM32F4xx_HAL_Driver/Src/stm32f4xx_hal_pwr_ex.d" -MT"Drivers/STM32F4xx_HAL_Driver/Src/stm32f4xx_hal_pwr_ex.o" --specs=nano.specs -mfpu=fpv4-sp-d16 -mfloat-abi=soft -mthumb -o "Drivers/STM32F4xx_HAL_Driver/Src/stm32f4xx_hal_pwr_ex.o"
arm-none-eabi-gcc "../Drivers/STM32F4xx_HAL_Driver/Src/stm32f4xx_hal_rcc.c" -mcpu=cortex-m4 -std=gnu11 -g3 -DDEBUG -DUSE_HAL_DRIVER -DSTM32F407xx -c -I../Core/Inc -I../Drivers/STM32F4xx_HAL_Driver/Inc -I../Drivers/STM32F4xx_HAL_Driver/Inc/Legacy -I../Drivers/CMSIS/Device/ST/STM32F4xx/Include -I../Drivers/CMSIS/Include -O0 -ffunction-sections -fdata-sections -Wall -fstack-usage -fcyclomatic-complexity -MMD -MP -MF"Drivers/STM32F4xx_HAL_Driver/Src/stm32f4xx_hal_rcc.d" -MT"Drivers/STM32F4xx_HAL_Driver/Src/stm32f4xx_hal_rcc.o" --specs=nano.specs -mfpu=fpv4-sp-d16 -mfloat-abi=soft -mthumb -o "Drivers/STM32F4xx_HAL_Driver/Src/stm32f4xx_hal_rcc.o"
arm-none-eabi-gcc "../Drivers/STM32F4xx_HAL_Driver/Src/stm32f4xx_hal_rcc_ex.c" -mcpu=cortex-m4 -std=gnu11 -g3 -DDEBUG -DUSE_HAL_DRIVER -DSTM32F407xx -c -I../Core/Inc -I../Drivers/STM32F4xx_HAL_Driver/Inc -I../Drivers/STM32F4xx_HAL_Driver/Inc/Legacy -I../Drivers/CMSIS/Device/ST/STM32F4xx/Include -I../Drivers/CMSIS/Include -O0 -ffunction-sections -fdata-sections -Wall -fstack-usage -fcyclomatic-complexity -MMD -MP -MF"Drivers/STM32F4xx_HAL_Driver/Src/stm32f4xx_hal_rcc_ex.d" -MT"Drivers/STM32F4xx_HAL_Driver/Src/stm32f4xx_hal_rcc_ex.o" --specs=nano.specs -mfpu=fpv4-sp-d16 -mfloat-abi=soft -mthumb -o "Drivers/STM32F4xx_HAL_Driver/Src/stm32f4xx_hal_rcc_ex.o"
arm-none-eabi-gcc -mcpu=cortex-m4 -g3 -DDEBUG -c -x assembler-with-cpp -MMD -MP -MF"Core/Startup/startup_stm32f407vgtx.d" -MT"Core/Startup/startup_stm32f407vgtx.o" --specs=nano.specs -mfpu=fpv4-sp-d16 -mfloat-abi=soft -mthumb -o "Core/Startup/startup_stm32f407vgtx.o" "../Core/Startup/startup_stm32f407vgtx.s"
arm-none-eabi-gcc "../Core/Src/main.c" -mcpu=cortex-m4 -std=gnu11 -g3 -DDEBUG -DUSE_HAL_DRIVER -DSTM32F407xx -c -I../Core/Inc -I../Drivers/STM32F4xx_HAL_Driver/Inc -I../Drivers/STM32F4xx_HAL_Driver/Inc/Legacy -I../Drivers/CMSIS/Device/ST/STM32F4xx/Include -I../Drivers/CMSIS/Include -O0 -ffunction-sections -fdata-sections -Wall -fstack-usage -fcyclomatic-complexity -MMD -MP -MF"Core/Src/main.d" -MT"Core/Src/main.o" --specs=nano.specs -mfpu=fpv4-sp-d16 -mfloat-abi=soft -mthumb -o "Core/Src/main.o"
arm-none-eabi-gcc "../Core/Src/my_lcd.c" -mcpu=cortex-m4 -std=gnu11 -g3 -DDEBUG -DUSE_HAL_DRIVER -DSTM32F407xx -c -I../Core/Inc -I../Drivers/STM32F4xx_HAL_Driver/Inc -I../Drivers/STM32F4xx_HAL_Driver/Inc/Legacy -I../Drivers/CMSIS/Device/ST/STM32F4xx/Include -I../Drivers/CMSIS/Include -O0 -ffunction-sections -fdata-sections -Wall -fstack-usage -fcyclomatic-complexity -MMD -MP -MF"Core/Src/my_lcd.d" -MT"Core/Src/my_lcd.o" --specs=nano.specs -mfpu=fpv4-sp-d16 -mfloat-abi=soft -mthumb -o "Core/Src/my_lcd.o"
arm-none-eabi-gcc "../Core/Src/stm32f4xx_hal_msp.c" -mcpu=cortex-m4 -std=gnu11 -g3 -DDEBUG -DUSE_HAL_DRIVER -DSTM32F407xx -c -I../Core/Inc -I../Drivers/STM32F4xx_HAL_Driver/Inc -I../Drivers/STM32F4xx_HAL_Driver/Inc/Legacy -I../Drivers/CMSIS/Device/ST/STM32F4xx/Include -I../Drivers/CMSIS/Include -O0 -ffunction-sections -fdata-sections -Wall -fstack-usage -fcyclomatic-complexity -MMD -MP -MF"Core/Src/stm32f4xx_hal_msp.d" -MT"Core/Src/stm32f4xx_hal_msp.o" --specs=nano.specs -mfpu=fpv4-sp-d16 -mfloat-abi=soft -mthumb -o "Core/Src/stm32f4xx_hal_msp.o"
arm-none-eabi-gcc "../Core/Src/stm32f4xx_it.c" -mcpu=cortex-m4 -std=gnu11 -g3 -DDEBUG -DUSE_HAL_DRIVER -DSTM32F407xx -c -I../Core/Inc -I../Drivers/STM32F4xx_HAL_Driver/Inc -I../Drivers/STM32F4xx_HAL_Driver/Inc/Legacy -I../Drivers/CMSIS/Device/ST/STM32F4xx/Include -I../Drivers/CMSIS/Include -O0 -ffunction-sections -fdata-sections -Wall -fstack-usage -fcyclomatic-complexity -MMD -MP -MF"Core/Src/stm32f4xx_it.d" -MT"Core/Src/stm32f4xx_it.o" --specs=nano.specs -mfpu=fpv4-sp-d16 -mfloat-abi=soft -mthumb -o "Core/Src/stm32f4xx_it.o"
arm-none-eabi-gcc "../Core/Src/syscalls.c" -mcpu=cortex-m4 -std=gnu11 -g3 -DDEBUG -DUSE_HAL_DRIVER -DSTM32F407xx -c -I../Core/Inc -I../Drivers/STM32F4xx_HAL_Driver/Inc -I../Drivers/STM32F4xx_HAL_Driver/Inc/Legacy -I../Drivers/CMSIS/Device/ST/STM32F4xx/Include -I../Drivers/CMSIS/Include -O0 -ffunction-sections -fdata-sections -Wall -fstack-usage -fcyclomatic-complexity -MMD -MP -MF"Core/Src/syscalls.d" -MT"Core/Src/syscalls.o" --specs=nano.specs -mfpu=fpv4-sp-d16 -mfloat-abi=soft -mthumb -o "Core/Src/syscalls.o"
arm-none-eabi-gcc "../Core/Src/sysmem.c" -mcpu=cortex-m4 -std=gnu11 -g3 -DDEBUG -DUSE_HAL_DRIVER -DSTM32F407xx -c -I../Core/Inc -I../Drivers/STM32F4xx_HAL_Driver/Inc -I../Drivers/STM32F4xx_HAL_Driver/Inc/Legacy -I../Drivers/CMSIS/Device/ST/STM32F4xx/Include -I../Drivers/CMSIS/Include -O0 -ffunction-sections -fdata-sections -Wall -fstack-usage -fcyclomatic-complexity -MMD -MP -MF"Core/Src/sysmem.d" -MT"Core/Src/sysmem.o" --specs=nano.specs -mfpu=fpv4-sp-d16 -mfloat-abi=soft -mthumb -o "Core/Src/sysmem.o"
arm-none-eabi-gcc "../Core/Src/system_stm32f4xx.c" -mcpu=cortex-m4 -std=gnu11 -g3 -DDEBUG -DUSE_HAL_DRIVER -DSTM32F407xx -c -I../Core/Inc -I../Drivers/STM32F4xx_HAL_Driver/Inc -I../Drivers/STM32F4xx_HAL_Driver/Inc/Legacy -I../Drivers/CMSIS/Device/ST/STM32F4xx/Include -I../Drivers/CMSIS/Include -O0 -ffunction-sections -fdata-sections -Wall -fstack-usage -fcyclomatic-complexity -MMD -MP -MF"Core/Src/system_stm32f4xx.d" -MT"Core/Src/system_stm32f4xx.o" --specs=nano.specs -mfpu=fpv4-sp-d16 -mfloat-abi=soft -mthumb -o "Core/Src/system_stm32f4xx.o"
arm-none-eabi-gcc -o "LCD.elf" @"objects.list"   -mcpu=cortex-m4 -T"C:\Users\sakshi\Desktop\internshipdata\IIT-08-A-ARM\Day-10\HAL_LCD_LECTURE\STM32F407VGTX_FLASH.ld" --specs=nosys.specs -Wl,-Map="LCD.map" -Wl,--gc-sections -static --specs=nano.specs -mfpu=fpv4-sp-d16 -mfloat-abi=soft -mthumb -Wl,--start-group -lc -lm -Wl,--end-group
Finished building target: LCD.elf
 
arm-none-eabi-size  LCD.elf 
arm-none-eabi-objdump -h -S LCD.elf  > "LCD.list"
   text	   data	    bss	    dec	    hex	filename
   9644	     12	   1660	  11316	   2c34	LCD.elf
Finished building: default.size.stdout
 
Finished building: LCD.list
 
14:58:31 **** Incremental Build of configuration Debug for project mq2_lcd ****
make -j28 all 
arm-none-eabi-gcc "../Core/Src/lcd.c" -mcpu=cortex-m4 -std=gnu11 -g3 -DDEBUG -DUSE_HAL_DRIVER -DSTM32F407xx -c -I../Core/Inc -I../Drivers/STM32F4xx_HAL_Driver/Inc -I../Drivers/STM32F4xx_HAL_Driver/Inc/Legacy -I../Drivers/CMSIS/Device/ST/STM32F4xx/Include -I../Drivers/CMSIS/Include -O0 -ffunction-sections -fdata-sections -Wall -fstack-usage -fcyclomatic-complexity -MMD -MP -MF"Core/Src/lcd.d" -MT"Core/Src/lcd.o" --specs=nano.specs -mfpu=fpv4-sp-d16 -mfloat-abi=hard -mthumb -o "Core/Src/lcd.o"
arm-none-eabi-gcc "../Core/Src/main.c" -mcpu=cortex-m4 -std=gnu11 -g3 -DDEBUG -DUSE_HAL_DRIVER -DSTM32F407xx -c -I../Core/Inc -I../Drivers/STM32F4xx_HAL_Driver/Inc -I../Drivers/STM32F4xx_HAL_Driver/Inc/Legacy -I../Drivers/CMSIS/Device/ST/STM32F4xx/Include -I../Drivers/CMSIS/Include -O0 -ffunction-sections -fdata-sections -Wall -fstack-usage -fcyclomatic-complexity -MMD -MP -MF"Core/Src/main.d" -MT"Core/Src/main.o" --specs=nano.specs -mfpu=fpv4-sp-d16 -mfloat-abi=hard -mthumb -o "Core/Src/main.o"
arm-none-eabi-gcc "../Core/Src/mq2.c" -mcpu=cortex-m4 -std=gnu11 -g3 -DDEBUG -DUSE_HAL_DRIVER -DSTM32F407xx -c -I../Core/Inc -I../Drivers/STM32F4xx_HAL_Driver/Inc -I../Drivers/STM32F4xx_HAL_Driver/Inc/Legacy -I../Drivers/CMSIS/Device/ST/STM32F4xx/Include -I../Drivers/CMSIS/Include -O0 -ffunction-sections -fdata-sections -Wall -fstack-usage -fcyclomatic-complexity -MMD -MP -MF"Core/Src/mq2.d" -MT"Core/Src/mq2.o" --specs=nano.specs -mfpu=fpv4-sp-d16 -mfloat-abi=hard -mthumb -o "Core/Src/mq2.o"
In file included from ../Core/Src/main.c:22:
../Core/Inc/mq2.h:6:15: error: unknown type name 'ADC_HandleTypeDef'; did you mean 'I2C_HandleTypeDef'?
    6 | void MQ2_Init(ADC_HandleTypeDef *hadc);
      |               ^~~~~~~~~~~~~~~~~
      |               I2C_HandleTypeDef
In file included from ../Core/Src/mq2.c:8:
../Core/Inc/mq2.h:6:15: error: unknown type name 'ADC_HandleTypeDef'; did you mean 'I2C_HandleTypeDef'?
    6 | void MQ2_Init(ADC_HandleTypeDef *hadc);
      |               ^~~~~~~~~~~~~~~~~
      |               I2C_HandleTypeDef
../Core/Src/mq2.c:10:8: error: unknown type name 'ADC_HandleTypeDef'
   10 | static ADC_HandleTypeDef *mq2_adc;
      |        ^~~~~~~~~~~~~~~~~
../Core/Src/main.c:46:1: error: unknown type name 'ADC_HandleTypeDef'; did you mean 'I2C_HandleTypeDef'?
   46 | ADC_HandleTypeDef hadc1;
      | ^~~~~~~~~~~~~~~~~
      | I2C_HandleTypeDef
../Core/Src/mq2.c:12:15: error: unknown type name 'ADC_HandleTypeDef'; did you mean 'I2C_HandleTypeDef'?
   12 | void MQ2_Init(ADC_HandleTypeDef *hadc)
      |               ^~~~~~~~~~~~~~~~~
      |               I2C_HandleTypeDef
../Core/Src/main.c: In function 'main':
../Core/Src/main.c:98:3: warning: implicit declaration of function 'MQ2_Init' [-Wimplicit-function-declaration]
   98 |   MQ2_Init(&hadc1);
      |   ^~~~~~~~
../Core/Src/main.c: At top level:
../Core/Src/main.c:56:13: warning: 'MX_ADC1_Init' used but never defined
   56 | static void MX_ADC1_Init(void);
      |             ^~~~~~~~~~~~
../Core/Src/mq2.c: In function 'MQ2_Read':
../Core/Src/mq2.c:21:5: warning: implicit declaration of function 'HAL_ADC_Start'; did you mean 'HAL_DMA_Start'? [-Wimplicit-function-declaration]
   21 |     HAL_ADC_Start(mq2_adc);
      |     ^~~~~~~~~~~~~
      |     HAL_DMA_Start
make: *** [Core/Src/subdir.mk:40: Core/Src/main.o] Error 1
make: *** Waiting for unfinished jobs....
../Core/Src/mq2.c:22:5: warning: implicit declaration of function 'HAL_ADC_PollForConversion' [-Wimplicit-function-declaration]
   22 |     HAL_ADC_PollForConversion(mq2_adc, HAL_MAX_DELAY);
      |     ^~~~~~~~~~~~~~~~~~~~~~~~~
../Core/Src/mq2.c:23:13: warning: implicit declaration of function 'HAL_ADC_GetValue' [-Wimplicit-function-declaration]
   23 |     value = HAL_ADC_GetValue(mq2_adc);
      |             ^~~~~~~~~~~~~~~~
../Core/Src/mq2.c:24:5: warning: implicit declaration of function 'HAL_ADC_Stop' [-Wimplicit-function-declaration]
   24 |     HAL_ADC_Stop(mq2_adc);
      |     ^~~~~~~~~~~~
make: *** [Core/Src/subdir.mk:40: Core/Src/mq2.o] Error 1
"make -j28 all" terminated with exit code 2. Build might be incomplete.
15:01:27 **** Incremental Build of configuration Debug for project LCD ****
make -j28 all 
arm-none-eabi-size  LCD.elf 
   text	   data	    bss	    dec	    hex	filename
   9644	     12	   1660	  11316	   2c34	LCD.elf
Finished building: default.size.stdout
 
15:01:27 **** Incremental Build of configuration Debug for project mq2_lcd ****
make -j28 all 
arm-none-eabi-gcc "../Core/Src/main.c" -mcpu=cortex-m4 -std=gnu11 -g3 -DDEBUG -DUSE_HAL_DRIVER -DSTM32F407xx -c -I../Core/Inc -I../Drivers/STM32F4xx_HAL_Driver/Inc -I../Drivers/STM32F4xx_HAL_Driver/Inc/Legacy -I../Drivers/CMSIS/Device/ST/STM32F4xx/Include -I../Drivers/CMSIS/Include -O0 -ffunction-sections -fdata-sections -Wall -fstack-usage -fcyclomatic-complexity -MMD -MP -MF"Core/Src/main.d" -MT"Core/Src/main.o" --specs=nano.specs -mfpu=fpv4-sp-d16 -mfloat-abi=hard -mthumb -o "Core/Src/main.o"
arm-none-eabi-gcc "../Core/Src/mq2.c" -mcpu=cortex-m4 -std=gnu11 -g3 -DDEBUG -DUSE_HAL_DRIVER -DSTM32F407xx -c -I../Core/Inc -I../Drivers/STM32F4xx_HAL_Driver/Inc -I../Drivers/STM32F4xx_HAL_Driver/Inc/Legacy -I../Drivers/CMSIS/Device/ST/STM32F4xx/Include -I../Drivers/CMSIS/Include -O0 -ffunction-sections -fdata-sections -Wall -fstack-usage -fcyclomatic-complexity -MMD -MP -MF"Core/Src/mq2.d" -MT"Core/Src/mq2.o" --specs=nano.specs -mfpu=fpv4-sp-d16 -mfloat-abi=hard -mthumb -o "Core/Src/mq2.o"
In file included from ../Core/Src/main.c:22:
../Core/Inc/mq2.h:5:10: fatal error: stm32f4xx_hal_adc.h: No such file or directory
    5 | #include "stm32f4xx_hal_adc.h"   //  REQUIRED 
      |          ^~~~~~~~~~~~~~~~~~~~~
compilation terminated.
make: *** [Core/Src/subdir.mk:40: Core/Src/main.o] Error 1
In file included from ../Core/Src/mq2.c:8:
../Core/Inc/mq2.h:5:10: fatal error: stm32f4xx_hal_adc.h: No such file or directory
    5 | #include "stm32f4xx_hal_adc.h"   //  REQUIRED 
      |          ^~~~~~~~~~~~~~~~~~~~~
make: *** Waiting for unfinished jobs....
compilation terminated.
make: *** [Core/Src/subdir.mk:40: Core/Src/mq2.o] Error 1
"make -j28 all" terminated with exit code 2. Build might be incomplete.
15:01:58 **** Incremental Build of configuration Debug for project LCD ****
make -j28 all 
arm-none-eabi-size  LCD.elf 
   text	   data	    bss	    dec	    hex	filename
   9644	     12	   1660	  11316	   2c34	LCD.elf
Finished building: default.size.stdout
 
15:01:59 **** Incremental Build of configuration Debug for project mq2_lcd ****
make -j28 all 
arm-none-eabi-gcc "../Core/Src/main.c" -mcpu=cortex-m4 -std=gnu11 -g3 -DDEBUG -DUSE_HAL_DRIVER -DSTM32F407xx -c -I../Core/Inc -I../Drivers/STM32F4xx_HAL_Driver/Inc -I../Drivers/STM32F4xx_HAL_Driver/Inc/Legacy -I../Drivers/CMSIS/Device/ST/STM32F4xx/Include -I../Drivers/CMSIS/Include -O0 -ffunction-sections -fdata-sections -Wall -fstack-usage -fcyclomatic-complexity -MMD -MP -MF"Core/Src/main.d" -MT"Core/Src/main.o" --specs=nano.specs -mfpu=fpv4-sp-d16 -mfloat-abi=hard -mthumb -o "Core/Src/main.o"
arm-none-eabi-gcc "../Core/Src/mq2.c" -mcpu=cortex-m4 -std=gnu11 -g3 -DDEBUG -DUSE_HAL_DRIVER -DSTM32F407xx -c -I../Core/Inc -I../Drivers/STM32F4xx_HAL_Driver/Inc -I../Drivers/STM32F4xx_HAL_Driver/Inc/Legacy -I../Drivers/CMSIS/Device/ST/STM32F4xx/Include -I../Drivers/CMSIS/Include -O0 -ffunction-sections -fdata-sections -Wall -fstack-usage -fcyclomatic-complexity -MMD -MP -MF"Core/Src/mq2.d" -MT"Core/Src/mq2.o" --specs=nano.specs -mfpu=fpv4-sp-d16 -mfloat-abi=hard -mthumb -o "Core/Src/mq2.o"
In file included from ../Core/Src/main.c:22:
../Core/Inc/mq2.h:5:10: fatal error: stm32f4xx_hal_adc.h: No such file or directory
    5 | #include "stm32f4xx_hal_adc.h"   //  REQUIRED 
      |          ^~~~~~~~~~~~~~~~~~~~~
compilation terminated.
make: *** [Core/Src/subdir.mk:40: Core/Src/main.o] Error 1
make: *** Waiting for unfinished jobs....
In file included from ../Core/Src/mq2.c:8:
../Core/Inc/mq2.h:5:10: fatal error: stm32f4xx_hal_adc.h: No such file or directory
    5 | #include "stm32f4xx_hal_adc.h"   //  REQUIRED 
      |          ^~~~~~~~~~~~~~~~~~~~~
compilation terminated.
make: *** [Core/Src/subdir.mk:40: Core/Src/mq2.o] Error 1
"make -j28 all" terminated with exit code 2. Build might be incomplete.
15:02:04 **** Incremental Build of configuration Debug for project LCD ****
make -j28 all 
arm-none-eabi-size  LCD.elf 
   text	   data	    bss	    dec	    hex	filename
   9644	     12	   1660	  11316	   2c34	LCD.elf
Finished building: default.size.stdout
 
15:02:04 **** Incremental Build of configuration Debug for project mq2_lcd ****
make -j28 all 
arm-none-eabi-gcc "../Core/Src/main.c" -mcpu=cortex-m4 -std=gnu11 -g3 -DDEBUG -DUSE_HAL_DRIVER -DSTM32F407xx -c -I../Core/Inc -I../Drivers/STM32F4xx_HAL_Driver/Inc -I../Drivers/STM32F4xx_HAL_Driver/Inc/Legacy -I../Drivers/CMSIS/Device/ST/STM32F4xx/Include -I../Drivers/CMSIS/Include -O0 -ffunction-sections -fdata-sections -Wall -fstack-usage -fcyclomatic-complexity -MMD -MP -MF"Core/Src/main.d" -MT"Core/Src/main.o" --specs=nano.specs -mfpu=fpv4-sp-d16 -mfloat-abi=hard -mthumb -o "Core/Src/main.o"
arm-none-eabi-gcc "../Core/Src/mq2.c" -mcpu=cortex-m4 -std=gnu11 -g3 -DDEBUG -DUSE_HAL_DRIVER -DSTM32F407xx -c -I../Core/Inc -I../Drivers/STM32F4xx_HAL_Driver/Inc -I../Drivers/STM32F4xx_HAL_Driver/Inc/Legacy -I../Drivers/CMSIS/Device/ST/STM32F4xx/Include -I../Drivers/CMSIS/Include -O0 -ffunction-sections -fdata-sections -Wall -fstack-usage -fcyclomatic-complexity -MMD -MP -MF"Core/Src/mq2.d" -MT"Core/Src/mq2.o" --specs=nano.specs -mfpu=fpv4-sp-d16 -mfloat-abi=hard -mthumb -o "Core/Src/mq2.o"
In file included from ../Core/Src/main.c:22:
../Core/Inc/mq2.h:5:10: fatal error: stm32f4xx_hal_adc.h: No such file or directory
    5 | #include "stm32f4xx_hal_adc.h"   //  REQUIRED 
      |          ^~~~~~~~~~~~~~~~~~~~~
compilation terminated.
make: *** [Core/Src/subdir.mk:40: Core/Src/main.o] Error 1
make: *** Waiting for unfinished jobs....
In file included from ../Core/Src/mq2.c:8:
../Core/Inc/mq2.h:5:10: fatal error: stm32f4xx_hal_adc.h: No such file or directory
    5 | #include "stm32f4xx_hal_adc.h"   //  REQUIRED 
      |          ^~~~~~~~~~~~~~~~~~~~~
compilation terminated.
make: *** [Core/Src/subdir.mk:40: Core/Src/mq2.o] Error 1
"make -j28 all" terminated with exit code 2. Build might be incomplete.
15:02:55 **** Incremental Build of configuration Debug for project LCD ****
make -j28 all 
arm-none-eabi-size  LCD.elf 
   text	   data	    bss	    dec	    hex	filename
   9644	     12	   1660	  11316	   2c34	LCD.elf
Finished building: default.size.stdout
 
15:02:55 **** Incremental Build of configuration Debug for project mq2_lcd ****
make -j28 all 
arm-none-eabi-gcc "../Core/Src/main.c" -mcpu=cortex-m4 -std=gnu11 -g3 -DDEBUG -DUSE_HAL_DRIVER -DSTM32F407xx -c -I../Core/Inc -I../Drivers/STM32F4xx_HAL_Driver/Inc -I../Drivers/STM32F4xx_HAL_Driver/Inc/Legacy -I../Drivers/CMSIS/Device/ST/STM32F4xx/Include -I../Drivers/CMSIS/Include -O0 -ffunction-sections -fdata-sections -Wall -fstack-usage -fcyclomatic-complexity -MMD -MP -MF"Core/Src/main.d" -MT"Core/Src/main.o" --specs=nano.specs -mfpu=fpv4-sp-d16 -mfloat-abi=hard -mthumb -o "Core/Src/main.o"
arm-none-eabi-gcc "../Core/Src/mq2.c" -mcpu=cortex-m4 -std=gnu11 -g3 -DDEBUG -DUSE_HAL_DRIVER -DSTM32F407xx -c -I../Core/Inc -I../Drivers/STM32F4xx_HAL_Driver/Inc -I../Drivers/STM32F4xx_HAL_Driver/Inc/Legacy -I../Drivers/CMSIS/Device/ST/STM32F4xx/Include -I../Drivers/CMSIS/Include -O0 -ffunction-sections -fdata-sections -Wall -fstack-usage -fcyclomatic-complexity -MMD -MP -MF"Core/Src/mq2.d" -MT"Core/Src/mq2.o" --specs=nano.specs -mfpu=fpv4-sp-d16 -mfloat-abi=hard -mthumb -o "Core/Src/mq2.o"
In file included from ../Core/Src/main.c:22:
../Core/Inc/mq2.h:5:10: fatal error: stm32f4xx_hal_adc.h: No such file or directory
    5 | #include "stm32f4xx_hal_adc.h"   //  REQUIRED 
      |          ^~~~~~~~~~~~~~~~~~~~~
compilation terminated.
make: *** [Core/Src/subdir.mk:40: Core/Src/main.o] Error 1
make: *** Waiting for unfinished jobs....
In file included from ../Core/Src/mq2.c:8:
../Core/Inc/mq2.h:5:10: fatal error: stm32f4xx_hal_adc.h: No such file or directory
    5 | #include "stm32f4xx_hal_adc.h"   //  REQUIRED 
      |          ^~~~~~~~~~~~~~~~~~~~~
compilation terminated.
make: *** [Core/Src/subdir.mk:40: Core/Src/mq2.o] Error 1
"make -j28 all" terminated with exit code 2. Build might be incomplete.
15:03:29 **** Incremental Build of configuration Debug for project LCD ****
make -j28 all 
arm-none-eabi-size  LCD.elf 
   text	   data	    bss	    dec	    hex	filename
   9644	     12	   1660	  11316	   2c34	LCD.elf
Finished building: default.size.stdout
 
15:03:30 **** Incremental Build of configuration Debug for project mq2_lcd ****
make -j28 all 
arm-none-eabi-gcc "../Core/Src/main.c" -mcpu=cortex-m4 -std=gnu11 -g3 -DDEBUG -DUSE_HAL_DRIVER -DSTM32F407xx -c -I../Core/Inc -I../Drivers/STM32F4xx_HAL_Driver/Inc -I../Drivers/STM32F4xx_HAL_Driver/Inc/Legacy -I../Drivers/CMSIS/Device/ST/STM32F4xx/Include -I../Drivers/CMSIS/Include -O0 -ffunction-sections -fdata-sections -Wall -fstack-usage -fcyclomatic-complexity -MMD -MP -MF"Core/Src/main.d" -MT"Core/Src/main.o" --specs=nano.specs -mfpu=fpv4-sp-d16 -mfloat-abi=hard -mthumb -o "Core/Src/main.o"
arm-none-eabi-gcc "../Core/Src/mq2.c" -mcpu=cortex-m4 -std=gnu11 -g3 -DDEBUG -DUSE_HAL_DRIVER -DSTM32F407xx -c -I../Core/Inc -I../Drivers/STM32F4xx_HAL_Driver/Inc -I../Drivers/STM32F4xx_HAL_Driver/Inc/Legacy -I../Drivers/CMSIS/Device/ST/STM32F4xx/Include -I../Drivers/CMSIS/Include -O0 -ffunction-sections -fdata-sections -Wall -fstack-usage -fcyclomatic-complexity -MMD -MP -MF"Core/Src/mq2.d" -MT"Core/Src/mq2.o" --specs=nano.specs -mfpu=fpv4-sp-d16 -mfloat-abi=hard -mthumb -o "Core/Src/mq2.o"
In file included from ../Core/Src/main.c:22:
../Core/Inc/mq2.h:5:10: fatal error: stm32f4xx_hal_adc.h: No such file or directory
    5 | #include "stm32f4xx_hal_adc.h"   //  REQUIRED 
      |          ^~~~~~~~~~~~~~~~~~~~~
compilation terminated.
make: *** [Core/Src/subdir.mk:40: Core/Src/main.o] Error 1
make: *** Waiting for unfinished jobs....
In file included from ../Core/Src/mq2.c:8:
../Core/Inc/mq2.h:5:10: fatal error: stm32f4xx_hal_adc.h: No such file or directory
    5 | #include "stm32f4xx_hal_adc.h"   //  REQUIRED 
      |          ^~~~~~~~~~~~~~~~~~~~~
compilation terminated.
make: *** [Core/Src/subdir.mk:40: Core/Src/mq2.o] Error 1
"make -j28 all" terminated with exit code 2. Build might be incomplete.
15:04:06 **** Incremental Build of configuration Debug for project LCD ****
make -j28 all 
arm-none-eabi-size  LCD.elf 
   text	   data	    bss	    dec	    hex	filename
   9644	     12	   1660	  11316	   2c34	LCD.elf
Finished building: default.size.stdout
 
15:04:06 **** Incremental Build of configuration Debug for project mq2_lcd ****
make -j28 all 
arm-none-eabi-gcc "../Core/Src/main.c" -mcpu=cortex-m4 -std=gnu11 -g3 -DDEBUG -DUSE_HAL_DRIVER -DSTM32F407xx -c -I../Core/Inc -I../Drivers/STM32F4xx_HAL_Driver/Inc -I../Drivers/STM32F4xx_HAL_Driver/Inc/Legacy -I../Drivers/CMSIS/Device/ST/STM32F4xx/Include -I../Drivers/CMSIS/Include -O0 -ffunction-sections -fdata-sections -Wall -fstack-usage -fcyclomatic-complexity -MMD -MP -MF"Core/Src/main.d" -MT"Core/Src/main.o" --specs=nano.specs -mfpu=fpv4-sp-d16 -mfloat-abi=hard -mthumb -o "Core/Src/main.o"
arm-none-eabi-gcc "../Core/Src/mq2.c" -mcpu=cortex-m4 -std=gnu11 -g3 -DDEBUG -DUSE_HAL_DRIVER -DSTM32F407xx -c -I../Core/Inc -I../Drivers/STM32F4xx_HAL_Driver/Inc -I../Drivers/STM32F4xx_HAL_Driver/Inc/Legacy -I../Drivers/CMSIS/Device/ST/STM32F4xx/Include -I../Drivers/CMSIS/Include -O0 -ffunction-sections -fdata-sections -Wall -fstack-usage -fcyclomatic-complexity -MMD -MP -MF"Core/Src/mq2.d" -MT"Core/Src/mq2.o" --specs=nano.specs -mfpu=fpv4-sp-d16 -mfloat-abi=hard -mthumb -o "Core/Src/mq2.o"
In file included from ../Core/Src/main.c:22:
../Core/Inc/mq2.h:5:10: fatal error: stm32f4xx_hal_adc.h: No such file or directory
    5 | #include "stm32f4xx_hal_adc.h"   //  REQUIRED 
      |          ^~~~~~~~~~~~~~~~~~~~~
compilation terminated.
make: *** [Core/Src/subdir.mk:40: Core/Src/main.o] Error 1
make: *** Waiting for unfinished jobs....
In file included from ../Core/Src/mq2.c:8:
../Core/Inc/mq2.h:5:10: fatal error: stm32f4xx_hal_adc.h: No such file or directory
    5 | #include "stm32f4xx_hal_adc.h"   //  REQUIRED 
      |          ^~~~~~~~~~~~~~~~~~~~~
compilation terminated.
make: *** [Core/Src/subdir.mk:40: Core/Src/mq2.o] Error 1
"make -j28 all" terminated with exit code 2. Build might be incomplete.
15:05:39 **** Incremental Build of configuration Debug for project LCD ****
make -j28 all 
arm-none-eabi-size  LCD.elf 
   text	   data	    bss	    dec	    hex	filename
   9644	     12	   1660	  11316	   2c34	LCD.elf
Finished building: default.size.stdout
 
15:05:39 **** Incremental Build of configuration Debug for project mq2_lcd ****
make -j28 all 
arm-none-eabi-gcc "../Core/Src/main.c" -mcpu=cortex-m4 -std=gnu11 -g3 -DDEBUG -DUSE_HAL_DRIVER -DSTM32F407xx -c -I../Core/Inc -I../Drivers/STM32F4xx_HAL_Driver/Inc -I../Drivers/STM32F4xx_HAL_Driver/Inc/Legacy -I../Drivers/CMSIS/Device/ST/STM32F4xx/Include -I../Drivers/CMSIS/Include -O0 -ffunction-sections -fdata-sections -Wall -fstack-usage -fcyclomatic-complexity -MMD -MP -MF"Core/Src/main.d" -MT"Core/Src/main.o" --specs=nano.specs -mfpu=fpv4-sp-d16 -mfloat-abi=hard -mthumb -o "Core/Src/main.o"
arm-none-eabi-gcc "../Core/Src/mq2.c" -mcpu=cortex-m4 -std=gnu11 -g3 -DDEBUG -DUSE_HAL_DRIVER -DSTM32F407xx -c -I../Core/Inc -I../Drivers/STM32F4xx_HAL_Driver/Inc -I../Drivers/STM32F4xx_HAL_Driver/Inc/Legacy -I../Drivers/CMSIS/Device/ST/STM32F4xx/Include -I../Drivers/CMSIS/Include -O0 -ffunction-sections -fdata-sections -Wall -fstack-usage -fcyclomatic-complexity -MMD -MP -MF"Core/Src/mq2.d" -MT"Core/Src/mq2.o" --specs=nano.specs -mfpu=fpv4-sp-d16 -mfloat-abi=hard -mthumb -o "Core/Src/mq2.o"
In file included from ../Core/Src/main.c:22:
../Core/Inc/mq2.h:8:15: error: unknown type name 'ADC_HandleTypeDef'; did you mean 'I2C_HandleTypeDef'?
    8 | void MQ2_Init(ADC_HandleTypeDef *hadc);
      |               ^~~~~~~~~~~~~~~~~
      |               I2C_HandleTypeDef
In file included from ../Core/Src/mq2.c:8:
../Core/Inc/mq2.h:8:15: error: unknown type name 'ADC_HandleTypeDef'; did you mean 'I2C_HandleTypeDef'?
    8 | void MQ2_Init(ADC_HandleTypeDef *hadc);
      |               ^~~~~~~~~~~~~~~~~
      |               I2C_HandleTypeDef
../Core/Src/mq2.c:9:10: fatal error: stm32f4xx_hal_adc.h: No such file or directory
    9 | #include "stm32f4xx_hal_adc.h"
      |          ^~~~~~~~~~~~~~~~~~~~~
compilation terminated.
make: *** [Core/Src/subdir.mk:40: Core/Src/mq2.o] Error 1
make: *** Waiting for unfinished jobs....
../Core/Src/main.c:46:1: error: unknown type name 'ADC_HandleTypeDef'; did you mean 'I2C_HandleTypeDef'?
   46 | ADC_HandleTypeDef hadc1;
      | ^~~~~~~~~~~~~~~~~
      | I2C_HandleTypeDef
../Core/Src/main.c: In function 'main':
../Core/Src/main.c:100:3: warning: implicit declaration of function 'MQ2_Init' [-Wimplicit-function-declaration]
  100 |   MQ2_Init(&hadc1);
      |   ^~~~~~~~
../Core/Src/main.c: In function 'MX_ADC1_Init':
../Core/Src/main.c:185:5: error: unknown type name 'ADC_ChannelConfTypeDef'; did you mean 'ADC_Common_TypeDef'?
  185 |     ADC_ChannelConfTypeDef sConfig = {0};
      |     ^~~~~~~~~~~~~~~~~~~~~~
      |     ADC_Common_TypeDef
../Core/Src/main.c:190:10: error: request for member 'Instance' in something not a structure or union
  190 |     hadc1.Instance = ADC1;
      |          ^
../Core/Src/main.c:191:10: error: request for member 'Init' in something not a structure or union
  191 |     hadc1.Init.ClockPrescaler = ADC_CLOCK_SYNC_PCLK_DIV2;
      |          ^
../Core/Src/main.c:191:33: error: 'ADC_CLOCK_SYNC_PCLK_DIV2' undeclared (first use in this function); did you mean 'ADC_CLOCKPRESCALER_PCLK_DIV2'?
  191 |     hadc1.Init.ClockPrescaler = ADC_CLOCK_SYNC_PCLK_DIV2;
      |                                 ^~~~~~~~~~~~~~~~~~~~~~~~
      |                                 ADC_CLOCKPRESCALER_PCLK_DIV2
../Core/Src/main.c:191:33: note: each undeclared identifier is reported only once for each function it appears in
../Core/Src/main.c:192:10: error: request for member 'Init' in something not a structure or union
  192 |     hadc1.Init.Resolution = ADC_RESOLUTION_12B;
      |          ^
../Core/Src/main.c:192:29: error: 'ADC_RESOLUTION_12B' undeclared (first use in this function); did you mean 'ADC_RESOLUTION12b'?
  192 |     hadc1.Init.Resolution = ADC_RESOLUTION_12B;
      |                             ^~~~~~~~~~~~~~~~~~
      |                             ADC_RESOLUTION12b
../Core/Src/main.c:193:10: error: request for member 'Init' in something not a structure or union
  193 |     hadc1.Init.ScanConvMode = DISABLE;
      |          ^
../Core/Src/main.c:194:10: error: request for member 'Init' in something not a structure or union
  194 |     hadc1.Init.ContinuousConvMode = DISABLE;
      |          ^
../Core/Src/main.c:195:10: error: request for member 'Init' in something not a structure or union
  195 |     hadc1.Init.DiscontinuousConvMode = DISABLE;
      |          ^
../Core/Src/main.c:196:10: error: request for member 'Init' in something not a structure or union
  196 |     hadc1.Init.DataAlign = ADC_DATAALIGN_RIGHT;
      |          ^
../Core/Src/main.c:196:28: error: 'ADC_DATAALIGN_RIGHT' undeclared (first use in this function)
  196 |     hadc1.Init.DataAlign = ADC_DATAALIGN_RIGHT;
      |                            ^~~~~~~~~~~~~~~~~~~
../Core/Src/main.c:197:10: error: request for member 'Init' in something not a structure or union
  197 |     hadc1.Init.NbrOfConversion = 1;
      |          ^
../Core/Src/main.c:198:10: error: request for member 'Init' in something not a structure or union
  198 |     hadc1.Init.ExternalTrigConv = ADC_SOFTWARE_START;
      |          ^
../Core/Src/main.c:198:35: error: 'ADC_SOFTWARE_START' undeclared (first use in this function)
  198 |     hadc1.Init.ExternalTrigConv = ADC_SOFTWARE_START;
      |                                   ^~~~~~~~~~~~~~~~~~
../Core/Src/main.c:200:9: warning: implicit declaration of function 'HAL_ADC_Init'; did you mean 'HAL_I2C_Init'? [-Wimplicit-function-declaration]
  200 |     if (HAL_ADC_Init(&hadc1) != HAL_OK)
      |         ^~~~~~~~~~~~
      |         HAL_I2C_Init
../Core/Src/main.c:205:12: error: request for member 'Channel' in something not a structure or union
  205 |     sConfig.Channel = ADC_CHANNEL_0;   // PA0
      |            ^
../Core/Src/main.c:205:23: error: 'ADC_CHANNEL_0' undeclared (first use in this function); did you mean 'DAC2_CHANNEL_1'?
  205 |     sConfig.Channel = ADC_CHANNEL_0;   // PA0
      |                       ^~~~~~~~~~~~~
      |                       DAC2_CHANNEL_1
../Core/Src/main.c:206:12: error: request for member 'Rank' in something not a structure or union
  206 |     sConfig.Rank = 1;
      |            ^
../Core/Src/main.c:207:12: error: request for member 'SamplingTime' in something not a structure or union
  207 |     sConfig.SamplingTime = ADC_SAMPLETIME_3CYCLES;
      |            ^
../Core/Src/main.c:207:28: error: 'ADC_SAMPLETIME_3CYCLES' undeclared (first use in this function); did you mean 'ADC_SAMPLETIME_2CYCLE_5'?
  207 |     sConfig.SamplingTime = ADC_SAMPLETIME_3CYCLES;
      |                            ^~~~~~~~~~~~~~~~~~~~~~
      |                            ADC_SAMPLETIME_2CYCLE_5
../Core/Src/main.c:209:9: warning: implicit declaration of function 'HAL_ADC_ConfigChannel' [-Wimplicit-function-declaration]
  209 |     if (HAL_ADC_ConfigChannel(&hadc1, &sConfig) != HAL_OK)
      |         ^~~~~~~~~~~~~~~~~~~~~
make: *** [Core/Src/subdir.mk:40: Core/Src/main.o] Error 1
"make -j28 all" terminated with exit code 2. Build might be incomplete.
15:06:01 **** Incremental Build of configuration Debug for project LCD ****
make -j28 all 
arm-none-eabi-size  LCD.elf 
   text	   data	    bss	    dec	    hex	filename
   9644	     12	   1660	  11316	   2c34	LCD.elf
Finished building: default.size.stdout
 
15:06:01 **** Incremental Build of configuration Debug for project mq2_lcd ****
make -j28 all 
arm-none-eabi-gcc "../Core/Src/main.c" -mcpu=cortex-m4 -std=gnu11 -g3 -DDEBUG -DUSE_HAL_DRIVER -DSTM32F407xx -c -I../Core/Inc -I../Drivers/STM32F4xx_HAL_Driver/Inc -I../Drivers/STM32F4xx_HAL_Driver/Inc/Legacy -I../Drivers/CMSIS/Device/ST/STM32F4xx/Include -I../Drivers/CMSIS/Include -O0 -ffunction-sections -fdata-sections -Wall -fstack-usage -fcyclomatic-complexity -MMD -MP -MF"Core/Src/main.d" -MT"Core/Src/main.o" --specs=nano.specs -mfpu=fpv4-sp-d16 -mfloat-abi=hard -mthumb -o "Core/Src/main.o"
arm-none-eabi-gcc "../Core/Src/mq2.c" -mcpu=cortex-m4 -std=gnu11 -g3 -DDEBUG -DUSE_HAL_DRIVER -DSTM32F407xx -c -I../Core/Inc -I../Drivers/STM32F4xx_HAL_Driver/Inc -I../Drivers/STM32F4xx_HAL_Driver/Inc/Legacy -I../Drivers/CMSIS/Device/ST/STM32F4xx/Include -I../Drivers/CMSIS/Include -O0 -ffunction-sections -fdata-sections -Wall -fstack-usage -fcyclomatic-complexity -MMD -MP -MF"Core/Src/mq2.d" -MT"Core/Src/mq2.o" --specs=nano.specs -mfpu=fpv4-sp-d16 -mfloat-abi=hard -mthumb -o "Core/Src/mq2.o"
In file included from ../Core/Src/main.c:22:
../Core/Inc/mq2.h:6:15: error: unknown type name 'ADC_HandleTypeDef'; did you mean 'I2C_HandleTypeDef'?
    6 | void MQ2_Init(ADC_HandleTypeDef *hadc);
      |               ^~~~~~~~~~~~~~~~~
      |               I2C_HandleTypeDef
In file included from ../Core/Src/mq2.c:8:
../Core/Inc/mq2.h:6:15: error: unknown type name 'ADC_HandleTypeDef'; did you mean 'I2C_HandleTypeDef'?
    6 | void MQ2_Init(ADC_HandleTypeDef *hadc);
      |               ^~~~~~~~~~~~~~~~~
      |               I2C_HandleTypeDef
../Core/Src/mq2.c:9:10: fatal error: stm32f4xx_hal_adc.h: No such file or directory
    9 | #include "stm32f4xx_hal_adc.h"
      |          ^~~~~~~~~~~~~~~~~~~~~
compilation terminated.
make: *** [Core/Src/subdir.mk:40: Core/Src/mq2.o] Error 1
make: *** Waiting for unfinished jobs....
../Core/Src/main.c:46:1: error: unknown type name 'ADC_HandleTypeDef'; did you mean 'I2C_HandleTypeDef'?
   46 | ADC_HandleTypeDef hadc1;
      | ^~~~~~~~~~~~~~~~~
      | I2C_HandleTypeDef
../Core/Src/main.c: In function 'main':
../Core/Src/main.c:100:3: warning: implicit declaration of function 'MQ2_Init' [-Wimplicit-function-declaration]
  100 |   MQ2_Init(&hadc1);
      |   ^~~~~~~~
../Core/Src/main.c: In function 'MX_ADC1_Init':
../Core/Src/main.c:185:5: error: unknown type name 'ADC_ChannelConfTypeDef'; did you mean 'ADC_Common_TypeDef'?
  185 |     ADC_ChannelConfTypeDef sConfig = {0};
      |     ^~~~~~~~~~~~~~~~~~~~~~
      |     ADC_Common_TypeDef
../Core/Src/main.c:190:10: error: request for member 'Instance' in something not a structure or union
  190 |     hadc1.Instance = ADC1;
      |          ^
../Core/Src/main.c:191:10: error: request for member 'Init' in something not a structure or union
  191 |     hadc1.Init.ClockPrescaler = ADC_CLOCK_SYNC_PCLK_DIV2;
      |          ^
../Core/Src/main.c:191:33: error: 'ADC_CLOCK_SYNC_PCLK_DIV2' undeclared (first use in this function); did you mean 'ADC_CLOCKPRESCALER_PCLK_DIV2'?
  191 |     hadc1.Init.ClockPrescaler = ADC_CLOCK_SYNC_PCLK_DIV2;
      |                                 ^~~~~~~~~~~~~~~~~~~~~~~~
      |                                 ADC_CLOCKPRESCALER_PCLK_DIV2
../Core/Src/main.c:191:33: note: each undeclared identifier is reported only once for each function it appears in
../Core/Src/main.c:192:10: error: request for member 'Init' in something not a structure or union
  192 |     hadc1.Init.Resolution = ADC_RESOLUTION_12B;
      |          ^
../Core/Src/main.c:192:29: error: 'ADC_RESOLUTION_12B' undeclared (first use in this function); did you mean 'ADC_RESOLUTION12b'?
  192 |     hadc1.Init.Resolution = ADC_RESOLUTION_12B;
      |                             ^~~~~~~~~~~~~~~~~~
      |                             ADC_RESOLUTION12b
../Core/Src/main.c:193:10: error: request for member 'Init' in something not a structure or union
  193 |     hadc1.Init.ScanConvMode = DISABLE;
      |          ^
../Core/Src/main.c:194:10: error: request for member 'Init' in something not a structure or union
  194 |     hadc1.Init.ContinuousConvMode = DISABLE;
      |          ^
../Core/Src/main.c:195:10: error: request for member 'Init' in something not a structure or union
  195 |     hadc1.Init.DiscontinuousConvMode = DISABLE;
      |          ^
../Core/Src/main.c:196:10: error: request for member 'Init' in something not a structure or union
  196 |     hadc1.Init.DataAlign = ADC_DATAALIGN_RIGHT;
      |          ^
../Core/Src/main.c:196:28: error: 'ADC_DATAALIGN_RIGHT' undeclared (first use in this function)
  196 |     hadc1.Init.DataAlign = ADC_DATAALIGN_RIGHT;
      |                            ^~~~~~~~~~~~~~~~~~~
../Core/Src/main.c:197:10: error: request for member 'Init' in something not a structure or union
  197 |     hadc1.Init.NbrOfConversion = 1;
      |          ^
../Core/Src/main.c:198:10: error: request for member 'Init' in something not a structure or union
  198 |     hadc1.Init.ExternalTrigConv = ADC_SOFTWARE_START;
      |          ^
../Core/Src/main.c:198:35: error: 'ADC_SOFTWARE_START' undeclared (first use in this function)
  198 |     hadc1.Init.ExternalTrigConv = ADC_SOFTWARE_START;
      |                                   ^~~~~~~~~~~~~~~~~~
../Core/Src/main.c:200:9: warning: implicit declaration of function 'HAL_ADC_Init'; did you mean 'HAL_I2C_Init'? [-Wimplicit-function-declaration]
  200 |     if (HAL_ADC_Init(&hadc1) != HAL_OK)
      |         ^~~~~~~~~~~~
      |         HAL_I2C_Init
../Core/Src/main.c:205:12: error: request for member 'Channel' in something not a structure or union
  205 |     sConfig.Channel = ADC_CHANNEL_0;   // PA0
      |            ^
../Core/Src/main.c:205:23: error: 'ADC_CHANNEL_0' undeclared (first use in this function); did you mean 'DAC2_CHANNEL_1'?
  205 |     sConfig.Channel = ADC_CHANNEL_0;   // PA0
      |                       ^~~~~~~~~~~~~
      |                       DAC2_CHANNEL_1
../Core/Src/main.c:206:12: error: request for member 'Rank' in something not a structure or union
  206 |     sConfig.Rank = 1;
      |            ^
../Core/Src/main.c:207:12: error: request for member 'SamplingTime' in something not a structure or union
  207 |     sConfig.SamplingTime = ADC_SAMPLETIME_3CYCLES;
      |            ^
../Core/Src/main.c:207:28: error: 'ADC_SAMPLETIME_3CYCLES' undeclared (first use in this function); did you mean 'ADC_SAMPLETIME_2CYCLE_5'?
  207 |     sConfig.SamplingTime = ADC_SAMPLETIME_3CYCLES;
      |                            ^~~~~~~~~~~~~~~~~~~~~~
      |                            ADC_SAMPLETIME_2CYCLE_5
../Core/Src/main.c:209:9: warning: implicit declaration of function 'HAL_ADC_ConfigChannel' [-Wimplicit-function-declaration]
  209 |     if (HAL_ADC_ConfigChannel(&hadc1, &sConfig) != HAL_OK)
      |         ^~~~~~~~~~~~~~~~~~~~~
make: *** [Core/Src/subdir.mk:40: Core/Src/main.o] Error 1
"make -j28 all" terminated with exit code 2. Build might be incomplete.
15:06:21 **** Incremental Build of configuration Debug for project LCD ****
make -j28 all 
arm-none-eabi-size  LCD.elf 
   text	   data	    bss	    dec	    hex	filename
   9644	     12	   1660	  11316	   2c34	LCD.elf
Finished building: default.size.stdout
 
15:06:22 **** Incremental Build of configuration Debug for project mq2_lcd ****
make -j28 all 
arm-none-eabi-gcc "../Core/Src/main.c" -mcpu=cortex-m4 -std=gnu11 -g3 -DDEBUG -DUSE_HAL_DRIVER -DSTM32F407xx -c -I../Core/Inc -I../Drivers/STM32F4xx_HAL_Driver/Inc -I../Drivers/STM32F4xx_HAL_Driver/Inc/Legacy -I../Drivers/CMSIS/Device/ST/STM32F4xx/Include -I../Drivers/CMSIS/Include -O0 -ffunction-sections -fdata-sections -Wall -fstack-usage -fcyclomatic-complexity -MMD -MP -MF"Core/Src/main.d" -MT"Core/Src/main.o" --specs=nano.specs -mfpu=fpv4-sp-d16 -mfloat-abi=hard -mthumb -o "Core/Src/main.o"
arm-none-eabi-gcc "../Core/Src/mq2.c" -mcpu=cortex-m4 -std=gnu11 -g3 -DDEBUG -DUSE_HAL_DRIVER -DSTM32F407xx -c -I../Core/Inc -I../Drivers/STM32F4xx_HAL_Driver/Inc -I../Drivers/STM32F4xx_HAL_Driver/Inc/Legacy -I../Drivers/CMSIS/Device/ST/STM32F4xx/Include -I../Drivers/CMSIS/Include -O0 -ffunction-sections -fdata-sections -Wall -fstack-usage -fcyclomatic-complexity -MMD -MP -MF"Core/Src/mq2.d" -MT"Core/Src/mq2.o" --specs=nano.specs -mfpu=fpv4-sp-d16 -mfloat-abi=hard -mthumb -o "Core/Src/mq2.o"
In file included from ../Core/Src/main.c:22:
../Core/Inc/mq2.h:6:15: error: unknown type name 'ADC_HandleTypeDef'; did you mean 'I2C_HandleTypeDef'?
    6 | void MQ2_Init(ADC_HandleTypeDef *hadc);
      |               ^~~~~~~~~~~~~~~~~
      |               I2C_HandleTypeDef
In file included from ../Core/Src/mq2.c:8:
../Core/Inc/mq2.h:6:15: error: unknown type name 'ADC_HandleTypeDef'; did you mean 'I2C_HandleTypeDef'?
    6 | void MQ2_Init(ADC_HandleTypeDef *hadc);
      |               ^~~~~~~~~~~~~~~~~
      |               I2C_HandleTypeDef
../Core/Src/mq2.c:9:10: fatal error: stm32f4xx_hal_adc.h: No such file or directory
    9 | #include "stm32f4xx_hal_adc.h"
      |          ^~~~~~~~~~~~~~~~~~~~~
compilation terminated.
make: *** [Core/Src/subdir.mk:40: Core/Src/mq2.o] Error 1
make: *** Waiting for unfinished jobs....
../Core/Src/main.c:46:1: error: unknown type name 'ADC_HandleTypeDef'; did you mean 'I2C_HandleTypeDef'?
   46 | ADC_HandleTypeDef hadc1;
      | ^~~~~~~~~~~~~~~~~
      | I2C_HandleTypeDef
../Core/Src/main.c: In function 'main':
../Core/Src/main.c:100:3: warning: implicit declaration of function 'MQ2_Init' [-Wimplicit-function-declaration]
  100 |   MQ2_Init(&hadc1);
      |   ^~~~~~~~
../Core/Src/main.c: In function 'MX_ADC1_Init':
../Core/Src/main.c:185:5: error: unknown type name 'ADC_ChannelConfTypeDef'; did you mean 'ADC_Common_TypeDef'?
  185 |     ADC_ChannelConfTypeDef sConfig = {0};
      |     ^~~~~~~~~~~~~~~~~~~~~~
      |     ADC_Common_TypeDef
../Core/Src/main.c:190:10: error: request for member 'Instance' in something not a structure or union
  190 |     hadc1.Instance = ADC1;
      |          ^
../Core/Src/main.c:191:10: error: request for member 'Init' in something not a structure or union
  191 |     hadc1.Init.ClockPrescaler = ADC_CLOCK_SYNC_PCLK_DIV2;
      |          ^
../Core/Src/main.c:191:33: error: 'ADC_CLOCK_SYNC_PCLK_DIV2' undeclared (first use in this function); did you mean 'ADC_CLOCKPRESCALER_PCLK_DIV2'?
  191 |     hadc1.Init.ClockPrescaler = ADC_CLOCK_SYNC_PCLK_DIV2;
      |                                 ^~~~~~~~~~~~~~~~~~~~~~~~
      |                                 ADC_CLOCKPRESCALER_PCLK_DIV2
../Core/Src/main.c:191:33: note: each undeclared identifier is reported only once for each function it appears in
../Core/Src/main.c:192:10: error: request for member 'Init' in something not a structure or union
  192 |     hadc1.Init.Resolution = ADC_RESOLUTION_12B;
      |          ^
../Core/Src/main.c:192:29: error: 'ADC_RESOLUTION_12B' undeclared (first use in this function); did you mean 'ADC_RESOLUTION12b'?
  192 |     hadc1.Init.Resolution = ADC_RESOLUTION_12B;
      |                             ^~~~~~~~~~~~~~~~~~
      |                             ADC_RESOLUTION12b
../Core/Src/main.c:193:10: error: request for member 'Init' in something not a structure or union
  193 |     hadc1.Init.ScanConvMode = DISABLE;
      |          ^
../Core/Src/main.c:194:10: error: request for member 'Init' in something not a structure or union
  194 |     hadc1.Init.ContinuousConvMode = DISABLE;
      |          ^
../Core/Src/main.c:195:10: error: request for member 'Init' in something not a structure or union
  195 |     hadc1.Init.DiscontinuousConvMode = DISABLE;
      |          ^
../Core/Src/main.c:196:10: error: request for member 'Init' in something not a structure or union
  196 |     hadc1.Init.DataAlign = ADC_DATAALIGN_RIGHT;
      |          ^
../Core/Src/main.c:196:28: error: 'ADC_DATAALIGN_RIGHT' undeclared (first use in this function)
  196 |     hadc1.Init.DataAlign = ADC_DATAALIGN_RIGHT;
      |                            ^~~~~~~~~~~~~~~~~~~
../Core/Src/main.c:197:10: error: request for member 'Init' in something not a structure or union
  197 |     hadc1.Init.NbrOfConversion = 1;
      |          ^
../Core/Src/main.c:198:10: error: request for member 'Init' in something not a structure or union
  198 |     hadc1.Init.ExternalTrigConv = ADC_SOFTWARE_START;
      |          ^
../Core/Src/main.c:198:35: error: 'ADC_SOFTWARE_START' undeclared (first use in this function)
  198 |     hadc1.Init.ExternalTrigConv = ADC_SOFTWARE_START;
      |                                   ^~~~~~~~~~~~~~~~~~
../Core/Src/main.c:200:9: warning: implicit declaration of function 'HAL_ADC_Init'; did you mean 'HAL_I2C_Init'? [-Wimplicit-function-declaration]
  200 |     if (HAL_ADC_Init(&hadc1) != HAL_OK)
      |         ^~~~~~~~~~~~
      |         HAL_I2C_Init
../Core/Src/main.c:205:12: error: request for member 'Channel' in something not a structure or union
  205 |     sConfig.Channel = ADC_CHANNEL_0;   // PA0
      |            ^
../Core/Src/main.c:205:23: error: 'ADC_CHANNEL_0' undeclared (first use in this function); did you mean 'DAC2_CHANNEL_1'?
  205 |     sConfig.Channel = ADC_CHANNEL_0;   // PA0
      |                       ^~~~~~~~~~~~~
      |                       DAC2_CHANNEL_1
../Core/Src/main.c:206:12: error: request for member 'Rank' in something not a structure or union
  206 |     sConfig.Rank = 1;
      |            ^
../Core/Src/main.c:207:12: error: request for member 'SamplingTime' in something not a structure or union
  207 |     sConfig.SamplingTime = ADC_SAMPLETIME_3CYCLES;
      |            ^
../Core/Src/main.c:207:28: error: 'ADC_SAMPLETIME_3CYCLES' undeclared (first use in this function); did you mean 'ADC_SAMPLETIME_2CYCLE_5'?
  207 |     sConfig.SamplingTime = ADC_SAMPLETIME_3CYCLES;
      |                            ^~~~~~~~~~~~~~~~~~~~~~
      |                            ADC_SAMPLETIME_2CYCLE_5
../Core/Src/main.c:209:9: warning: implicit declaration of function 'HAL_ADC_ConfigChannel' [-Wimplicit-function-declaration]
  209 |     if (HAL_ADC_ConfigChannel(&hadc1, &sConfig) != HAL_OK)
      |         ^~~~~~~~~~~~~~~~~~~~~
make: *** [Core/Src/subdir.mk:40: Core/Src/main.o] Error 1
"make -j28 all" terminated with exit code 2. Build might be incomplete.
15:07:54 **** Incremental Build of configuration Debug for project LCD ****
make -j28 all 
arm-none-eabi-size  LCD.elf 
   text	   data	    bss	    dec	    hex	filename
   9644	     12	   1660	  11316	   2c34	LCD.elf
Finished building: default.size.stdout
 
15:07:56 **** Incremental Build of configuration Debug for project mq2_lcd ****
make -j28 all 
arm-none-eabi-gcc "../Core/Src/main.c" -mcpu=cortex-m4 -std=gnu11 -g3 -DDEBUG -DUSE_HAL_DRIVER -DSTM32F407xx -c -I../Core/Inc -I../Drivers/STM32F4xx_HAL_Driver/Inc -I../Drivers/STM32F4xx_HAL_Driver/Inc/Legacy -I../Drivers/CMSIS/Device/ST/STM32F4xx/Include -I../Drivers/CMSIS/Include -O0 -ffunction-sections -fdata-sections -Wall -fstack-usage -fcyclomatic-complexity -MMD -MP -MF"Core/Src/main.d" -MT"Core/Src/main.o" --specs=nano.specs -mfpu=fpv4-sp-d16 -mfloat-abi=hard -mthumb -o "Core/Src/main.o"
arm-none-eabi-gcc "../Core/Src/mq2.c" -mcpu=cortex-m4 -std=gnu11 -g3 -DDEBUG -DUSE_HAL_DRIVER -DSTM32F407xx -c -I../Core/Inc -I../Drivers/STM32F4xx_HAL_Driver/Inc -I../Drivers/STM32F4xx_HAL_Driver/Inc/Legacy -I../Drivers/CMSIS/Device/ST/STM32F4xx/Include -I../Drivers/CMSIS/Include -O0 -ffunction-sections -fdata-sections -Wall -fstack-usage -fcyclomatic-complexity -MMD -MP -MF"Core/Src/mq2.d" -MT"Core/Src/mq2.o" --specs=nano.specs -mfpu=fpv4-sp-d16 -mfloat-abi=hard -mthumb -o "Core/Src/mq2.o"
In file included from ../Core/Src/main.c:22:
../Core/Inc/mq2.h:6:15: error: unknown type name 'ADC_HandleTypeDef'; did you mean 'I2C_HandleTypeDef'?
    6 | void MQ2_Init(ADC_HandleTypeDef *hadc);
      |               ^~~~~~~~~~~~~~~~~
      |               I2C_HandleTypeDef
In file included from ../Core/Src/mq2.c:8:
../Core/Inc/mq2.h:6:15: error: unknown type name 'ADC_HandleTypeDef'; did you mean 'I2C_HandleTypeDef'?
    6 | void MQ2_Init(ADC_HandleTypeDef *hadc);
      |               ^~~~~~~~~~~~~~~~~
      |               I2C_HandleTypeDef
../Core/Src/mq2.c:9:10: fatal error: stm32f4xx_hal_adc.h: No such file or directory
    9 | #include "stm32f4xx_hal_adc.h"
      |          ^~~~~~~~~~~~~~~~~~~~~
compilation terminated.
make: *** [Core/Src/subdir.mk:40: Core/Src/mq2.o] Error 1
make: *** Waiting for unfinished jobs....
../Core/Src/main.c:46:1: error: unknown type name 'ADC_HandleTypeDef'; did you mean 'I2C_HandleTypeDef'?
   46 | ADC_HandleTypeDef hadc1;
      | ^~~~~~~~~~~~~~~~~
      | I2C_HandleTypeDef
../Core/Src/main.c: In function 'main':
../Core/Src/main.c:100:3: warning: implicit declaration of function 'MQ2_Init' [-Wimplicit-function-declaration]
  100 |   MQ2_Init(&hadc1);
      |   ^~~~~~~~
../Core/Src/main.c: In function 'MX_ADC1_Init':
../Core/Src/main.c:185:5: error: unknown type name 'ADC_ChannelConfTypeDef'; did you mean 'ADC_Common_TypeDef'?
  185 |     ADC_ChannelConfTypeDef sConfig = {0};
      |     ^~~~~~~~~~~~~~~~~~~~~~
      |     ADC_Common_TypeDef
../Core/Src/main.c:190:10: error: request for member 'Instance' in something not a structure or union
  190 |     hadc1.Instance = ADC1;
      |          ^
../Core/Src/main.c:191:10: error: request for member 'Init' in something not a structure or union
  191 |     hadc1.Init.ClockPrescaler = ADC_CLOCK_SYNC_PCLK_DIV2;
      |          ^
../Core/Src/main.c:191:33: error: 'ADC_CLOCK_SYNC_PCLK_DIV2' undeclared (first use in this function); did you mean 'ADC_CLOCKPRESCALER_PCLK_DIV2'?
  191 |     hadc1.Init.ClockPrescaler = ADC_CLOCK_SYNC_PCLK_DIV2;
      |                                 ^~~~~~~~~~~~~~~~~~~~~~~~
      |                                 ADC_CLOCKPRESCALER_PCLK_DIV2
../Core/Src/main.c:191:33: note: each undeclared identifier is reported only once for each function it appears in
../Core/Src/main.c:192:10: error: request for member 'Init' in something not a structure or union
  192 |     hadc1.Init.Resolution = ADC_RESOLUTION_12B;
      |          ^
../Core/Src/main.c:192:29: error: 'ADC_RESOLUTION_12B' undeclared (first use in this function); did you mean 'ADC_RESOLUTION12b'?
  192 |     hadc1.Init.Resolution = ADC_RESOLUTION_12B;
      |                             ^~~~~~~~~~~~~~~~~~
      |                             ADC_RESOLUTION12b
../Core/Src/main.c:193:10: error: request for member 'Init' in something not a structure or union
  193 |     hadc1.Init.ScanConvMode = DISABLE;
      |          ^
../Core/Src/main.c:194:10: error: request for member 'Init' in something not a structure or union
  194 |     hadc1.Init.ContinuousConvMode = DISABLE;
      |          ^
../Core/Src/main.c:195:10: error: request for member 'Init' in something not a structure or union
  195 |     hadc1.Init.DiscontinuousConvMode = DISABLE;
      |          ^
../Core/Src/main.c:196:10: error: request for member 'Init' in something not a structure or union
  196 |     hadc1.Init.DataAlign = ADC_DATAALIGN_RIGHT;
      |          ^
../Core/Src/main.c:196:28: error: 'ADC_DATAALIGN_RIGHT' undeclared (first use in this function)
  196 |     hadc1.Init.DataAlign = ADC_DATAALIGN_RIGHT;
      |                            ^~~~~~~~~~~~~~~~~~~
../Core/Src/main.c:197:10: error: request for member 'Init' in something not a structure or union
  197 |     hadc1.Init.NbrOfConversion = 1;
      |          ^
../Core/Src/main.c:198:10: error: request for member 'Init' in something not a structure or union
  198 |     hadc1.Init.ExternalTrigConv = ADC_SOFTWARE_START;
      |          ^
../Core/Src/main.c:198:35: error: 'ADC_SOFTWARE_START' undeclared (first use in this function)
  198 |     hadc1.Init.ExternalTrigConv = ADC_SOFTWARE_START;
      |                                   ^~~~~~~~~~~~~~~~~~
../Core/Src/main.c:200:9: warning: implicit declaration of function 'HAL_ADC_Init'; did you mean 'HAL_I2C_Init'? [-Wimplicit-function-declaration]
  200 |     if (HAL_ADC_Init(&hadc1) != HAL_OK)
      |         ^~~~~~~~~~~~
      |         HAL_I2C_Init
../Core/Src/main.c:205:12: error: request for member 'Channel' in something not a structure or union
  205 |     sConfig.Channel = ADC_CHANNEL_0;   // PA0
      |            ^
../Core/Src/main.c:205:23: error: 'ADC_CHANNEL_0' undeclared (first use in this function); did you mean 'DAC2_CHANNEL_1'?
  205 |     sConfig.Channel = ADC_CHANNEL_0;   // PA0
      |                       ^~~~~~~~~~~~~
      |                       DAC2_CHANNEL_1
../Core/Src/main.c:206:12: error: request for member 'Rank' in something not a structure or union
  206 |     sConfig.Rank = 1;
      |            ^
../Core/Src/main.c:207:12: error: request for member 'SamplingTime' in something not a structure or union
  207 |     sConfig.SamplingTime = ADC_SAMPLETIME_3CYCLES;
      |            ^
../Core/Src/main.c:207:28: error: 'ADC_SAMPLETIME_3CYCLES' undeclared (first use in this function); did you mean 'ADC_SAMPLETIME_2CYCLE_5'?
  207 |     sConfig.SamplingTime = ADC_SAMPLETIME_3CYCLES;
      |                            ^~~~~~~~~~~~~~~~~~~~~~
      |                            ADC_SAMPLETIME_2CYCLE_5
../Core/Src/main.c:209:9: warning: implicit declaration of function 'HAL_ADC_ConfigChannel' [-Wimplicit-function-declaration]
  209 |     if (HAL_ADC_ConfigChannel(&hadc1, &sConfig) != HAL_OK)
      |         ^~~~~~~~~~~~~~~~~~~~~
make: *** [Core/Src/subdir.mk:40: Core/Src/main.o] Error 1
"make -j28 all" terminated with exit code 2. Build might be incomplete.
15:08:44 **** Incremental Build of configuration Debug for project LCD ****
make -j28 all 
arm-none-eabi-size  LCD.elf 
   text	   data	    bss	    dec	    hex	filename
   9644	     12	   1660	  11316	   2c34	LCD.elf
Finished building: default.size.stdout
 
15:08:45 **** Incremental Build of configuration Debug for project mq2_lcd ****
make -j28 all 
arm-none-eabi-gcc "../Core/Src/main.c" -mcpu=cortex-m4 -std=gnu11 -g3 -DDEBUG -DUSE_HAL_DRIVER -DSTM32F407xx -c -I../Core/Inc -I../Drivers/STM32F4xx_HAL_Driver/Inc -I../Drivers/STM32F4xx_HAL_Driver/Inc/Legacy -I../Drivers/CMSIS/Device/ST/STM32F4xx/Include -I../Drivers/CMSIS/Include -O0 -ffunction-sections -fdata-sections -Wall -fstack-usage -fcyclomatic-complexity -MMD -MP -MF"Core/Src/main.d" -MT"Core/Src/main.o" --specs=nano.specs -mfpu=fpv4-sp-d16 -mfloat-abi=hard -mthumb -o "Core/Src/main.o"
arm-none-eabi-gcc "../Core/Src/mq2.c" -mcpu=cortex-m4 -std=gnu11 -g3 -DDEBUG -DUSE_HAL_DRIVER -DSTM32F407xx -c -I../Core/Inc -I../Drivers/STM32F4xx_HAL_Driver/Inc -I../Drivers/STM32F4xx_HAL_Driver/Inc/Legacy -I../Drivers/CMSIS/Device/ST/STM32F4xx/Include -I../Drivers/CMSIS/Include -O0 -ffunction-sections -fdata-sections -Wall -fstack-usage -fcyclomatic-complexity -MMD -MP -MF"Core/Src/mq2.d" -MT"Core/Src/mq2.o" --specs=nano.specs -mfpu=fpv4-sp-d16 -mfloat-abi=hard -mthumb -o "Core/Src/mq2.o"
In file included from ../Core/Src/main.c:22:
../Core/Inc/mq2.h:6:15: error: unknown type name 'ADC_HandleTypeDef'; did you mean 'I2C_HandleTypeDef'?
    6 | void MQ2_Init(ADC_HandleTypeDef *hadc);
      |               ^~~~~~~~~~~~~~~~~
      |               I2C_HandleTypeDef
In file included from ../Core/Src/mq2.c:8:
../Core/Inc/mq2.h:6:15: error: unknown type name 'ADC_HandleTypeDef'; did you mean 'I2C_HandleTypeDef'?
    6 | void MQ2_Init(ADC_HandleTypeDef *hadc);
      |               ^~~~~~~~~~~~~~~~~
      |               I2C_HandleTypeDef
../Core/Src/mq2.c:9:10: fatal error: stm32f4xx_hal_adc.h: No such file or directory
    9 | #include "stm32f4xx_hal_adc.h"
      |          ^~~~~~~~~~~~~~~~~~~~~
compilation terminated.
make: *** [Core/Src/subdir.mk:40: Core/Src/mq2.o] Error 1
make: *** Waiting for unfinished jobs....
../Core/Src/main.c:46:1: error: unknown type name 'ADC_HandleTypeDef'; did you mean 'I2C_HandleTypeDef'?
   46 | ADC_HandleTypeDef hadc1;
      | ^~~~~~~~~~~~~~~~~
      | I2C_HandleTypeDef
../Core/Src/main.c: In function 'main':
../Core/Src/main.c:100:3: warning: implicit declaration of function 'MQ2_Init' [-Wimplicit-function-declaration]
  100 |   MQ2_Init(&hadc1);
      |   ^~~~~~~~
../Core/Src/main.c: In function 'MX_ADC1_Init':
../Core/Src/main.c:185:5: error: unknown type name 'ADC_ChannelConfTypeDef'; did you mean 'ADC_Common_TypeDef'?
  185 |     ADC_ChannelConfTypeDef sConfig = {0};
      |     ^~~~~~~~~~~~~~~~~~~~~~
      |     ADC_Common_TypeDef
../Core/Src/main.c:190:10: error: request for member 'Instance' in something not a structure or union
  190 |     hadc1.Instance = ADC1;
      |          ^
../Core/Src/main.c:191:10: error: request for member 'Init' in something not a structure or union
  191 |     hadc1.Init.ClockPrescaler = ADC_CLOCK_SYNC_PCLK_DIV2;
      |          ^
../Core/Src/main.c:191:33: error: 'ADC_CLOCK_SYNC_PCLK_DIV2' undeclared (first use in this function); did you mean 'ADC_CLOCKPRESCALER_PCLK_DIV2'?
  191 |     hadc1.Init.ClockPrescaler = ADC_CLOCK_SYNC_PCLK_DIV2;
      |                                 ^~~~~~~~~~~~~~~~~~~~~~~~
      |                                 ADC_CLOCKPRESCALER_PCLK_DIV2
../Core/Src/main.c:191:33: note: each undeclared identifier is reported only once for each function it appears in
../Core/Src/main.c:192:10: error: request for member 'Init' in something not a structure or union
  192 |     hadc1.Init.Resolution = ADC_RESOLUTION_12B;
      |          ^
../Core/Src/main.c:192:29: error: 'ADC_RESOLUTION_12B' undeclared (first use in this function); did you mean 'ADC_RESOLUTION12b'?
  192 |     hadc1.Init.Resolution = ADC_RESOLUTION_12B;
      |                             ^~~~~~~~~~~~~~~~~~
      |                             ADC_RESOLUTION12b
../Core/Src/main.c:193:10: error: request for member 'Init' in something not a structure or union
  193 |     hadc1.Init.ScanConvMode = DISABLE;
      |          ^
../Core/Src/main.c:194:10: error: request for member 'Init' in something not a structure or union
  194 |     hadc1.Init.ContinuousConvMode = DISABLE;
      |          ^
../Core/Src/main.c:195:10: error: request for member 'Init' in something not a structure or union
  195 |     hadc1.Init.DiscontinuousConvMode = DISABLE;
      |          ^
../Core/Src/main.c:196:10: error: request for member 'Init' in something not a structure or union
  196 |     hadc1.Init.DataAlign = ADC_DATAALIGN_RIGHT;
      |          ^
../Core/Src/main.c:196:28: error: 'ADC_DATAALIGN_RIGHT' undeclared (first use in this function)
  196 |     hadc1.Init.DataAlign = ADC_DATAALIGN_RIGHT;
      |                            ^~~~~~~~~~~~~~~~~~~
../Core/Src/main.c:197:10: error: request for member 'Init' in something not a structure or union
  197 |     hadc1.Init.NbrOfConversion = 1;
      |          ^
../Core/Src/main.c:198:10: error: request for member 'Init' in something not a structure or union
  198 |     hadc1.Init.ExternalTrigConv = ADC_SOFTWARE_START;
      |          ^
../Core/Src/main.c:198:35: error: 'ADC_SOFTWARE_START' undeclared (first use in this function)
  198 |     hadc1.Init.ExternalTrigConv = ADC_SOFTWARE_START;
      |                                   ^~~~~~~~~~~~~~~~~~
../Core/Src/main.c:200:9: warning: implicit declaration of function 'HAL_ADC_Init'; did you mean 'HAL_I2C_Init'? [-Wimplicit-function-declaration]
  200 |     if (HAL_ADC_Init(&hadc1) != HAL_OK)
      |         ^~~~~~~~~~~~
      |         HAL_I2C_Init
../Core/Src/main.c:205:12: error: request for member 'Channel' in something not a structure or union
  205 |     sConfig.Channel = ADC_CHANNEL_0;   // PA0
      |            ^
../Core/Src/main.c:205:23: error: 'ADC_CHANNEL_0' undeclared (first use in this function); did you mean 'DAC2_CHANNEL_1'?
  205 |     sConfig.Channel = ADC_CHANNEL_0;   // PA0
      |                       ^~~~~~~~~~~~~
      |                       DAC2_CHANNEL_1
../Core/Src/main.c:206:12: error: request for member 'Rank' in something not a structure or union
  206 |     sConfig.Rank = 1;
      |            ^
../Core/Src/main.c:207:12: error: request for member 'SamplingTime' in something not a structure or union
  207 |     sConfig.SamplingTime = ADC_SAMPLETIME_3CYCLES;
      |            ^
../Core/Src/main.c:207:28: error: 'ADC_SAMPLETIME_3CYCLES' undeclared (first use in this function); did you mean 'ADC_SAMPLETIME_2CYCLE_5'?
  207 |     sConfig.SamplingTime = ADC_SAMPLETIME_3CYCLES;
      |                            ^~~~~~~~~~~~~~~~~~~~~~
      |                            ADC_SAMPLETIME_2CYCLE_5
../Core/Src/main.c:209:9: warning: implicit declaration of function 'HAL_ADC_ConfigChannel' [-Wimplicit-function-declaration]
  209 |     if (HAL_ADC_ConfigChannel(&hadc1, &sConfig) != HAL_OK)
      |         ^~~~~~~~~~~~~~~~~~~~~
make: *** [Core/Src/subdir.mk:40: Core/Src/main.o] Error 1
"make -j28 all" terminated with exit code 2. Build might be incomplete.
15:10:54 **** Incremental Build of configuration Debug for project LCD ****
make -j28 all 
arm-none-eabi-size  LCD.elf 
   text	   data	    bss	    dec	    hex	filename
   9644	     12	   1660	  11316	   2c34	LCD.elf
Finished building: default.size.stdout
 
15:10:56 **** Incremental Build of configuration Debug for project mq2_lcd ****
make -j28 all 
arm-none-eabi-gcc "../Core/Src/main.c" -mcpu=cortex-m4 -std=gnu11 -g3 -DDEBUG -DUSE_HAL_DRIVER -DSTM32F407xx -c -I../Core/Inc -I../Drivers/STM32F4xx_HAL_Driver/Inc -I../Drivers/STM32F4xx_HAL_Driver/Inc/Legacy -I../Drivers/CMSIS/Device/ST/STM32F4xx/Include -I../Drivers/CMSIS/Include -O0 -ffunction-sections -fdata-sections -Wall -fstack-usage -fcyclomatic-complexity -MMD -MP -MF"Core/Src/main.d" -MT"Core/Src/main.o" --specs=nano.specs -mfpu=fpv4-sp-d16 -mfloat-abi=hard -mthumb -o "Core/Src/main.o"
arm-none-eabi-gcc "../Core/Src/mq2.c" -mcpu=cortex-m4 -std=gnu11 -g3 -DDEBUG -DUSE_HAL_DRIVER -DSTM32F407xx -c -I../Core/Inc -I../Drivers/STM32F4xx_HAL_Driver/Inc -I../Drivers/STM32F4xx_HAL_Driver/Inc/Legacy -I../Drivers/CMSIS/Device/ST/STM32F4xx/Include -I../Drivers/CMSIS/Include -O0 -ffunction-sections -fdata-sections -Wall -fstack-usage -fcyclomatic-complexity -MMD -MP -MF"Core/Src/mq2.d" -MT"Core/Src/mq2.o" --specs=nano.specs -mfpu=fpv4-sp-d16 -mfloat-abi=hard -mthumb -o "Core/Src/mq2.o"
../Core/Src/mq2.c:9:10: fatal error: stm32f4xx_hal_adc.h: No such file or directory
    9 | #include "stm32f4xx_hal_adc.h"
      |          ^~~~~~~~~~~~~~~~~~~~~
compilation terminated.
make: *** [Core/Src/subdir.mk:40: Core/Src/mq2.o] Error 1
make: *** Waiting for unfinished jobs....
../Core/Src/main.c:46:1: error: unknown type name 'ADC_HandleTypeDef'; did you mean 'I2C_HandleTypeDef'?
   46 | ADC_HandleTypeDef hadc1;
      | ^~~~~~~~~~~~~~~~~
      | I2C_HandleTypeDef
../Core/Src/main.c: In function 'main':
../Core/Src/main.c:100:12: warning: passing argument 1 of 'MQ2_Init' from incompatible pointer type [-Wincompatible-pointer-types]
  100 |   MQ2_Init(&hadc1);
      |            ^~~~~~
      |            |
      |            int *
In file included from ../Core/Src/main.c:22:
../Core/Inc/mq2.h:6:34: note: expected 'I2C_HandleTypeDef *' but argument is of type 'int *'
    6 | void MQ2_Init(I2C_HandleTypeDef *hadc);
      |               ~~~~~~~~~~~~~~~~~~~^~~~
../Core/Src/main.c: In function 'MX_ADC1_Init':
../Core/Src/main.c:185:5: error: unknown type name 'ADC_ChannelConfTypeDef'; did you mean 'ADC_Common_TypeDef'?
  185 |     ADC_ChannelConfTypeDef sConfig = {0};
      |     ^~~~~~~~~~~~~~~~~~~~~~
      |     ADC_Common_TypeDef
../Core/Src/main.c:190:10: error: request for member 'Instance' in something not a structure or union
  190 |     hadc1.Instance = ADC1;
      |          ^
../Core/Src/main.c:191:10: error: request for member 'Init' in something not a structure or union
  191 |     hadc1.Init.ClockPrescaler = ADC_CLOCK_SYNC_PCLK_DIV2;
      |          ^
../Core/Src/main.c:191:33: error: 'ADC_CLOCK_SYNC_PCLK_DIV2' undeclared (first use in this function); did you mean 'ADC_CLOCKPRESCALER_PCLK_DIV2'?
  191 |     hadc1.Init.ClockPrescaler = ADC_CLOCK_SYNC_PCLK_DIV2;
      |                                 ^~~~~~~~~~~~~~~~~~~~~~~~
      |                                 ADC_CLOCKPRESCALER_PCLK_DIV2
../Core/Src/main.c:191:33: note: each undeclared identifier is reported only once for each function it appears in
../Core/Src/main.c:192:10: error: request for member 'Init' in something not a structure or union
  192 |     hadc1.Init.Resolution = ADC_RESOLUTION_12B;
      |          ^
../Core/Src/main.c:192:29: error: 'ADC_RESOLUTION_12B' undeclared (first use in this function); did you mean 'ADC_RESOLUTION12b'?
  192 |     hadc1.Init.Resolution = ADC_RESOLUTION_12B;
      |                             ^~~~~~~~~~~~~~~~~~
      |                             ADC_RESOLUTION12b
../Core/Src/main.c:193:10: error: request for member 'Init' in something not a structure or union
  193 |     hadc1.Init.ScanConvMode = DISABLE;
      |          ^
../Core/Src/main.c:194:10: error: request for member 'Init' in something not a structure or union
  194 |     hadc1.Init.ContinuousConvMode = DISABLE;
      |          ^
../Core/Src/main.c:195:10: error: request for member 'Init' in something not a structure or union
  195 |     hadc1.Init.DiscontinuousConvMode = DISABLE;
      |          ^
../Core/Src/main.c:196:10: error: request for member 'Init' in something not a structure or union
  196 |     hadc1.Init.DataAlign = ADC_DATAALIGN_RIGHT;
      |          ^
../Core/Src/main.c:196:28: error: 'ADC_DATAALIGN_RIGHT' undeclared (first use in this function)
  196 |     hadc1.Init.DataAlign = ADC_DATAALIGN_RIGHT;
      |                            ^~~~~~~~~~~~~~~~~~~
../Core/Src/main.c:197:10: error: request for member 'Init' in something not a structure or union
  197 |     hadc1.Init.NbrOfConversion = 1;
      |          ^
../Core/Src/main.c:198:10: error: request for member 'Init' in something not a structure or union
  198 |     hadc1.Init.ExternalTrigConv = ADC_SOFTWARE_START;
      |          ^
../Core/Src/main.c:198:35: error: 'ADC_SOFTWARE_START' undeclared (first use in this function)
  198 |     hadc1.Init.ExternalTrigConv = ADC_SOFTWARE_START;
      |                                   ^~~~~~~~~~~~~~~~~~
../Core/Src/main.c:200:9: warning: implicit declaration of function 'HAL_ADC_Init'; did you mean 'HAL_I2C_Init'? [-Wimplicit-function-declaration]
  200 |     if (HAL_ADC_Init(&hadc1) != HAL_OK)
      |         ^~~~~~~~~~~~
      |         HAL_I2C_Init
../Core/Src/main.c:205:12: error: request for member 'Channel' in something not a structure or union
  205 |     sConfig.Channel = ADC_CHANNEL_0;   // PA0
      |            ^
../Core/Src/main.c:205:23: error: 'ADC_CHANNEL_0' undeclared (first use in this function); did you mean 'DAC2_CHANNEL_1'?
  205 |     sConfig.Channel = ADC_CHANNEL_0;   // PA0
      |                       ^~~~~~~~~~~~~
      |                       DAC2_CHANNEL_1
../Core/Src/main.c:206:12: error: request for member 'Rank' in something not a structure or union
  206 |     sConfig.Rank = 1;
      |            ^
../Core/Src/main.c:207:12: error: request for member 'SamplingTime' in something not a structure or union
  207 |     sConfig.SamplingTime = ADC_SAMPLETIME_3CYCLES;
      |            ^
../Core/Src/main.c:207:28: error: 'ADC_SAMPLETIME_3CYCLES' undeclared (first use in this function); did you mean 'ADC_SAMPLETIME_2CYCLE_5'?
  207 |     sConfig.SamplingTime = ADC_SAMPLETIME_3CYCLES;
      |                            ^~~~~~~~~~~~~~~~~~~~~~
      |                            ADC_SAMPLETIME_2CYCLE_5
../Core/Src/main.c:209:9: warning: implicit declaration of function 'HAL_ADC_ConfigChannel' [-Wimplicit-function-declaration]
  209 |     if (HAL_ADC_ConfigChannel(&hadc1, &sConfig) != HAL_OK)
      |         ^~~~~~~~~~~~~~~~~~~~~
make: *** [Core/Src/subdir.mk:40: Core/Src/main.o] Error 1
"make -j28 all" terminated with exit code 2. Build might be incomplete.
15:11:20 **** Incremental Build of configuration Debug for project LCD ****
make -j28 all 
arm-none-eabi-size  LCD.elf 
   text	   data	    bss	    dec	    hex	filename
   9644	     12	   1660	  11316	   2c34	LCD.elf
Finished building: default.size.stdout
 
15:11:21 **** Incremental Build of configuration Debug for project mq2_lcd ****
make -j28 all 
arm-none-eabi-gcc "../Core/Src/main.c" -mcpu=cortex-m4 -std=gnu11 -g3 -DDEBUG -DUSE_HAL_DRIVER -DSTM32F407xx -c -I../Core/Inc -I../Drivers/STM32F4xx_HAL_Driver/Inc -I../Drivers/STM32F4xx_HAL_Driver/Inc/Legacy -I../Drivers/CMSIS/Device/ST/STM32F4xx/Include -I../Drivers/CMSIS/Include -O0 -ffunction-sections -fdata-sections -Wall -fstack-usage -fcyclomatic-complexity -MMD -MP -MF"Core/Src/main.d" -MT"Core/Src/main.o" --specs=nano.specs -mfpu=fpv4-sp-d16 -mfloat-abi=hard -mthumb -o "Core/Src/main.o"
arm-none-eabi-gcc "../Core/Src/mq2.c" -mcpu=cortex-m4 -std=gnu11 -g3 -DDEBUG -DUSE_HAL_DRIVER -DSTM32F407xx -c -I../Core/Inc -I../Drivers/STM32F4xx_HAL_Driver/Inc -I../Drivers/STM32F4xx_HAL_Driver/Inc/Legacy -I../Drivers/CMSIS/Device/ST/STM32F4xx/Include -I../Drivers/CMSIS/Include -O0 -ffunction-sections -fdata-sections -Wall -fstack-usage -fcyclomatic-complexity -MMD -MP -MF"Core/Src/mq2.d" -MT"Core/Src/mq2.o" --specs=nano.specs -mfpu=fpv4-sp-d16 -mfloat-abi=hard -mthumb -o "Core/Src/mq2.o"
../Core/Src/mq2.c:11:8: error: unknown type name 'ADC_HandleTypeDef'
   11 | static ADC_HandleTypeDef *mq2_adc;
      |        ^~~~~~~~~~~~~~~~~
../Core/Src/main.c:46:1: error: unknown type name 'ADC_HandleTypeDef'; did you mean 'I2C_HandleTypeDef'?
   46 | ADC_HandleTypeDef hadc1;
      | ^~~~~~~~~~~~~~~~~
      | I2C_HandleTypeDef
../Core/Src/main.c: In function 'main':
../Core/Src/main.c:100:12: warning: passing argument 1 of 'MQ2_Init' from incompatible pointer type [-Wincompatible-pointer-types]
  100 |   MQ2_Init(&hadc1);
      |            ^~~~~~
      |            |
      |            int *
In file included from ../Core/Src/main.c:22:
../Core/Inc/mq2.h:6:34: note: expected 'I2C_HandleTypeDef *' but argument is of type 'int *'
    6 | void MQ2_Init(I2C_HandleTypeDef *hadc);
      |               ~~~~~~~~~~~~~~~~~~~^~~~
../Core/Src/mq2.c:13:15: error: unknown type name 'ADC_HandleTypeDef'; did you mean 'I2C_HandleTypeDef'?
   13 | void MQ2_Init(ADC_HandleTypeDef *hadc)
      |               ^~~~~~~~~~~~~~~~~
      |               I2C_HandleTypeDef
../Core/Src/mq2.c: In function 'MQ2_Read':
../Core/Src/mq2.c:22:5: warning: implicit declaration of function 'HAL_ADC_Start'; did you mean 'HAL_DMA_Start'? [-Wimplicit-function-declaration]
   22 |     HAL_ADC_Start(mq2_adc);
      |     ^~~~~~~~~~~~~
      |     HAL_DMA_Start
../Core/Src/main.c: In function 'MX_ADC1_Init':
../Core/Src/main.c:185:5: error: unknown type name 'ADC_ChannelConfTypeDef'; did you mean 'ADC_Common_TypeDef'?
  185 |     ADC_ChannelConfTypeDef sConfig = {0};
      |     ^~~~~~~~~~~~~~~~~~~~~~
      |     ADC_Common_TypeDef
../Core/Src/main.c:190:10: error: request for member 'Instance' in something not a structure or union
  190 |     hadc1.Instance = ADC1;
      |          ^
../Core/Src/main.c:191:10: error: request for member 'Init' in something not a structure or union
  191 |     hadc1.Init.ClockPrescaler = ADC_CLOCK_SYNC_PCLK_DIV2;
      |          ^
../Core/Src/mq2.c:23:5: warning: implicit declaration of function 'HAL_ADC_PollForConversion' [-Wimplicit-function-declaration]
   23 |     HAL_ADC_PollForConversion(mq2_adc, HAL_MAX_DELAY);
      |     ^~~~~~~~~~~~~~~~~~~~~~~~~
../Core/Src/main.c:191:33: error: 'ADC_CLOCK_SYNC_PCLK_DIV2' undeclared (first use in this function); did you mean 'ADC_CLOCKPRESCALER_PCLK_DIV2'?
  191 |     hadc1.Init.ClockPrescaler = ADC_CLOCK_SYNC_PCLK_DIV2;
      |                                 ^~~~~~~~~~~~~~~~~~~~~~~~
      |                                 ADC_CLOCKPRESCALER_PCLK_DIV2
../Core/Src/mq2.c:24:13: warning: implicit declaration of function 'HAL_ADC_GetValue' [-Wimplicit-function-declaration]
   24 |     value = HAL_ADC_GetValue(mq2_adc);
      |             ^~~~~~~~~~~~~~~~
../Core/Src/main.c:191:33: note: each undeclared identifier is reported only once for each function it appears in
../Core/Src/main.c:192:10: error: request for member 'Init' in something not a structure or union
  192 |     hadc1.Init.Resolution = ADC_RESOLUTION_12B;
      |          ^
../Core/Src/mq2.c:25:5: warning: implicit declaration of function 'HAL_ADC_Stop' [-Wimplicit-function-declaration]
   25 |     HAL_ADC_Stop(mq2_adc);
      |     ^~~~~~~~~~~~
../Core/Src/main.c:192:29: error: 'ADC_RESOLUTION_12B' undeclared (first use in this function); did you mean 'ADC_RESOLUTION12b'?
  192 |     hadc1.Init.Resolution = ADC_RESOLUTION_12B;
      |                             ^~~~~~~~~~~~~~~~~~
      |                             ADC_RESOLUTION12b
../Core/Src/main.c:193:10: error: request for member 'Init' in something not a structure or union
  193 |     hadc1.Init.ScanConvMode = DISABLE;
      |          ^
../Core/Src/main.c:194:10: error: request for member 'Init' in something not a structure or union
  194 |     hadc1.Init.ContinuousConvMode = DISABLE;
      |          ^
../Core/Src/main.c:195:10: error: request for member 'Init' in something not a structure or union
  195 |     hadc1.Init.DiscontinuousConvMode = DISABLE;
      |          ^
../Core/Src/main.c:196:10: error: request for member 'Init' in something not a structure or union
  196 |     hadc1.Init.DataAlign = ADC_DATAALIGN_RIGHT;
      |          ^
make: *** [Core/Src/subdir.mk:40: Core/Src/mq2.o] Error 1
make: *** Waiting for unfinished jobs....
../Core/Src/main.c:196:28: error: 'ADC_DATAALIGN_RIGHT' undeclared (first use in this function)
  196 |     hadc1.Init.DataAlign = ADC_DATAALIGN_RIGHT;
      |                            ^~~~~~~~~~~~~~~~~~~
../Core/Src/main.c:197:10: error: request for member 'Init' in something not a structure or union
  197 |     hadc1.Init.NbrOfConversion = 1;
      |          ^
../Core/Src/main.c:198:10: error: request for member 'Init' in something not a structure or union
  198 |     hadc1.Init.ExternalTrigConv = ADC_SOFTWARE_START;
      |          ^
../Core/Src/main.c:198:35: error: 'ADC_SOFTWARE_START' undeclared (first use in this function)
  198 |     hadc1.Init.ExternalTrigConv = ADC_SOFTWARE_START;
      |                                   ^~~~~~~~~~~~~~~~~~
../Core/Src/main.c:200:9: warning: implicit declaration of function 'HAL_ADC_Init'; did you mean 'HAL_I2C_Init'? [-Wimplicit-function-declaration]
  200 |     if (HAL_ADC_Init(&hadc1) != HAL_OK)
      |         ^~~~~~~~~~~~
      |         HAL_I2C_Init
../Core/Src/main.c:205:12: error: request for member 'Channel' in something not a structure or union
  205 |     sConfig.Channel = ADC_CHANNEL_0;   // PA0
      |            ^
../Core/Src/main.c:205:23: error: 'ADC_CHANNEL_0' undeclared (first use in this function); did you mean 'DAC2_CHANNEL_1'?
  205 |     sConfig.Channel = ADC_CHANNEL_0;   // PA0
      |                       ^~~~~~~~~~~~~
      |                       DAC2_CHANNEL_1
../Core/Src/main.c:206:12: error: request for member 'Rank' in something not a structure or union
  206 |     sConfig.Rank = 1;
      |            ^
../Core/Src/main.c:207:12: error: request for member 'SamplingTime' in something not a structure or union
  207 |     sConfig.SamplingTime = ADC_SAMPLETIME_3CYCLES;
      |            ^
../Core/Src/main.c:207:28: error: 'ADC_SAMPLETIME_3CYCLES' undeclared (first use in this function); did you mean 'ADC_SAMPLETIME_2CYCLE_5'?
  207 |     sConfig.SamplingTime = ADC_SAMPLETIME_3CYCLES;
      |                            ^~~~~~~~~~~~~~~~~~~~~~
      |                            ADC_SAMPLETIME_2CYCLE_5
../Core/Src/main.c:209:9: warning: implicit declaration of function 'HAL_ADC_ConfigChannel' [-Wimplicit-function-declaration]
  209 |     if (HAL_ADC_ConfigChannel(&hadc1, &sConfig) != HAL_OK)
      |         ^~~~~~~~~~~~~~~~~~~~~
make: *** [Core/Src/subdir.mk:40: Core/Src/main.o] Error 1
"make -j28 all" terminated with exit code 2. Build might be incomplete.
15:12:36 **** Incremental Build of configuration Debug for project LCD ****
make -j28 all 
arm-none-eabi-size  LCD.elf 
   text	   data	    bss	    dec	    hex	filename
   9644	     12	   1660	  11316	   2c34	LCD.elf
Finished building: default.size.stdout
 
15:12:39 **** Incremental Build of configuration Debug for project mq2_lcd ****
make -j28 all 
arm-none-eabi-gcc "../Core/Src/main.c" -mcpu=cortex-m4 -std=gnu11 -g3 -DDEBUG -DUSE_HAL_DRIVER -DSTM32F407xx -c -I../Core/Inc -I../Drivers/STM32F4xx_HAL_Driver/Inc -I../Drivers/STM32F4xx_HAL_Driver/Inc/Legacy -I../Drivers/CMSIS/Device/ST/STM32F4xx/Include -I../Drivers/CMSIS/Include -O0 -ffunction-sections -fdata-sections -Wall -fstack-usage -fcyclomatic-complexity -MMD -MP -MF"Core/Src/main.d" -MT"Core/Src/main.o" --specs=nano.specs -mfpu=fpv4-sp-d16 -mfloat-abi=hard -mthumb -o "Core/Src/main.o"
arm-none-eabi-gcc "../Core/Src/mq2.c" -mcpu=cortex-m4 -std=gnu11 -g3 -DDEBUG -DUSE_HAL_DRIVER -DSTM32F407xx -c -I../Core/Inc -I../Drivers/STM32F4xx_HAL_Driver/Inc -I../Drivers/STM32F4xx_HAL_Driver/Inc/Legacy -I../Drivers/CMSIS/Device/ST/STM32F4xx/Include -I../Drivers/CMSIS/Include -O0 -ffunction-sections -fdata-sections -Wall -fstack-usage -fcyclomatic-complexity -MMD -MP -MF"Core/Src/mq2.d" -MT"Core/Src/mq2.o" --specs=nano.specs -mfpu=fpv4-sp-d16 -mfloat-abi=hard -mthumb -o "Core/Src/mq2.o"
../Core/Src/mq2.c:11:8: error: unknown type name 'ADC_HandleTypeDef'
   11 | static ADC_HandleTypeDef *mq2_adc;
      |        ^~~~~~~~~~~~~~~~~
../Core/Src/mq2.c: In function 'MQ2_Init':
../Core/Src/mq2.c:15:13: warning: assignment to 'int *' from incompatible pointer type 'I2C_HandleTypeDef *' [-Wincompatible-pointer-types]
   15 |     mq2_adc = hadc;
      |             ^
../Core/Src/mq2.c: In function 'MQ2_Read':
../Core/Src/mq2.c:22:5: warning: implicit declaration of function 'HAL_ADC_Start'; did you mean 'HAL_DMA_Start'? [-Wimplicit-function-declaration]
   22 |     HAL_ADC_Start(mq2_adc);
      |     ^~~~~~~~~~~~~
      |     HAL_DMA_Start
../Core/Src/main.c:46:1: error: unknown type name 'ADC_HandleTypeDef'; did you mean 'I2C_HandleTypeDef'?
   46 | ADC_HandleTypeDef hadc1;
      | ^~~~~~~~~~~~~~~~~
      | I2C_HandleTypeDef
../Core/Src/main.c: In function 'main':
../Core/Src/main.c:100:12: warning: passing argument 1 of 'MQ2_Init' from incompatible pointer type [-Wincompatible-pointer-types]
  100 |   MQ2_Init(&hadc1);
      |            ^~~~~~
      |            |
      |            int *
In file included from ../Core/Src/main.c:22:
../Core/Inc/mq2.h:6:34: note: expected 'I2C_HandleTypeDef *' but argument is of type 'int *'
    6 | void MQ2_Init(I2C_HandleTypeDef *hadc);
      |               ~~~~~~~~~~~~~~~~~~~^~~~
../Core/Src/mq2.c:23:5: warning: implicit declaration of function 'HAL_ADC_PollForConversion' [-Wimplicit-function-declaration]
   23 |     HAL_ADC_PollForConversion(mq2_adc, HAL_MAX_DELAY);
      |     ^~~~~~~~~~~~~~~~~~~~~~~~~
../Core/Src/main.c: In function 'MX_ADC1_Init':
../Core/Src/main.c:185:5: error: unknown type name 'ADC_ChannelConfTypeDef'; did you mean 'ADC_Common_TypeDef'?
  185 |     ADC_ChannelConfTypeDef sConfig = {0};
      |     ^~~~~~~~~~~~~~~~~~~~~~
      |     ADC_Common_TypeDef
../Core/Src/main.c:190:10: error: request for member 'Instance' in something not a structure or union
  190 |     hadc1.Instance = ADC1;
      |          ^
../Core/Src/main.c:191:10: error: request for member 'Init' in something not a structure or union
  191 |     hadc1.Init.ClockPrescaler = ADC_CLOCK_SYNC_PCLK_DIV2;
      |          ^
../Core/Src/mq2.c:24:13: warning: implicit declaration of function 'HAL_ADC_GetValue' [-Wimplicit-function-declaration]
   24 |     value = HAL_ADC_GetValue(mq2_adc);
      |             ^~~~~~~~~~~~~~~~
../Core/Src/mq2.c:25:5: warning: implicit declaration of function 'HAL_ADC_Stop' [-Wimplicit-function-declaration]
   25 |     HAL_ADC_Stop(mq2_adc);
      |     ^~~~~~~~~~~~
../Core/Src/main.c:191:33: error: 'ADC_CLOCK_SYNC_PCLK_DIV2' undeclared (first use in this function); did you mean 'ADC_CLOCKPRESCALER_PCLK_DIV2'?
  191 |     hadc1.Init.ClockPrescaler = ADC_CLOCK_SYNC_PCLK_DIV2;
      |                                 ^~~~~~~~~~~~~~~~~~~~~~~~
      |                                 ADC_CLOCKPRESCALER_PCLK_DIV2
../Core/Src/main.c:191:33: note: each undeclared identifier is reported only once for each function it appears in
../Core/Src/main.c:192:10: error: request for member 'Init' in something not a structure or union
  192 |     hadc1.Init.Resolution = ADC_RESOLUTION_12B;
      |          ^
make: *** [Core/Src/subdir.mk:40: Core/Src/mq2.o] Error 1
make: *** Waiting for unfinished jobs....
../Core/Src/main.c:192:29: error: 'ADC_RESOLUTION_12B' undeclared (first use in this function); did you mean 'ADC_RESOLUTION12b'?
  192 |     hadc1.Init.Resolution = ADC_RESOLUTION_12B;
      |                             ^~~~~~~~~~~~~~~~~~
      |                             ADC_RESOLUTION12b
../Core/Src/main.c:193:10: error: request for member 'Init' in something not a structure or union
  193 |     hadc1.Init.ScanConvMode = DISABLE;
      |          ^
../Core/Src/main.c:194:10: error: request for member 'Init' in something not a structure or union
  194 |     hadc1.Init.ContinuousConvMode = DISABLE;
      |          ^
../Core/Src/main.c:195:10: error: request for member 'Init' in something not a structure or union
  195 |     hadc1.Init.DiscontinuousConvMode = DISABLE;
      |          ^
../Core/Src/main.c:196:10: error: request for member 'Init' in something not a structure or union
  196 |     hadc1.Init.DataAlign = ADC_DATAALIGN_RIGHT;
      |          ^
../Core/Src/main.c:196:28: error: 'ADC_DATAALIGN_RIGHT' undeclared (first use in this function)
  196 |     hadc1.Init.DataAlign = ADC_DATAALIGN_RIGHT;
      |                            ^~~~~~~~~~~~~~~~~~~
../Core/Src/main.c:197:10: error: request for member 'Init' in something not a structure or union
  197 |     hadc1.Init.NbrOfConversion = 1;
      |          ^
../Core/Src/main.c:198:10: error: request for member 'Init' in something not a structure or union
  198 |     hadc1.Init.ExternalTrigConv = ADC_SOFTWARE_START;
      |          ^
../Core/Src/main.c:198:35: error: 'ADC_SOFTWARE_START' undeclared (first use in this function)
  198 |     hadc1.Init.ExternalTrigConv = ADC_SOFTWARE_START;
      |                                   ^~~~~~~~~~~~~~~~~~
../Core/Src/main.c:200:9: warning: implicit declaration of function 'HAL_ADC_Init'; did you mean 'HAL_I2C_Init'? [-Wimplicit-function-declaration]
  200 |     if (HAL_ADC_Init(&hadc1) != HAL_OK)
      |         ^~~~~~~~~~~~
      |         HAL_I2C_Init
../Core/Src/main.c:205:12: error: request for member 'Channel' in something not a structure or union
  205 |     sConfig.Channel = ADC_CHANNEL_0;   // PA0
      |            ^
../Core/Src/main.c:205:23: error: 'ADC_CHANNEL_0' undeclared (first use in this function); did you mean 'DAC2_CHANNEL_1'?
  205 |     sConfig.Channel = ADC_CHANNEL_0;   // PA0
      |                       ^~~~~~~~~~~~~
      |                       DAC2_CHANNEL_1
../Core/Src/main.c:206:12: error: request for member 'Rank' in something not a structure or union
  206 |     sConfig.Rank = 1;
      |            ^
../Core/Src/main.c:207:12: error: request for member 'SamplingTime' in something not a structure or union
  207 |     sConfig.SamplingTime = ADC_SAMPLETIME_3CYCLES;
      |            ^
../Core/Src/main.c:207:28: error: 'ADC_SAMPLETIME_3CYCLES' undeclared (first use in this function); did you mean 'ADC_SAMPLETIME_2CYCLE_5'?
  207 |     sConfig.SamplingTime = ADC_SAMPLETIME_3CYCLES;
      |                            ^~~~~~~~~~~~~~~~~~~~~~
      |                            ADC_SAMPLETIME_2CYCLE_5
../Core/Src/main.c:209:9: warning: implicit declaration of function 'HAL_ADC_ConfigChannel' [-Wimplicit-function-declaration]
  209 |     if (HAL_ADC_ConfigChannel(&hadc1, &sConfig) != HAL_OK)
      |         ^~~~~~~~~~~~~~~~~~~~~
make: *** [Core/Src/subdir.mk:40: Core/Src/main.o] Error 1
"make -j28 all" terminated with exit code 2. Build might be incomplete.
15:13:16 **** Incremental Build of configuration Debug for project LCD ****
make -j28 all 
arm-none-eabi-size  LCD.elf 
   text	   data	    bss	    dec	    hex	filename
   9644	     12	   1660	  11316	   2c34	LCD.elf
Finished building: default.size.stdout
 
15:13:18 **** Incremental Build of configuration Debug for project mq2_lcd ****
make -j28 all 
arm-none-eabi-gcc "../Core/Src/main.c" -mcpu=cortex-m4 -std=gnu11 -g3 -DDEBUG -DUSE_HAL_DRIVER -DSTM32F407xx -c -I../Core/Inc -I../Drivers/STM32F4xx_HAL_Driver/Inc -I../Drivers/STM32F4xx_HAL_Driver/Inc/Legacy -I../Drivers/CMSIS/Device/ST/STM32F4xx/Include -I../Drivers/CMSIS/Include -O0 -ffunction-sections -fdata-sections -Wall -fstack-usage -fcyclomatic-complexity -MMD -MP -MF"Core/Src/main.d" -MT"Core/Src/main.o" --specs=nano.specs -mfpu=fpv4-sp-d16 -mfloat-abi=hard -mthumb -o "Core/Src/main.o"
arm-none-eabi-gcc "../Core/Src/mq2.c" -mcpu=cortex-m4 -std=gnu11 -g3 -DDEBUG -DUSE_HAL_DRIVER -DSTM32F407xx -c -I../Core/Inc -I../Drivers/STM32F4xx_HAL_Driver/Inc -I../Drivers/STM32F4xx_HAL_Driver/Inc/Legacy -I../Drivers/CMSIS/Device/ST/STM32F4xx/Include -I../Drivers/CMSIS/Include -O0 -ffunction-sections -fdata-sections -Wall -fstack-usage -fcyclomatic-complexity -MMD -MP -MF"Core/Src/mq2.d" -MT"Core/Src/mq2.o" --specs=nano.specs -mfpu=fpv4-sp-d16 -mfloat-abi=hard -mthumb -o "Core/Src/mq2.o"
../Core/Src/mq2.c: In function 'MQ2_Read':
../Core/Src/mq2.c:22:5: warning: implicit declaration of function 'HAL_ADC_Start'; did you mean 'HAL_DMA_Start'? [-Wimplicit-function-declaration]
   22 |     HAL_ADC_Start(mq2_adc);
      |     ^~~~~~~~~~~~~
      |     HAL_DMA_Start
../Core/Src/main.c:46:1: error: unknown type name 'ADC_HandleTypeDef'; did you mean 'I2C_HandleTypeDef'?
   46 | ADC_HandleTypeDef hadc1;
      | ^~~~~~~~~~~~~~~~~
      | I2C_HandleTypeDef
../Core/Src/main.c: In function 'main':
../Core/Src/main.c:100:12: warning: passing argument 1 of 'MQ2_Init' from incompatible pointer type [-Wincompatible-pointer-types]
  100 |   MQ2_Init(&hadc1);
      |            ^~~~~~
      |            |
      |            int *
In file included from ../Core/Src/main.c:22:
../Core/Inc/mq2.h:6:34: note: expected 'I2C_HandleTypeDef *' but argument is of type 'int *'
    6 | void MQ2_Init(I2C_HandleTypeDef *hadc);
      |               ~~~~~~~~~~~~~~~~~~~^~~~
../Core/Src/main.c: In function 'MX_ADC1_Init':
../Core/Src/main.c:185:5: error: unknown type name 'ADC_ChannelConfTypeDef'; did you mean 'ADC_Common_TypeDef'?
  185 |     ADC_ChannelConfTypeDef sConfig = {0};
      |     ^~~~~~~~~~~~~~~~~~~~~~
      |     ADC_Common_TypeDef
../Core/Src/main.c:190:10: error: request for member 'Instance' in something not a structure or union
  190 |     hadc1.Instance = ADC1;
      |          ^
../Core/Src/main.c:191:10: error: request for member 'Init' in something not a structure or union
  191 |     hadc1.Init.ClockPrescaler = ADC_CLOCK_SYNC_PCLK_DIV2;
      |          ^
../Core/Src/mq2.c:23:5: warning: implicit declaration of function 'HAL_ADC_PollForConversion' [-Wimplicit-function-declaration]
   23 |     HAL_ADC_PollForConversion(mq2_adc, HAL_MAX_DELAY);
      |     ^~~~~~~~~~~~~~~~~~~~~~~~~
../Core/Src/mq2.c:24:13: warning: implicit declaration of function 'HAL_ADC_GetValue' [-Wimplicit-function-declaration]
   24 |     value = HAL_ADC_GetValue(mq2_adc);
      |             ^~~~~~~~~~~~~~~~
../Core/Src/main.c:191:33: error: 'ADC_CLOCK_SYNC_PCLK_DIV2' undeclared (first use in this function); did you mean 'ADC_CLOCKPRESCALER_PCLK_DIV2'?
  191 |     hadc1.Init.ClockPrescaler = ADC_CLOCK_SYNC_PCLK_DIV2;
      |                                 ^~~~~~~~~~~~~~~~~~~~~~~~
      |                                 ADC_CLOCKPRESCALER_PCLK_DIV2
../Core/Src/main.c:191:33: note: each undeclared identifier is reported only once for each function it appears in
../Core/Src/main.c:192:10: error: request for member 'Init' in something not a structure or union
  192 |     hadc1.Init.Resolution = ADC_RESOLUTION_12B;
      |          ^
../Core/Src/mq2.c:25:5: warning: implicit declaration of function 'HAL_ADC_Stop' [-Wimplicit-function-declaration]
   25 |     HAL_ADC_Stop(mq2_adc);
      |     ^~~~~~~~~~~~
../Core/Src/main.c:192:29: error: 'ADC_RESOLUTION_12B' undeclared (first use in this function); did you mean 'ADC_RESOLUTION12b'?
  192 |     hadc1.Init.Resolution = ADC_RESOLUTION_12B;
      |                             ^~~~~~~~~~~~~~~~~~
      |                             ADC_RESOLUTION12b
../Core/Src/main.c:193:10: error: request for member 'Init' in something not a structure or union
  193 |     hadc1.Init.ScanConvMode = DISABLE;
      |          ^
../Core/Src/main.c:194:10: error: request for member 'Init' in something not a structure or union
  194 |     hadc1.Init.ContinuousConvMode = DISABLE;
      |          ^
../Core/Src/main.c:195:10: error: request for member 'Init' in something not a structure or union
  195 |     hadc1.Init.DiscontinuousConvMode = DISABLE;
      |          ^
../Core/Src/main.c:196:10: error: request for member 'Init' in something not a structure or union
  196 |     hadc1.Init.DataAlign = ADC_DATAALIGN_RIGHT;
      |          ^
../Core/Src/main.c:196:28: error: 'ADC_DATAALIGN_RIGHT' undeclared (first use in this function)
  196 |     hadc1.Init.DataAlign = ADC_DATAALIGN_RIGHT;
      |                            ^~~~~~~~~~~~~~~~~~~
../Core/Src/main.c:197:10: error: request for member 'Init' in something not a structure or union
  197 |     hadc1.Init.NbrOfConversion = 1;
      |          ^
../Core/Src/main.c:198:10: error: request for member 'Init' in something not a structure or union
  198 |     hadc1.Init.ExternalTrigConv = ADC_SOFTWARE_START;
      |          ^
../Core/Src/main.c:198:35: error: 'ADC_SOFTWARE_START' undeclared (first use in this function)
  198 |     hadc1.Init.ExternalTrigConv = ADC_SOFTWARE_START;
      |                                   ^~~~~~~~~~~~~~~~~~
../Core/Src/main.c:200:9: warning: implicit declaration of function 'HAL_ADC_Init'; did you mean 'HAL_I2C_Init'? [-Wimplicit-function-declaration]
  200 |     if (HAL_ADC_Init(&hadc1) != HAL_OK)
      |         ^~~~~~~~~~~~
      |         HAL_I2C_Init
../Core/Src/main.c:205:12: error: request for member 'Channel' in something not a structure or union
  205 |     sConfig.Channel = ADC_CHANNEL_0;   // PA0
      |            ^
../Core/Src/main.c:205:23: error: 'ADC_CHANNEL_0' undeclared (first use in this function); did you mean 'DAC2_CHANNEL_1'?
  205 |     sConfig.Channel = ADC_CHANNEL_0;   // PA0
      |                       ^~~~~~~~~~~~~
      |                       DAC2_CHANNEL_1
../Core/Src/main.c:206:12: error: request for member 'Rank' in something not a structure or union
  206 |     sConfig.Rank = 1;
      |            ^
../Core/Src/main.c:207:12: error: request for member 'SamplingTime' in something not a structure or union
  207 |     sConfig.SamplingTime = ADC_SAMPLETIME_3CYCLES;
      |            ^
../Core/Src/main.c:207:28: error: 'ADC_SAMPLETIME_3CYCLES' undeclared (first use in this function); did you mean 'ADC_SAMPLETIME_2CYCLE_5'?
  207 |     sConfig.SamplingTime = ADC_SAMPLETIME_3CYCLES;
      |                            ^~~~~~~~~~~~~~~~~~~~~~
      |                            ADC_SAMPLETIME_2CYCLE_5
../Core/Src/main.c:209:9: warning: implicit declaration of function 'HAL_ADC_ConfigChannel' [-Wimplicit-function-declaration]
  209 |     if (HAL_ADC_ConfigChannel(&hadc1, &sConfig) != HAL_OK)
      |         ^~~~~~~~~~~~~~~~~~~~~
make: *** [Core/Src/subdir.mk:40: Core/Src/main.o] Error 1
make: *** Waiting for unfinished jobs....
"make -j28 all" terminated with exit code 2. Build might be incomplete.
15:14:08 **** Incremental Build of configuration Debug for project LCD ****
make -j28 all 
arm-none-eabi-size  LCD.elf 
   text	   data	    bss	    dec	    hex	filename
   9644	     12	   1660	  11316	   2c34	LCD.elf
Finished building: default.size.stdout
 
15:14:10 **** Incremental Build of configuration Debug for project mq2_lcd ****
make -j28 all 
arm-none-eabi-gcc "../Core/Src/main.c" -mcpu=cortex-m4 -std=gnu11 -g3 -DDEBUG -DUSE_HAL_DRIVER -DSTM32F407xx -c -I../Core/Inc -I../Drivers/STM32F4xx_HAL_Driver/Inc -I../Drivers/STM32F4xx_HAL_Driver/Inc/Legacy -I../Drivers/CMSIS/Device/ST/STM32F4xx/Include -I../Drivers/CMSIS/Include -O0 -ffunction-sections -fdata-sections -Wall -fstack-usage -fcyclomatic-complexity -MMD -MP -MF"Core/Src/main.d" -MT"Core/Src/main.o" --specs=nano.specs -mfpu=fpv4-sp-d16 -mfloat-abi=hard -mthumb -o "Core/Src/main.o"
../Core/Src/main.c: In function 'MX_I2C1_Init':
../Core/Src/main.c:185:5: error: unknown type name 'ADC_ChannelConfTypeDef'; did you mean 'ADC_Common_TypeDef'?
  185 |     ADC_ChannelConfTypeDef sConfig = {0};
      |     ^~~~~~~~~~~~~~~~~~~~~~
      |     ADC_Common_TypeDef
../Core/Src/main.c:190:20: warning: assignment to 'I2C_TypeDef *' from incompatible pointer type 'ADC_TypeDef *' [-Wincompatible-pointer-types]
  190 |     hadc1.Instance = ADC1;
      |                    ^
../Core/Src/main.c:191:15: error: 'I2C_InitTypeDef' has no member named 'ClockPrescaler'
  191 |     hadc1.Init.ClockPrescaler = ADC_CLOCK_SYNC_PCLK_DIV2;
      |               ^
../Core/Src/main.c:191:33: error: 'ADC_CLOCK_SYNC_PCLK_DIV2' undeclared (first use in this function); did you mean 'ADC_CLOCKPRESCALER_PCLK_DIV2'?
  191 |     hadc1.Init.ClockPrescaler = ADC_CLOCK_SYNC_PCLK_DIV2;
      |                                 ^~~~~~~~~~~~~~~~~~~~~~~~
      |                                 ADC_CLOCKPRESCALER_PCLK_DIV2
../Core/Src/main.c:191:33: note: each undeclared identifier is reported only once for each function it appears in
../Core/Src/main.c:192:15: error: 'I2C_InitTypeDef' has no member named 'Resolution'
  192 |     hadc1.Init.Resolution = ADC_RESOLUTION_12B;
      |               ^
../Core/Src/main.c:192:29: error: 'ADC_RESOLUTION_12B' undeclared (first use in this function); did you mean 'ADC_RESOLUTION12b'?
  192 |     hadc1.Init.Resolution = ADC_RESOLUTION_12B;
      |                             ^~~~~~~~~~~~~~~~~~
      |                             ADC_RESOLUTION12b
../Core/Src/main.c:193:15: error: 'I2C_InitTypeDef' has no member named 'ScanConvMode'
  193 |     hadc1.Init.ScanConvMode = DISABLE;
      |               ^
../Core/Src/main.c:194:15: error: 'I2C_InitTypeDef' has no member named 'ContinuousConvMode'
  194 |     hadc1.Init.ContinuousConvMode = DISABLE;
      |               ^
../Core/Src/main.c:195:15: error: 'I2C_InitTypeDef' has no member named 'DiscontinuousConvMode'
  195 |     hadc1.Init.DiscontinuousConvMode = DISABLE;
      |               ^
../Core/Src/main.c:196:15: error: 'I2C_InitTypeDef' has no member named 'DataAlign'
  196 |     hadc1.Init.DataAlign = ADC_DATAALIGN_RIGHT;
      |               ^
../Core/Src/main.c:196:28: error: 'ADC_DATAALIGN_RIGHT' undeclared (first use in this function)
  196 |     hadc1.Init.DataAlign = ADC_DATAALIGN_RIGHT;
      |                            ^~~~~~~~~~~~~~~~~~~
../Core/Src/main.c:197:15: error: 'I2C_InitTypeDef' has no member named 'NbrOfConversion'
  197 |     hadc1.Init.NbrOfConversion = 1;
      |               ^
../Core/Src/main.c:198:15: error: 'I2C_InitTypeDef' has no member named 'ExternalTrigConv'
  198 |     hadc1.Init.ExternalTrigConv = ADC_SOFTWARE_START;
      |               ^
../Core/Src/main.c:198:35: error: 'ADC_SOFTWARE_START' undeclared (first use in this function)
  198 |     hadc1.Init.ExternalTrigConv = ADC_SOFTWARE_START;
      |                                   ^~~~~~~~~~~~~~~~~~
../Core/Src/main.c:200:9: warning: implicit declaration of function 'HAL_ADC_Init'; did you mean 'HAL_I2C_Init'? [-Wimplicit-function-declaration]
  200 |     if (HAL_ADC_Init(&hadc1) != HAL_OK)
      |         ^~~~~~~~~~~~
      |         HAL_I2C_Init
../Core/Src/main.c:205:12: error: request for member 'Channel' in something not a structure or union
  205 |     sConfig.Channel = ADC_CHANNEL_0;   // PA0
      |            ^
../Core/Src/main.c:205:23: error: 'ADC_CHANNEL_0' undeclared (first use in this function); did you mean 'DAC2_CHANNEL_1'?
  205 |     sConfig.Channel = ADC_CHANNEL_0;   // PA0
      |                       ^~~~~~~~~~~~~
      |                       DAC2_CHANNEL_1
../Core/Src/main.c:206:12: error: request for member 'Rank' in something not a structure or union
  206 |     sConfig.Rank = 1;
      |            ^
../Core/Src/main.c:207:12: error: request for member 'SamplingTime' in something not a structure or union
  207 |     sConfig.SamplingTime = ADC_SAMPLETIME_3CYCLES;
      |            ^
../Core/Src/main.c:207:28: error: 'ADC_SAMPLETIME_3CYCLES' undeclared (first use in this function); did you mean 'ADC_SAMPLETIME_2CYCLE_5'?
  207 |     sConfig.SamplingTime = ADC_SAMPLETIME_3CYCLES;
      |                            ^~~~~~~~~~~~~~~~~~~~~~
      |                            ADC_SAMPLETIME_2CYCLE_5
../Core/Src/main.c:209:9: warning: implicit declaration of function 'HAL_ADC_ConfigChannel' [-Wimplicit-function-declaration]
  209 |     if (HAL_ADC_ConfigChannel(&hadc1, &sConfig) != HAL_OK)
      |         ^~~~~~~~~~~~~~~~~~~~~
../Core/Src/main.c: At top level:
../Core/Src/main.c:215:13: error: redefinition of 'MX_I2C1_Init'
  215 | static void MX_I2C1_Init(void)
      |             ^~~~~~~~~~~~
../Core/Src/main.c:183:13: note: previous definition of 'MX_I2C1_Init' with type 'void(void)'
  183 | static void MX_I2C1_Init(void)
      |             ^~~~~~~~~~~~
../Core/Src/main.c:56:13: warning: 'MX_ADC1_Init' used but never defined
   56 | static void MX_ADC1_Init(void);
      |             ^~~~~~~~~~~~
../Core/Src/main.c:215:13: warning: 'MX_I2C1_Init' defined but not used [-Wunused-function]
  215 | static void MX_I2C1_Init(void)
      |             ^~~~~~~~~~~~
make: *** [Core/Src/subdir.mk:40: Core/Src/main.o] Error 1
"make -j28 all" terminated with exit code 2. Build might be incomplete.
15:16:20 **** Incremental Build of configuration Debug for project LCD ****
make -j28 all 
arm-none-eabi-size  LCD.elf 
   text	   data	    bss	    dec	    hex	filename
   9644	     12	   1660	  11316	   2c34	LCD.elf
Finished building: default.size.stdout
 
15:16:21 **** Incremental Build of configuration Debug for project mq2_lcd ****
make -j28 all 
arm-none-eabi-gcc "../Core/Src/main.c" -mcpu=cortex-m4 -std=gnu11 -g3 -DDEBUG -DUSE_HAL_DRIVER -DSTM32F407xx -c -I../Core/Inc -I../Drivers/STM32F4xx_HAL_Driver/Inc -I../Drivers/STM32F4xx_HAL_Driver/Inc/Legacy -I../Drivers/CMSIS/Device/ST/STM32F4xx/Include -I../Drivers/CMSIS/Include -O0 -ffunction-sections -fdata-sections -Wall -fstack-usage -fcyclomatic-complexity -MMD -MP -MF"Core/Src/main.d" -MT"Core/Src/main.o" --specs=nano.specs -mfpu=fpv4-sp-d16 -mfloat-abi=hard -mthumb -o "Core/Src/main.o"
../Core/Src/main.c:56:13: warning: 'MX_ADC1_Init' used but never defined
   56 | static void MX_ADC1_Init(void);
      |             ^~~~~~~~~~~~
arm-none-eabi-gcc -o "mq2_lcd.elf" @"objects.list"   -mcpu=cortex-m4 -T"C:\Users\sakshi\Desktop\internshipdata\ARM_94095_sakshi\smart_env_monitor\mq2_lcd\STM32F407VGTX_FLASH.ld" --specs=nosys.specs -Wl,-Map="mq2_lcd.map" -Wl,--gc-sections -static --specs=nano.specs -mfpu=fpv4-sp-d16 -mfloat-abi=hard -mthumb -Wl,--start-group -lc -lm -Wl,--end-group
C:/ST/STM32CubeIDE_1.19.0/STM32CubeIDE/plugins/com.st.stm32cube.ide.mcu.externaltools.gnu-tools-for-stm32.13.3.rel1.win32_1.0.0.202411081344/tools/bin/../lib/gcc/arm-none-eabi/13.3.1/../../../../arm-none-eabi/bin/ld.exe: ./Core/Src/main.o: in function `main':
C:/Users/sakshi/Desktop/internshipdata/ARM_94095_sakshi/smart_env_monitor/mq2_lcd/Debug/../Core/Src/main.c:98:(.text.main+0x16): undefined reference to `MX_ADC1_Init'
C:/ST/STM32CubeIDE_1.19.0/STM32CubeIDE/plugins/com.st.stm32cube.ide.mcu.externaltools.gnu-tools-for-stm32.13.3.rel1.win32_1.0.0.202411081344/tools/bin/../lib/gcc/arm-none-eabi/13.3.1/../../../../arm-none-eabi/bin/ld.exe: ./Core/Src/mq2.o: in function `MQ2_Read':
C:/Users/sakshi/Desktop/internshipdata/ARM_94095_sakshi/smart_env_monitor/mq2_lcd/Debug/../Core/Src/mq2.c:22:(.text.MQ2_Read+0xc): undefined reference to `HAL_ADC_Start'
C:/ST/STM32CubeIDE_1.19.0/STM32CubeIDE/plugins/com.st.stm32cube.ide.mcu.externaltools.gnu-tools-for-stm32.13.3.rel1.win32_1.0.0.202411081344/tools/bin/../lib/gcc/arm-none-eabi/13.3.1/../../../../arm-none-eabi/bin/ld.exe: C:/Users/sakshi/Desktop/internshipdata/ARM_94095_sakshi/smart_env_monitor/mq2_lcd/Debug/../Core/Src/mq2.c:23:(.text.MQ2_Read+0x1a): undefined reference to `HAL_ADC_PollForConversion'
C:/ST/STM32CubeIDE_1.19.0/STM32CubeIDE/plugins/com.st.stm32cube.ide.mcu.externaltools.gnu-tools-for-stm32.13.3.rel1.win32_1.0.0.202411081344/tools/bin/../lib/gcc/arm-none-eabi/13.3.1/../../../../arm-none-eabi/bin/ld.exe: C:/Users/sakshi/Desktop/internshipdata/ARM_94095_sakshi/smart_env_monitor/mq2_lcd/Debug/../Core/Src/mq2.c:24:(.text.MQ2_Read+0x24): undefined reference to `HAL_ADC_GetValue'
C:/ST/STM32CubeIDE_1.19.0/STM32CubeIDE/plugins/com.st.stm32cube.ide.mcu.externaltools.gnu-tools-for-stm32.13.3.rel1.win32_1.0.0.202411081344/tools/bin/../lib/gcc/arm-none-eabi/13.3.1/../../../../arm-none-eabi/bin/ld.exe: C:/Users/sakshi/Desktop/internshipdata/ARM_94095_sakshi/smart_env_monitor/mq2_lcd/Debug/../Core/Src/mq2.c:25:(.text.MQ2_Read+0x32): undefined reference to `HAL_ADC_Stop'
collect2.exe: error: ld returned 1 exit status
make: *** [makefile:64: mq2_lcd.elf] Error 1
"make -j28 all" terminated with exit code 2. Build might be incomplete.
15:17:16 **** Incremental Build of configuration Debug for project LCD ****
make -j28 all 
arm-none-eabi-size  LCD.elf 
   text	   data	    bss	    dec	    hex	filename
   9644	     12	   1660	  11316	   2c34	LCD.elf
Finished building: default.size.stdout
 
15:17:17 **** Incremental Build of configuration Debug for project mq2_lcd ****
make -j28 all 
arm-none-eabi-gcc "../Core/Src/main.c" -mcpu=cortex-m4 -std=gnu11 -g3 -DDEBUG -DUSE_HAL_DRIVER -DSTM32F407xx -c -I../Core/Inc -I../Drivers/STM32F4xx_HAL_Driver/Inc -I../Drivers/STM32F4xx_HAL_Driver/Inc/Legacy -I../Drivers/CMSIS/Device/ST/STM32F4xx/Include -I../Drivers/CMSIS/Include -O0 -ffunction-sections -fdata-sections -Wall -fstack-usage -fcyclomatic-complexity -MMD -MP -MF"Core/Src/main.d" -MT"Core/Src/main.o" --specs=nano.specs -mfpu=fpv4-sp-d16 -mfloat-abi=hard -mthumb -o "Core/Src/main.o"
../Core/Src/main.c: In function 'MX_ADC1_Init':
../Core/Src/main.c:185:3: error: unknown type name 'ADC_ChannelConfTypeDef'; did you mean 'ADC_Common_TypeDef'?
  185 |   ADC_ChannelConfTypeDef sConfig = {0};
      |   ^~~~~~~~~~~~~~~~~~~~~~
      |   ADC_Common_TypeDef
../Core/Src/main.c:187:18: warning: assignment to 'I2C_TypeDef *' from incompatible pointer type 'ADC_TypeDef *' [-Wincompatible-pointer-types]
  187 |   hadc1.Instance = ADC1;
      |                  ^
../Core/Src/main.c:188:13: error: 'I2C_InitTypeDef' has no member named 'ClockPrescaler'
  188 |   hadc1.Init.ClockPrescaler = ADC_CLOCKPRESCALER_PCLK_DIV2;
      |             ^
In file included from ../Drivers/STM32F4xx_HAL_Driver/Inc/stm32f4xx_hal_def.h:30,
                 from ../Drivers/STM32F4xx_HAL_Driver/Inc/stm32f4xx_hal_rcc.h:27,
                 from ../Core/Inc/stm32f4xx_hal_conf.h:275,
                 from ../Drivers/STM32F4xx_HAL_Driver/Inc/stm32f4xx_hal.h:29,
                 from ../Core/Inc/main.h:30,
                 from ../Core/Src/main.c:20:
../Drivers/STM32F4xx_HAL_Driver/Inc/Legacy/stm32_hal_legacy.h:77:41: error: 'ADC_CLOCK_SYNC_PCLK_DIV2' undeclared (first use in this function); did you mean 'ADC_CLOCKPRESCALER_PCLK_DIV2'?
   77 | #define ADC_CLOCKPRESCALER_PCLK_DIV2    ADC_CLOCK_SYNC_PCLK_DIV2
      |                                         ^~~~~~~~~~~~~~~~~~~~~~~~
../Core/Src/main.c:188:31: note: in expansion of macro 'ADC_CLOCKPRESCALER_PCLK_DIV2'
  188 |   hadc1.Init.ClockPrescaler = ADC_CLOCKPRESCALER_PCLK_DIV2;
      |                               ^~~~~~~~~~~~~~~~~~~~~~~~~~~~
../Drivers/STM32F4xx_HAL_Driver/Inc/Legacy/stm32_hal_legacy.h:77:41: note: each undeclared identifier is reported only once for each function it appears in
   77 | #define ADC_CLOCKPRESCALER_PCLK_DIV2    ADC_CLOCK_SYNC_PCLK_DIV2
      |                                         ^~~~~~~~~~~~~~~~~~~~~~~~
../Core/Src/main.c:188:31: note: in expansion of macro 'ADC_CLOCKPRESCALER_PCLK_DIV2'
  188 |   hadc1.Init.ClockPrescaler = ADC_CLOCKPRESCALER_PCLK_DIV2;
      |                               ^~~~~~~~~~~~~~~~~~~~~~~~~~~~
../Core/Src/main.c:189:13: error: 'I2C_InitTypeDef' has no member named 'Resolution'
  189 |   hadc1.Init.Resolution = ADC_RESOLUTION_12B;
      |             ^
../Core/Src/main.c:189:27: error: 'ADC_RESOLUTION_12B' undeclared (first use in this function); did you mean 'ADC_RESOLUTION12b'?
  189 |   hadc1.Init.Resolution = ADC_RESOLUTION_12B;
      |                           ^~~~~~~~~~~~~~~~~~
      |                           ADC_RESOLUTION12b
../Core/Src/main.c:190:13: error: 'I2C_InitTypeDef' has no member named 'ScanConvMode'
  190 |   hadc1.Init.ScanConvMode = DISABLE;
      |             ^
../Core/Src/main.c:191:13: error: 'I2C_InitTypeDef' has no member named 'ContinuousConvMode'
  191 |   hadc1.Init.ContinuousConvMode = DISABLE;
      |             ^
../Core/Src/main.c:192:13: error: 'I2C_InitTypeDef' has no member named 'DiscontinuousConvMode'
  192 |   hadc1.Init.DiscontinuousConvMode = DISABLE;
      |             ^
../Core/Src/main.c:193:13: error: 'I2C_InitTypeDef' has no member named 'DataAlign'
  193 |   hadc1.Init.DataAlign = ADC_DATAALIGN_RIGHT;
      |             ^
../Core/Src/main.c:193:26: error: 'ADC_DATAALIGN_RIGHT' undeclared (first use in this function)
  193 |   hadc1.Init.DataAlign = ADC_DATAALIGN_RIGHT;
      |                          ^~~~~~~~~~~~~~~~~~~
../Core/Src/main.c:194:13: error: 'I2C_InitTypeDef' has no member named 'NbrOfConversion'
  194 |   hadc1.Init.NbrOfConversion = 1;
      |             ^
../Core/Src/main.c:195:13: error: 'I2C_InitTypeDef' has no member named 'ExternalTrigConv'
  195 |   hadc1.Init.ExternalTrigConv = ADC_SOFTWARE_START;
      |             ^
../Core/Src/main.c:195:33: error: 'ADC_SOFTWARE_START' undeclared (first use in this function)
  195 |   hadc1.Init.ExternalTrigConv = ADC_SOFTWARE_START;
      |                                 ^~~~~~~~~~~~~~~~~~
../Core/Src/main.c:197:7: warning: implicit declaration of function 'HAL_ADC_Init'; did you mean 'HAL_I2C_Init'? [-Wimplicit-function-declaration]
  197 |   if (HAL_ADC_Init(&hadc1) != HAL_OK)
      |       ^~~~~~~~~~~~
      |       HAL_I2C_Init
../Core/Src/main.c:202:10: error: request for member 'Channel' in something not a structure or union
  202 |   sConfig.Channel = ADC_CHANNEL_0;     // PA0
      |          ^
../Core/Src/main.c:202:21: error: 'ADC_CHANNEL_0' undeclared (first use in this function); did you mean 'DAC2_CHANNEL_1'?
  202 |   sConfig.Channel = ADC_CHANNEL_0;     // PA0
      |                     ^~~~~~~~~~~~~
      |                     DAC2_CHANNEL_1
../Core/Src/main.c:203:10: error: request for member 'Rank' in something not a structure or union
  203 |   sConfig.Rank = 1;
      |          ^
../Core/Src/main.c:204:10: error: request for member 'SamplingTime' in something not a structure or union
  204 |   sConfig.SamplingTime = ADC_SAMPLETIME_3CYCLES;
      |          ^
../Core/Src/main.c:204:26: error: 'ADC_SAMPLETIME_3CYCLES' undeclared (first use in this function); did you mean 'ADC_SAMPLETIME_2CYCLE_5'?
  204 |   sConfig.SamplingTime = ADC_SAMPLETIME_3CYCLES;
      |                          ^~~~~~~~~~~~~~~~~~~~~~
      |                          ADC_SAMPLETIME_2CYCLE_5
../Core/Src/main.c:206:7: warning: implicit declaration of function 'HAL_ADC_ConfigChannel' [-Wimplicit-function-declaration]
  206 |   if (HAL_ADC_ConfigChannel(&hadc1, &sConfig) != HAL_OK)
      |       ^~~~~~~~~~~~~~~~~~~~~
make: *** [Core/Src/subdir.mk:40: Core/Src/main.o] Error 1
"make -j28 all" terminated with exit code 2. Build might be incomplete.
15:17:26 **** Incremental Build of configuration Debug for project LCD ****
make -j28 all 
arm-none-eabi-size  LCD.elf 
   text	   data	    bss	    dec	    hex	filename
   9644	     12	   1660	  11316	   2c34	LCD.elf
Finished building: default.size.stdout
 
15:17:28 **** Incremental Build of configuration Debug for project mq2_lcd ****
make -j28 all 
arm-none-eabi-gcc "../Core/Src/main.c" -mcpu=cortex-m4 -std=gnu11 -g3 -DDEBUG -DUSE_HAL_DRIVER -DSTM32F407xx -c -I../Core/Inc -I../Drivers/STM32F4xx_HAL_Driver/Inc -I../Drivers/STM32F4xx_HAL_Driver/Inc/Legacy -I../Drivers/CMSIS/Device/ST/STM32F4xx/Include -I../Drivers/CMSIS/Include -O0 -ffunction-sections -fdata-sections -Wall -fstack-usage -fcyclomatic-complexity -MMD -MP -MF"Core/Src/main.d" -MT"Core/Src/main.o" --specs=nano.specs -mfpu=fpv4-sp-d16 -mfloat-abi=hard -mthumb -o "Core/Src/main.o"
../Core/Src/main.c:56:13: warning: 'MX_ADC1_Init' used but never defined
   56 | static void MX_ADC1_Init(void);
      |             ^~~~~~~~~~~~
arm-none-eabi-gcc -o "mq2_lcd.elf" @"objects.list"   -mcpu=cortex-m4 -T"C:\Users\sakshi\Desktop\internshipdata\ARM_94095_sakshi\smart_env_monitor\mq2_lcd\STM32F407VGTX_FLASH.ld" --specs=nosys.specs -Wl,-Map="mq2_lcd.map" -Wl,--gc-sections -static --specs=nano.specs -mfpu=fpv4-sp-d16 -mfloat-abi=hard -mthumb -Wl,--start-group -lc -lm -Wl,--end-group
C:/ST/STM32CubeIDE_1.19.0/STM32CubeIDE/plugins/com.st.stm32cube.ide.mcu.externaltools.gnu-tools-for-stm32.13.3.rel1.win32_1.0.0.202411081344/tools/bin/../lib/gcc/arm-none-eabi/13.3.1/../../../../arm-none-eabi/bin/ld.exe: ./Core/Src/main.o: in function `main':
C:/Users/sakshi/Desktop/internshipdata/ARM_94095_sakshi/smart_env_monitor/mq2_lcd/Debug/../Core/Src/main.c:98:(.text.main+0x16): undefined reference to `MX_ADC1_Init'
C:/ST/STM32CubeIDE_1.19.0/STM32CubeIDE/plugins/com.st.stm32cube.ide.mcu.externaltools.gnu-tools-for-stm32.13.3.rel1.win32_1.0.0.202411081344/tools/bin/../lib/gcc/arm-none-eabi/13.3.1/../../../../arm-none-eabi/bin/ld.exe: ./Core/Src/mq2.o: in function `MQ2_Read':
C:/Users/sakshi/Desktop/internshipdata/ARM_94095_sakshi/smart_env_monitor/mq2_lcd/Debug/../Core/Src/mq2.c:22:(.text.MQ2_Read+0xc): undefined reference to `HAL_ADC_Start'
C:/ST/STM32CubeIDE_1.19.0/STM32CubeIDE/plugins/com.st.stm32cube.ide.mcu.externaltools.gnu-tools-for-stm32.13.3.rel1.win32_1.0.0.202411081344/tools/bin/../lib/gcc/arm-none-eabi/13.3.1/../../../../arm-none-eabi/bin/ld.exe: C:/Users/sakshi/Desktop/internshipdata/ARM_94095_sakshi/smart_env_monitor/mq2_lcd/Debug/../Core/Src/mq2.c:23:(.text.MQ2_Read+0x1a): undefined reference to `HAL_ADC_PollForConversion'
C:/ST/STM32CubeIDE_1.19.0/STM32CubeIDE/plugins/com.st.stm32cube.ide.mcu.externaltools.gnu-tools-for-stm32.13.3.rel1.win32_1.0.0.202411081344/tools/bin/../lib/gcc/arm-none-eabi/13.3.1/../../../../arm-none-eabi/bin/ld.exe: C:/Users/sakshi/Desktop/internshipdata/ARM_94095_sakshi/smart_env_monitor/mq2_lcd/Debug/../Core/Src/mq2.c:24:(.text.MQ2_Read+0x24): undefined reference to `HAL_ADC_GetValue'
C:/ST/STM32CubeIDE_1.19.0/STM32CubeIDE/plugins/com.st.stm32cube.ide.mcu.externaltools.gnu-tools-for-stm32.13.3.rel1.win32_1.0.0.202411081344/tools/bin/../lib/gcc/arm-none-eabi/13.3.1/../../../../arm-none-eabi/bin/ld.exe: C:/Users/sakshi/Desktop/internshipdata/ARM_94095_sakshi/smart_env_monitor/mq2_lcd/Debug/../Core/Src/mq2.c:25:(.text.MQ2_Read+0x32): undefined reference to `HAL_ADC_Stop'
collect2.exe: error: ld returned 1 exit status
make: *** [makefile:64: mq2_lcd.elf] Error 1
"make -j28 all" terminated with exit code 2. Build might be incomplete.
15:23:02 **** Incremental Build of configuration Debug for project LCD ****
make -j28 all 
arm-none-eabi-size  LCD.elf 
   text	   data	    bss	    dec	    hex	filename
   9644	     12	   1660	  11316	   2c34	LCD.elf
Finished building: default.size.stdout
 
15:23:04 **** Incremental Build of configuration Debug for project mq2_lcd ****
make -j28 all 
arm-none-eabi-gcc "../Core/Src/main.c" -mcpu=cortex-m4 -std=gnu11 -g3 -DDEBUG -DUSE_HAL_DRIVER -DSTM32F407xx -c -I../Core/Inc -I../Drivers/STM32F4xx_HAL_Driver/Inc -I../Drivers/STM32F4xx_HAL_Driver/Inc/Legacy -I../Drivers/CMSIS/Device/ST/STM32F4xx/Include -I../Drivers/CMSIS/Include -O0 -ffunction-sections -fdata-sections -Wall -fstack-usage -fcyclomatic-complexity -MMD -MP -MF"Core/Src/main.d" -MT"Core/Src/main.o" --specs=nano.specs -mfpu=fpv4-sp-d16 -mfloat-abi=hard -mthumb -o "Core/Src/main.o"
../Core/Src/main.c:1: fatal error: error writing to C:\Users\sakshi\AppData\Local\Temp\cc82RTwf.s: No space left on device
compilation terminated.
make: *** [Core/Src/subdir.mk:40: Core/Src/main.o] Error 1
"make -j28 all" terminated with exit code 2. Build might be incomplete.
15:29:06 **** Build of configuration Debug for project LCD ****
make -j28 all 
arm-none-eabi-size  LCD.elf 
   text	   data	    bss	    dec	    hex	filename
   9644	     12	   1660	  11316	   2c34	LCD.elf
Finished building: default.size.stdout
 
15:29:06 **** Build of configuration Debug for project mq35 ****
make -j28 all 
arm-none-eabi-gcc "../Drivers/STM32F4xx_HAL_Driver/Src/stm32f4xx_hal.c" -mcpu=cortex-m4 -std=gnu11 -g3 -DDEBUG -DUSE_HAL_DRIVER -DSTM32F407xx -c -I../Core/Inc -I../Drivers/STM32F4xx_HAL_Driver/Inc -I../Drivers/STM32F4xx_HAL_Driver/Inc/Legacy -I../Drivers/CMSIS/Device/ST/STM32F4xx/Include -I../Drivers/CMSIS/Include -O0 -ffunction-sections -fdata-sections -Wall -fstack-usage -fcyclomatic-complexity -MMD -MP -MF"Drivers/STM32F4xx_HAL_Driver/Src/stm32f4xx_hal.d" -MT"Drivers/STM32F4xx_HAL_Driver/Src/stm32f4xx_hal.o" --specs=nano.specs -mfpu=fpv4-sp-d16 -mfloat-abi=hard -mthumb -o "Drivers/STM32F4xx_HAL_Driver/Src/stm32f4xx_hal.o"
arm-none-eabi-gcc "../Drivers/STM32F4xx_HAL_Driver/Src/stm32f4xx_hal_adc.c" -mcpu=cortex-m4 -std=gnu11 -g3 -DDEBUG -DUSE_HAL_DRIVER -DSTM32F407xx -c -I../Core/Inc -I../Drivers/STM32F4xx_HAL_Driver/Inc -I../Drivers/STM32F4xx_HAL_Driver/Inc/Legacy -I../Drivers/CMSIS/Device/ST/STM32F4xx/Include -I../Drivers/CMSIS/Include -O0 -ffunction-sections -fdata-sections -Wall -fstack-usage -fcyclomatic-complexity -MMD -MP -MF"Drivers/STM32F4xx_HAL_Driver/Src/stm32f4xx_hal_adc.d" -MT"Drivers/STM32F4xx_HAL_Driver/Src/stm32f4xx_hal_adc.o" --specs=nano.specs -mfpu=fpv4-sp-d16 -mfloat-abi=hard -mthumb -o "Drivers/STM32F4xx_HAL_Driver/Src/stm32f4xx_hal_adc.o"
arm-none-eabi-gcc "../Drivers/STM32F4xx_HAL_Driver/Src/stm32f4xx_hal_adc_ex.c" -mcpu=cortex-m4 -std=gnu11 -g3 -DDEBUG -DUSE_HAL_DRIVER -DSTM32F407xx -c -I../Core/Inc -I../Drivers/STM32F4xx_HAL_Driver/Inc -I../Drivers/STM32F4xx_HAL_Driver/Inc/Legacy -I../Drivers/CMSIS/Device/ST/STM32F4xx/Include -I../Drivers/CMSIS/Include -O0 -ffunction-sections -fdata-sections -Wall -fstack-usage -fcyclomatic-complexity -MMD -MP -MF"Drivers/STM32F4xx_HAL_Driver/Src/stm32f4xx_hal_adc_ex.d" -MT"Drivers/STM32F4xx_HAL_Driver/Src/stm32f4xx_hal_adc_ex.o" --specs=nano.specs -mfpu=fpv4-sp-d16 -mfloat-abi=hard -mthumb -o "Drivers/STM32F4xx_HAL_Driver/Src/stm32f4xx_hal_adc_ex.o"
arm-none-eabi-gcc "../Drivers/STM32F4xx_HAL_Driver/Src/stm32f4xx_hal_cortex.c" -mcpu=cortex-m4 -std=gnu11 -g3 -DDEBUG -DUSE_HAL_DRIVER -DSTM32F407xx -c -I../Core/Inc -I../Drivers/STM32F4xx_HAL_Driver/Inc -I../Drivers/STM32F4xx_HAL_Driver/Inc/Legacy -I../Drivers/CMSIS/Device/ST/STM32F4xx/Include -I../Drivers/CMSIS/Include -O0 -ffunction-sections -fdata-sections -Wall -fstack-usage -fcyclomatic-complexity -MMD -MP -MF"Drivers/STM32F4xx_HAL_Driver/Src/stm32f4xx_hal_cortex.d" -MT"Drivers/STM32F4xx_HAL_Driver/Src/stm32f4xx_hal_cortex.o" --specs=nano.specs -mfpu=fpv4-sp-d16 -mfloat-abi=hard -mthumb -o "Drivers/STM32F4xx_HAL_Driver/Src/stm32f4xx_hal_cortex.o"
arm-none-eabi-gcc "../Drivers/STM32F4xx_HAL_Driver/Src/stm32f4xx_hal_dma.c" -mcpu=cortex-m4 -std=gnu11 -g3 -DDEBUG -DUSE_HAL_DRIVER -DSTM32F407xx -c -I../Core/Inc -I../Drivers/STM32F4xx_HAL_Driver/Inc -I../Drivers/STM32F4xx_HAL_Driver/Inc/Legacy -I../Drivers/CMSIS/Device/ST/STM32F4xx/Include -I../Drivers/CMSIS/Include -O0 -ffunction-sections -fdata-sections -Wall -fstack-usage -fcyclomatic-complexity -MMD -MP -MF"Drivers/STM32F4xx_HAL_Driver/Src/stm32f4xx_hal_dma.d" -MT"Drivers/STM32F4xx_HAL_Driver/Src/stm32f4xx_hal_dma.o" --specs=nano.specs -mfpu=fpv4-sp-d16 -mfloat-abi=hard -mthumb -o "Drivers/STM32F4xx_HAL_Driver/Src/stm32f4xx_hal_dma.o"
arm-none-eabi-gcc "../Drivers/STM32F4xx_HAL_Driver/Src/stm32f4xx_hal_dma_ex.c" -mcpu=cortex-m4 -std=gnu11 -g3 -DDEBUG -DUSE_HAL_DRIVER -DSTM32F407xx -c -I../Core/Inc -I../Drivers/STM32F4xx_HAL_Driver/Inc -I../Drivers/STM32F4xx_HAL_Driver/Inc/Legacy -I../Drivers/CMSIS/Device/ST/STM32F4xx/Include -I../Drivers/CMSIS/Include -O0 -ffunction-sections -fdata-sections -Wall -fstack-usage -fcyclomatic-complexity -MMD -MP -MF"Drivers/STM32F4xx_HAL_Driver/Src/stm32f4xx_hal_dma_ex.d" -MT"Drivers/STM32F4xx_HAL_Driver/Src/stm32f4xx_hal_dma_ex.o" --specs=nano.specs -mfpu=fpv4-sp-d16 -mfloat-abi=hard -mthumb -o "Drivers/STM32F4xx_HAL_Driver/Src/stm32f4xx_hal_dma_ex.o"
arm-none-eabi-gcc "../Drivers/STM32F4xx_HAL_Driver/Src/stm32f4xx_hal_exti.c" -mcpu=cortex-m4 -std=gnu11 -g3 -DDEBUG -DUSE_HAL_DRIVER -DSTM32F407xx -c -I../Core/Inc -I../Drivers/STM32F4xx_HAL_Driver/Inc -I../Drivers/STM32F4xx_HAL_Driver/Inc/Legacy -I../Drivers/CMSIS/Device/ST/STM32F4xx/Include -I../Drivers/CMSIS/Include -O0 -ffunction-sections -fdata-sections -Wall -fstack-usage -fcyclomatic-complexity -MMD -MP -MF"Drivers/STM32F4xx_HAL_Driver/Src/stm32f4xx_hal_exti.d" -MT"Drivers/STM32F4xx_HAL_Driver/Src/stm32f4xx_hal_exti.o" --specs=nano.specs -mfpu=fpv4-sp-d16 -mfloat-abi=hard -mthumb -o "Drivers/STM32F4xx_HAL_Driver/Src/stm32f4xx_hal_exti.o"
arm-none-eabi-gcc "../Drivers/STM32F4xx_HAL_Driver/Src/stm32f4xx_hal_flash.c" -mcpu=cortex-m4 -std=gnu11 -g3 -DDEBUG -DUSE_HAL_DRIVER -DSTM32F407xx -c -I../Core/Inc -I../Drivers/STM32F4xx_HAL_Driver/Inc -I../Drivers/STM32F4xx_HAL_Driver/Inc/Legacy -I../Drivers/CMSIS/Device/ST/STM32F4xx/Include -I../Drivers/CMSIS/Include -O0 -ffunction-sections -fdata-sections -Wall -fstack-usage -fcyclomatic-complexity -MMD -MP -MF"Drivers/STM32F4xx_HAL_Driver/Src/stm32f4xx_hal_flash.d" -MT"Drivers/STM32F4xx_HAL_Driver/Src/stm32f4xx_hal_flash.o" --specs=nano.specs -mfpu=fpv4-sp-d16 -mfloat-abi=hard -mthumb -o "Drivers/STM32F4xx_HAL_Driver/Src/stm32f4xx_hal_flash.o"
arm-none-eabi-gcc "../Drivers/STM32F4xx_HAL_Driver/Src/stm32f4xx_hal_flash_ex.c" -mcpu=cortex-m4 -std=gnu11 -g3 -DDEBUG -DUSE_HAL_DRIVER -DSTM32F407xx -c -I../Core/Inc -I../Drivers/STM32F4xx_HAL_Driver/Inc -I../Drivers/STM32F4xx_HAL_Driver/Inc/Legacy -I../Drivers/CMSIS/Device/ST/STM32F4xx/Include -I../Drivers/CMSIS/Include -O0 -ffunction-sections -fdata-sections -Wall -fstack-usage -fcyclomatic-complexity -MMD -MP -MF"Drivers/STM32F4xx_HAL_Driver/Src/stm32f4xx_hal_flash_ex.d" -MT"Drivers/STM32F4xx_HAL_Driver/Src/stm32f4xx_hal_flash_ex.o" --specs=nano.specs -mfpu=fpv4-sp-d16 -mfloat-abi=hard -mthumb -o "Drivers/STM32F4xx_HAL_Driver/Src/stm32f4xx_hal_flash_ex.o"
arm-none-eabi-gcc "../Drivers/STM32F4xx_HAL_Driver/Src/stm32f4xx_hal_flash_ramfunc.c" -mcpu=cortex-m4 -std=gnu11 -g3 -DDEBUG -DUSE_HAL_DRIVER -DSTM32F407xx -c -I../Core/Inc -I../Drivers/STM32F4xx_HAL_Driver/Inc -I../Drivers/STM32F4xx_HAL_Driver/Inc/Legacy -I../Drivers/CMSIS/Device/ST/STM32F4xx/Include -I../Drivers/CMSIS/Include -O0 -ffunction-sections -fdata-sections -Wall -fstack-usage -fcyclomatic-complexity -MMD -MP -MF"Drivers/STM32F4xx_HAL_Driver/Src/stm32f4xx_hal_flash_ramfunc.d" -MT"Drivers/STM32F4xx_HAL_Driver/Src/stm32f4xx_hal_flash_ramfunc.o" --specs=nano.specs -mfpu=fpv4-sp-d16 -mfloat-abi=hard -mthumb -o "Drivers/STM32F4xx_HAL_Driver/Src/stm32f4xx_hal_flash_ramfunc.o"
arm-none-eabi-gcc "../Drivers/STM32F4xx_HAL_Driver/Src/stm32f4xx_hal_gpio.c" -mcpu=cortex-m4 -std=gnu11 -g3 -DDEBUG -DUSE_HAL_DRIVER -DSTM32F407xx -c -I../Core/Inc -I../Drivers/STM32F4xx_HAL_Driver/Inc -I../Drivers/STM32F4xx_HAL_Driver/Inc/Legacy -I../Drivers/CMSIS/Device/ST/STM32F4xx/Include -I../Drivers/CMSIS/Include -O0 -ffunction-sections -fdata-sections -Wall -fstack-usage -fcyclomatic-complexity -MMD -MP -MF"Drivers/STM32F4xx_HAL_Driver/Src/stm32f4xx_hal_gpio.d" -MT"Drivers/STM32F4xx_HAL_Driver/Src/stm32f4xx_hal_gpio.o" --specs=nano.specs -mfpu=fpv4-sp-d16 -mfloat-abi=hard -mthumb -o "Drivers/STM32F4xx_HAL_Driver/Src/stm32f4xx_hal_gpio.o"
arm-none-eabi-gcc "../Drivers/STM32F4xx_HAL_Driver/Src/stm32f4xx_hal_pwr.c" -mcpu=cortex-m4 -std=gnu11 -g3 -DDEBUG -DUSE_HAL_DRIVER -DSTM32F407xx -c -I../Core/Inc -I../Drivers/STM32F4xx_HAL_Driver/Inc -I../Drivers/STM32F4xx_HAL_Driver/Inc/Legacy -I../Drivers/CMSIS/Device/ST/STM32F4xx/Include -I../Drivers/CMSIS/Include -O0 -ffunction-sections -fdata-sections -Wall -fstack-usage -fcyclomatic-complexity -MMD -MP -MF"Drivers/STM32F4xx_HAL_Driver/Src/stm32f4xx_hal_pwr.d" -MT"Drivers/STM32F4xx_HAL_Driver/Src/stm32f4xx_hal_pwr.o" --specs=nano.specs -mfpu=fpv4-sp-d16 -mfloat-abi=hard -mthumb -o "Drivers/STM32F4xx_HAL_Driver/Src/stm32f4xx_hal_pwr.o"
arm-none-eabi-gcc "../Drivers/STM32F4xx_HAL_Driver/Src/stm32f4xx_hal_pwr_ex.c" -mcpu=cortex-m4 -std=gnu11 -g3 -DDEBUG -DUSE_HAL_DRIVER -DSTM32F407xx -c -I../Core/Inc -I../Drivers/STM32F4xx_HAL_Driver/Inc -I../Drivers/STM32F4xx_HAL_Driver/Inc/Legacy -I../Drivers/CMSIS/Device/ST/STM32F4xx/Include -I../Drivers/CMSIS/Include -O0 -ffunction-sections -fdata-sections -Wall -fstack-usage -fcyclomatic-complexity -MMD -MP -MF"Drivers/STM32F4xx_HAL_Driver/Src/stm32f4xx_hal_pwr_ex.d" -MT"Drivers/STM32F4xx_HAL_Driver/Src/stm32f4xx_hal_pwr_ex.o" --specs=nano.specs -mfpu=fpv4-sp-d16 -mfloat-abi=hard -mthumb -o "Drivers/STM32F4xx_HAL_Driver/Src/stm32f4xx_hal_pwr_ex.o"
arm-none-eabi-gcc "../Drivers/STM32F4xx_HAL_Driver/Src/stm32f4xx_hal_rcc.c" -mcpu=cortex-m4 -std=gnu11 -g3 -DDEBUG -DUSE_HAL_DRIVER -DSTM32F407xx -c -I../Core/Inc -I../Drivers/STM32F4xx_HAL_Driver/Inc -I../Drivers/STM32F4xx_HAL_Driver/Inc/Legacy -I../Drivers/CMSIS/Device/ST/STM32F4xx/Include -I../Drivers/CMSIS/Include -O0 -ffunction-sections -fdata-sections -Wall -fstack-usage -fcyclomatic-complexity -MMD -MP -MF"Drivers/STM32F4xx_HAL_Driver/Src/stm32f4xx_hal_rcc.d" -MT"Drivers/STM32F4xx_HAL_Driver/Src/stm32f4xx_hal_rcc.o" --specs=nano.specs -mfpu=fpv4-sp-d16 -mfloat-abi=hard -mthumb -o "Drivers/STM32F4xx_HAL_Driver/Src/stm32f4xx_hal_rcc.o"
arm-none-eabi-gcc "../Drivers/STM32F4xx_HAL_Driver/Src/stm32f4xx_hal_rcc_ex.c" -mcpu=cortex-m4 -std=gnu11 -g3 -DDEBUG -DUSE_HAL_DRIVER -DSTM32F407xx -c -I../Core/Inc -I../Drivers/STM32F4xx_HAL_Driver/Inc -I../Drivers/STM32F4xx_HAL_Driver/Inc/Legacy -I../Drivers/CMSIS/Device/ST/STM32F4xx/Include -I../Drivers/CMSIS/Include -O0 -ffunction-sections -fdata-sections -Wall -fstack-usage -fcyclomatic-complexity -MMD -MP -MF"Drivers/STM32F4xx_HAL_Driver/Src/stm32f4xx_hal_rcc_ex.d" -MT"Drivers/STM32F4xx_HAL_Driver/Src/stm32f4xx_hal_rcc_ex.o" --specs=nano.specs -mfpu=fpv4-sp-d16 -mfloat-abi=hard -mthumb -o "Drivers/STM32F4xx_HAL_Driver/Src/stm32f4xx_hal_rcc_ex.o"
arm-none-eabi-gcc "../Drivers/STM32F4xx_HAL_Driver/Src/stm32f4xx_hal_uart.c" -mcpu=cortex-m4 -std=gnu11 -g3 -DDEBUG -DUSE_HAL_DRIVER -DSTM32F407xx -c -I../Core/Inc -I../Drivers/STM32F4xx_HAL_Driver/Inc -I../Drivers/STM32F4xx_HAL_Driver/Inc/Legacy -I../Drivers/CMSIS/Device/ST/STM32F4xx/Include -I../Drivers/CMSIS/Include -O0 -ffunction-sections -fdata-sections -Wall -fstack-usage -fcyclomatic-complexity -MMD -MP -MF"Drivers/STM32F4xx_HAL_Driver/Src/stm32f4xx_hal_uart.d" -MT"Drivers/STM32F4xx_HAL_Driver/Src/stm32f4xx_hal_uart.o" --specs=nano.specs -mfpu=fpv4-sp-d16 -mfloat-abi=hard -mthumb -o "Drivers/STM32F4xx_HAL_Driver/Src/stm32f4xx_hal_uart.o"
arm-none-eabi-gcc "../Drivers/STM32F4xx_HAL_Driver/Src/stm32f4xx_ll_adc.c" -mcpu=cortex-m4 -std=gnu11 -g3 -DDEBUG -DUSE_HAL_DRIVER -DSTM32F407xx -c -I../Core/Inc -I../Drivers/STM32F4xx_HAL_Driver/Inc -I../Drivers/STM32F4xx_HAL_Driver/Inc/Legacy -I../Drivers/CMSIS/Device/ST/STM32F4xx/Include -I../Drivers/CMSIS/Include -O0 -ffunction-sections -fdata-sections -Wall -fstack-usage -fcyclomatic-complexity -MMD -MP -MF"Drivers/STM32F4xx_HAL_Driver/Src/stm32f4xx_ll_adc.d" -MT"Drivers/STM32F4xx_HAL_Driver/Src/stm32f4xx_ll_adc.o" --specs=nano.specs -mfpu=fpv4-sp-d16 -mfloat-abi=hard -mthumb -o "Drivers/STM32F4xx_HAL_Driver/Src/stm32f4xx_ll_adc.o"
arm-none-eabi-gcc -mcpu=cortex-m4 -g3 -DDEBUG -c -x assembler-with-cpp -MMD -MP -MF"Core/Startup/startup_stm32f407vgtx.d" -MT"Core/Startup/startup_stm32f407vgtx.o" --specs=nano.specs -mfpu=fpv4-sp-d16 -mfloat-abi=hard -mthumb -o "Core/Startup/startup_stm32f407vgtx.o" "../Core/Startup/startup_stm32f407vgtx.s"
arm-none-eabi-gcc "../Core/Src/main.c" -mcpu=cortex-m4 -std=gnu11 -g3 -DDEBUG -DUSE_HAL_DRIVER -DSTM32F407xx -c -I../Core/Inc -I../Drivers/STM32F4xx_HAL_Driver/Inc -I../Drivers/STM32F4xx_HAL_Driver/Inc/Legacy -I../Drivers/CMSIS/Device/ST/STM32F4xx/Include -I../Drivers/CMSIS/Include -O0 -ffunction-sections -fdata-sections -Wall -fstack-usage -fcyclomatic-complexity -MMD -MP -MF"Core/Src/main.d" -MT"Core/Src/main.o" --specs=nano.specs -mfpu=fpv4-sp-d16 -mfloat-abi=hard -mthumb -o "Core/Src/main.o"
arm-none-eabi-gcc "../Core/Src/stm32f4xx_hal_msp.c" -mcpu=cortex-m4 -std=gnu11 -g3 -DDEBUG -DUSE_HAL_DRIVER -DSTM32F407xx -c -I../Core/Inc -I../Drivers/STM32F4xx_HAL_Driver/Inc -I../Drivers/STM32F4xx_HAL_Driver/Inc/Legacy -I../Drivers/CMSIS/Device/ST/STM32F4xx/Include -I../Drivers/CMSIS/Include -O0 -ffunction-sections -fdata-sections -Wall -fstack-usage -fcyclomatic-complexity -MMD -MP -MF"Core/Src/stm32f4xx_hal_msp.d" -MT"Core/Src/stm32f4xx_hal_msp.o" --specs=nano.specs -mfpu=fpv4-sp-d16 -mfloat-abi=hard -mthumb -o "Core/Src/stm32f4xx_hal_msp.o"
arm-none-eabi-gcc "../Core/Src/stm32f4xx_it.c" -mcpu=cortex-m4 -std=gnu11 -g3 -DDEBUG -DUSE_HAL_DRIVER -DSTM32F407xx -c -I../Core/Inc -I../Drivers/STM32F4xx_HAL_Driver/Inc -I../Drivers/STM32F4xx_HAL_Driver/Inc/Legacy -I../Drivers/CMSIS/Device/ST/STM32F4xx/Include -I../Drivers/CMSIS/Include -O0 -ffunction-sections -fdata-sections -Wall -fstack-usage -fcyclomatic-complexity -MMD -MP -MF"Core/Src/stm32f4xx_it.d" -MT"Core/Src/stm32f4xx_it.o" --specs=nano.specs -mfpu=fpv4-sp-d16 -mfloat-abi=hard -mthumb -o "Core/Src/stm32f4xx_it.o"
arm-none-eabi-gcc "../Core/Src/syscalls.c" -mcpu=cortex-m4 -std=gnu11 -g3 -DDEBUG -DUSE_HAL_DRIVER -DSTM32F407xx -c -I../Core/Inc -I../Drivers/STM32F4xx_HAL_Driver/Inc -I../Drivers/STM32F4xx_HAL_Driver/Inc/Legacy -I../Drivers/CMSIS/Device/ST/STM32F4xx/Include -I../Drivers/CMSIS/Include -O0 -ffunction-sections -fdata-sections -Wall -fstack-usage -fcyclomatic-complexity -MMD -MP -MF"Core/Src/syscalls.d" -MT"Core/Src/syscalls.o" --specs=nano.specs -mfpu=fpv4-sp-d16 -mfloat-abi=hard -mthumb -o "Core/Src/syscalls.o"
arm-none-eabi-gcc "../Core/Src/sysmem.c" -mcpu=cortex-m4 -std=gnu11 -g3 -DDEBUG -DUSE_HAL_DRIVER -DSTM32F407xx -c -I../Core/Inc -I../Drivers/STM32F4xx_HAL_Driver/Inc -I../Drivers/STM32F4xx_HAL_Driver/Inc/Legacy -I../Drivers/CMSIS/Device/ST/STM32F4xx/Include -I../Drivers/CMSIS/Include -O0 -ffunction-sections -fdata-sections -Wall -fstack-usage -fcyclomatic-complexity -MMD -MP -MF"Core/Src/sysmem.d" -MT"Core/Src/sysmem.o" --specs=nano.specs -mfpu=fpv4-sp-d16 -mfloat-abi=hard -mthumb -o "Core/Src/sysmem.o"
arm-none-eabi-gcc "../Core/Src/system_stm32f4xx.c" -mcpu=cortex-m4 -std=gnu11 -g3 -DDEBUG -DUSE_HAL_DRIVER -DSTM32F407xx -c -I../Core/Inc -I../Drivers/STM32F4xx_HAL_Driver/Inc -I../Drivers/STM32F4xx_HAL_Driver/Inc/Legacy -I../Drivers/CMSIS/Device/ST/STM32F4xx/Include -I../Drivers/CMSIS/Include -O0 -ffunction-sections -fdata-sections -Wall -fstack-usage -fcyclomatic-complexity -MMD -MP -MF"Core/Src/system_stm32f4xx.d" -MT"Core/Src/system_stm32f4xx.o" --specs=nano.specs -mfpu=fpv4-sp-d16 -mfloat-abi=hard -mthumb -o "Core/Src/system_stm32f4xx.o"
C:\Users\sakshi\AppData\Local\Temp\ccmBTrsa.s: Assembler messages:
C:\Users\sakshi\AppData\Local\Temp\ccmBTrsa.s: Fatal error: can't write 3919 bytes to section .debug_str of Drivers/STM32F4xx_HAL_Driver/Src/stm32f4xx_hal_flash_ramfunc.o: 'No space left on device'
C:\Users\sakshi\AppData\Local\Temp\ccmBTrsa.s: Fatal error: Drivers/STM32F4xx_HAL_Driver/Src/stm32f4xx_hal_flash_ramfunc.o: No space left on device
../Drivers/STM32F4xx_HAL_Driver/Src/stm32f4xx_hal_rcc.c:1106:1: fatal error: error writing to C:\Users\sakshi\AppData\Local\Temp\ccIqfine.s: No space left on device
 1106 | }
      | ^
compilation terminated.
C:\Users\sakshi\AppData\Local\Temp\cc8V3YUc.s: Assembler messages:
C:\Users\sakshi\AppData\Local\Temp\cc8V3YUc.s: Fatal error: can't write 3920 bytes to section .debug_macro of Drivers/STM32F4xx_HAL_Driver/Src/stm32f4xx_hal_pwr.o: 'No space left on device'
make: *** [Drivers/STM32F4xx_HAL_Driver/Src/subdir.mk:67: Drivers/STM32F4xx_HAL_Driver/Src/stm32f4xx_hal_flash_ramfunc.o] Error 1
make: *** Waiting for unfinished jobs....
make: *** [Drivers/STM32F4xx_HAL_Driver/Src/subdir.mk:67: Drivers/STM32F4xx_HAL_Driver/Src/stm32f4xx_hal_rcc.o] Error 1
../Drivers/STM32F4xx_HAL_Driver/Src/stm32f4xx_hal_rcc_ex.c:3357:1: fatal error: error writing to C:\Users\sakshi\AppData\Local\Temp\ccUU6xkh.s: No space left on device
 3357 | }
      | ^
make: *** [Drivers/STM32F4xx_HAL_Driver/Src/subdir.mk:67: Drivers/STM32F4xx_HAL_Driver/Src/stm32f4xx_hal_pwr.o] Error 1
compilation terminated.
make: *** [Drivers/STM32F4xx_HAL_Driver/Src/subdir.mk:67: Drivers/STM32F4xx_HAL_Driver/Src/stm32f4xx_hal_rcc_ex.o] Error 1
../Drivers/STM32F4xx_HAL_Driver/Src/stm32f4xx_hal_uart.c:3793:1: fatal error: error writing to C:\Users\sakshi\AppData\Local\Temp\ccavnKWj.s: No error
 3793 | }
      | ^
compilation terminated.
make: *** [Drivers/STM32F4xx_HAL_Driver/Src/subdir.mk:67: Drivers/STM32F4xx_HAL_Driver/Src/stm32f4xx_hal_uart.o] Error 1
../Core/Src/system_stm32f4xx.c:266:1: fatal error: error writing to C:\Users\sakshi\AppData\Local\Temp\ccRMeDFh.s: No space left on device
  266 | }
      | ^
compilation terminated.
make: *** [Core/Src/subdir.mk:34: Core/Src/system_stm32f4xx.o] Error 1
"make -j28 all" terminated with exit code 2. Build might be incomplete.
15:29:42 **** Incremental Build of configuration Debug for project LCD ****
make -j28 all 
arm-none-eabi-size  LCD.elf 
   text	   data	    bss	    dec	    hex	filename
   9644	     12	   1660	  11316	   2c34	LCD.elf
Finished building: default.size.stdout
 
15:29:43 **** Incremental Build of configuration Debug for project mq35 ****
make -j28 all 
arm-none-eabi-gcc "../Drivers/STM32F4xx_HAL_Driver/Src/stm32f4xx_hal_flash_ramfunc.c" -mcpu=cortex-m4 -std=gnu11 -g3 -DDEBUG -DUSE_HAL_DRIVER -DSTM32F407xx -c -I../Core/Inc -I../Drivers/STM32F4xx_HAL_Driver/Inc -I../Drivers/STM32F4xx_HAL_Driver/Inc/Legacy -I../Drivers/CMSIS/Device/ST/STM32F4xx/Include -I../Drivers/CMSIS/Include -O0 -ffunction-sections -fdata-sections -Wall -fstack-usage -fcyclomatic-complexity -MMD -MP -MF"Drivers/STM32F4xx_HAL_Driver/Src/stm32f4xx_hal_flash_ramfunc.d" -MT"Drivers/STM32F4xx_HAL_Driver/Src/stm32f4xx_hal_flash_ramfunc.o" --specs=nano.specs -mfpu=fpv4-sp-d16 -mfloat-abi=hard -mthumb -o "Drivers/STM32F4xx_HAL_Driver/Src/stm32f4xx_hal_flash_ramfunc.o"
arm-none-eabi-gcc "../Drivers/STM32F4xx_HAL_Driver/Src/stm32f4xx_hal_pwr.c" -mcpu=cortex-m4 -std=gnu11 -g3 -DDEBUG -DUSE_HAL_DRIVER -DSTM32F407xx -c -I../Core/Inc -I../Drivers/STM32F4xx_HAL_Driver/Inc -I../Drivers/STM32F4xx_HAL_Driver/Inc/Legacy -I../Drivers/CMSIS/Device/ST/STM32F4xx/Include -I../Drivers/CMSIS/Include -O0 -ffunction-sections -fdata-sections -Wall -fstack-usage -fcyclomatic-complexity -MMD -MP -MF"Drivers/STM32F4xx_HAL_Driver/Src/stm32f4xx_hal_pwr.d" -MT"Drivers/STM32F4xx_HAL_Driver/Src/stm32f4xx_hal_pwr.o" --specs=nano.specs -mfpu=fpv4-sp-d16 -mfloat-abi=hard -mthumb -o "Drivers/STM32F4xx_HAL_Driver/Src/stm32f4xx_hal_pwr.o"
arm-none-eabi-gcc "../Drivers/STM32F4xx_HAL_Driver/Src/stm32f4xx_hal_rcc.c" -mcpu=cortex-m4 -std=gnu11 -g3 -DDEBUG -DUSE_HAL_DRIVER -DSTM32F407xx -c -I../Core/Inc -I../Drivers/STM32F4xx_HAL_Driver/Inc -I../Drivers/STM32F4xx_HAL_Driver/Inc/Legacy -I../Drivers/CMSIS/Device/ST/STM32F4xx/Include -I../Drivers/CMSIS/Include -O0 -ffunction-sections -fdata-sections -Wall -fstack-usage -fcyclomatic-complexity -MMD -MP -MF"Drivers/STM32F4xx_HAL_Driver/Src/stm32f4xx_hal_rcc.d" -MT"Drivers/STM32F4xx_HAL_Driver/Src/stm32f4xx_hal_rcc.o" --specs=nano.specs -mfpu=fpv4-sp-d16 -mfloat-abi=hard -mthumb -o "Drivers/STM32F4xx_HAL_Driver/Src/stm32f4xx_hal_rcc.o"
arm-none-eabi-gcc "../Drivers/STM32F4xx_HAL_Driver/Src/stm32f4xx_hal_rcc_ex.c" -mcpu=cortex-m4 -std=gnu11 -g3 -DDEBUG -DUSE_HAL_DRIVER -DSTM32F407xx -c -I../Core/Inc -I../Drivers/STM32F4xx_HAL_Driver/Inc -I../Drivers/STM32F4xx_HAL_Driver/Inc/Legacy -I../Drivers/CMSIS/Device/ST/STM32F4xx/Include -I../Drivers/CMSIS/Include -O0 -ffunction-sections -fdata-sections -Wall -fstack-usage -fcyclomatic-complexity -MMD -MP -MF"Drivers/STM32F4xx_HAL_Driver/Src/stm32f4xx_hal_rcc_ex.d" -MT"Drivers/STM32F4xx_HAL_Driver/Src/stm32f4xx_hal_rcc_ex.o" --specs=nano.specs -mfpu=fpv4-sp-d16 -mfloat-abi=hard -mthumb -o "Drivers/STM32F4xx_HAL_Driver/Src/stm32f4xx_hal_rcc_ex.o"
arm-none-eabi-gcc "../Drivers/STM32F4xx_HAL_Driver/Src/stm32f4xx_hal_uart.c" -mcpu=cortex-m4 -std=gnu11 -g3 -DDEBUG -DUSE_HAL_DRIVER -DSTM32F407xx -c -I../Core/Inc -I../Drivers/STM32F4xx_HAL_Driver/Inc -I../Drivers/STM32F4xx_HAL_Driver/Inc/Legacy -I../Drivers/CMSIS/Device/ST/STM32F4xx/Include -I../Drivers/CMSIS/Include -O0 -ffunction-sections -fdata-sections -Wall -fstack-usage -fcyclomatic-complexity -MMD -MP -MF"Drivers/STM32F4xx_HAL_Driver/Src/stm32f4xx_hal_uart.d" -MT"Drivers/STM32F4xx_HAL_Driver/Src/stm32f4xx_hal_uart.o" --specs=nano.specs -mfpu=fpv4-sp-d16 -mfloat-abi=hard -mthumb -o "Drivers/STM32F4xx_HAL_Driver/Src/stm32f4xx_hal_uart.o"
arm-none-eabi-gcc "../Core/Src/system_stm32f4xx.c" -mcpu=cortex-m4 -std=gnu11 -g3 -DDEBUG -DUSE_HAL_DRIVER -DSTM32F407xx -c -I../Core/Inc -I../Drivers/STM32F4xx_HAL_Driver/Inc -I../Drivers/STM32F4xx_HAL_Driver/Inc/Legacy -I../Drivers/CMSIS/Device/ST/STM32F4xx/Include -I../Drivers/CMSIS/Include -O0 -ffunction-sections -fdata-sections -Wall -fstack-usage -fcyclomatic-complexity -MMD -MP -MF"Core/Src/system_stm32f4xx.d" -MT"Core/Src/system_stm32f4xx.o" --specs=nano.specs -mfpu=fpv4-sp-d16 -mfloat-abi=hard -mthumb -o "Core/Src/system_stm32f4xx.o"
../Core/Src/system_stm32f4xx.c: In function 'SystemCoreClockUpdate':
../Core/Src/system_stm32f4xx.c:265:3: error: expected declaration or statement at end of input
  265 |   SystemCoreClock >>= tmp;
      |   ^~~~~~~~~~~~~~~
make: *** [Core/Src/subdir.mk:34: Core/Src/system_stm32f4xx.o] Error 1
make: *** Waiting for unfinished jobs....
../Drivers/STM32F4xx_HAL_Driver/Src/stm32f4xx_hal_rcc.c:1106:1: fatal error: error writing to C:\Users\sakshi\AppData\Local\Temp\cc3ctP2A.s: No space left on device
 1106 | }
      | ^
../Drivers/STM32F4xx_HAL_Driver/Src/stm32f4xx_hal_rcc_ex.c:3357:1: fatal error: error writing to C:\Users\sakshi\AppData\Local\Temp\cc5PAurE.s: No space left on device
 3357 | }
      | ^
compilation terminated.
compilation terminated.
make: *** [Drivers/STM32F4xx_HAL_Driver/Src/subdir.mk:67: Drivers/STM32F4xx_HAL_Driver/Src/stm32f4xx_hal_rcc_ex.o] Error 1
make: *** [Drivers/STM32F4xx_HAL_Driver/Src/subdir.mk:67: Drivers/STM32F4xx_HAL_Driver/Src/stm32f4xx_hal_rcc.o] Error 1
../Drivers/STM32F4xx_HAL_Driver/Src/stm32f4xx_hal_uart.c:3793:1: fatal error: error writing to C:\Users\sakshi\AppData\Local\Temp\cchwtsjC.s: No error
 3793 | }
      | ^
compilation terminated.
make: *** [Drivers/STM32F4xx_HAL_Driver/Src/subdir.mk:67: Drivers/STM32F4xx_HAL_Driver/Src/stm32f4xx_hal_uart.o] Error 1
"make -j28 all" terminated with exit code 2. Build might be incomplete.
15:33:13 **** Incremental Build of configuration Debug for project LCD ****
make -j28 all 
arm-none-eabi-size  LCD.elf 
   text	   data	    bss	    dec	    hex	filename
   9644	     12	   1660	  11316	   2c34	LCD.elf
Finished building: default.size.stdout
 
15:33:14 **** Build of configuration Debug for project mq35 ****
make -j28 all 
arm-none-eabi-gcc "../Drivers/STM32F4xx_HAL_Driver/Src/stm32f4xx_hal_rcc.c" -mcpu=cortex-m4 -std=gnu11 -g3 -DDEBUG -DUSE_HAL_DRIVER -DSTM32F407xx -c -I../Core/Inc -I../Drivers/STM32F4xx_HAL_Driver/Inc -I../Drivers/STM32F4xx_HAL_Driver/Inc/Legacy -I../Drivers/CMSIS/Device/ST/STM32F4xx/Include -I../Drivers/CMSIS/Include -O0 -ffunction-sections -fdata-sections -Wall -fstack-usage -fcyclomatic-complexity -MMD -MP -MF"Drivers/STM32F4xx_HAL_Driver/Src/stm32f4xx_hal_rcc.d" -MT"Drivers/STM32F4xx_HAL_Driver/Src/stm32f4xx_hal_rcc.o" --specs=nano.specs -mfpu=fpv4-sp-d16 -mfloat-abi=hard -mthumb -o "Drivers/STM32F4xx_HAL_Driver/Src/stm32f4xx_hal_rcc.o"
arm-none-eabi-gcc "../Drivers/STM32F4xx_HAL_Driver/Src/stm32f4xx_hal_rcc_ex.c" -mcpu=cortex-m4 -std=gnu11 -g3 -DDEBUG -DUSE_HAL_DRIVER -DSTM32F407xx -c -I../Core/Inc -I../Drivers/STM32F4xx_HAL_Driver/Inc -I../Drivers/STM32F4xx_HAL_Driver/Inc/Legacy -I../Drivers/CMSIS/Device/ST/STM32F4xx/Include -I../Drivers/CMSIS/Include -O0 -ffunction-sections -fdata-sections -Wall -fstack-usage -fcyclomatic-complexity -MMD -MP -MF"Drivers/STM32F4xx_HAL_Driver/Src/stm32f4xx_hal_rcc_ex.d" -MT"Drivers/STM32F4xx_HAL_Driver/Src/stm32f4xx_hal_rcc_ex.o" --specs=nano.specs -mfpu=fpv4-sp-d16 -mfloat-abi=hard -mthumb -o "Drivers/STM32F4xx_HAL_Driver/Src/stm32f4xx_hal_rcc_ex.o"
arm-none-eabi-gcc "../Drivers/STM32F4xx_HAL_Driver/Src/stm32f4xx_hal_uart.c" -mcpu=cortex-m4 -std=gnu11 -g3 -DDEBUG -DUSE_HAL_DRIVER -DSTM32F407xx -c -I../Core/Inc -I../Drivers/STM32F4xx_HAL_Driver/Inc -I../Drivers/STM32F4xx_HAL_Driver/Inc/Legacy -I../Drivers/CMSIS/Device/ST/STM32F4xx/Include -I../Drivers/CMSIS/Include -O0 -ffunction-sections -fdata-sections -Wall -fstack-usage -fcyclomatic-complexity -MMD -MP -MF"Drivers/STM32F4xx_HAL_Driver/Src/stm32f4xx_hal_uart.d" -MT"Drivers/STM32F4xx_HAL_Driver/Src/stm32f4xx_hal_uart.o" --specs=nano.specs -mfpu=fpv4-sp-d16 -mfloat-abi=hard -mthumb -o "Drivers/STM32F4xx_HAL_Driver/Src/stm32f4xx_hal_uart.o"
arm-none-eabi-gcc "../Core/Src/main.c" -mcpu=cortex-m4 -std=gnu11 -g3 -DDEBUG -DUSE_HAL_DRIVER -DSTM32F407xx -c -I../Core/Inc -I../Drivers/STM32F4xx_HAL_Driver/Inc -I../Drivers/STM32F4xx_HAL_Driver/Inc/Legacy -I../Drivers/CMSIS/Device/ST/STM32F4xx/Include -I../Drivers/CMSIS/Include -O0 -ffunction-sections -fdata-sections -Wall -fstack-usage -fcyclomatic-complexity -MMD -MP -MF"Core/Src/main.d" -MT"Core/Src/main.o" --specs=nano.specs -mfpu=fpv4-sp-d16 -mfloat-abi=hard -mthumb -o "Core/Src/main.o"
arm-none-eabi-gcc "../Core/Src/system_stm32f4xx.c" -mcpu=cortex-m4 -std=gnu11 -g3 -DDEBUG -DUSE_HAL_DRIVER -DSTM32F407xx -c -I../Core/Inc -I../Drivers/STM32F4xx_HAL_Driver/Inc -I../Drivers/STM32F4xx_HAL_Driver/Inc/Legacy -I../Drivers/CMSIS/Device/ST/STM32F4xx/Include -I../Drivers/CMSIS/Include -O0 -ffunction-sections -fdata-sections -Wall -fstack-usage -fcyclomatic-complexity -MMD -MP -MF"Core/Src/system_stm32f4xx.d" -MT"Core/Src/system_stm32f4xx.o" --specs=nano.specs -mfpu=fpv4-sp-d16 -mfloat-abi=hard -mthumb -o "Core/Src/system_stm32f4xx.o"
../Core/Src/system_stm32f4xx.c: In function 'SystemCoreClockUpdate':
../Core/Src/system_stm32f4xx.c:265:3: error: expected declaration or statement at end of input
  265 |   SystemCoreClock >>= tmp;
      |   ^~~~~~~~~~~~~~~
../Core/Src/system_stm32f4xx.c: At top level:
../Core/Src/system_stm32f4xx.c:265:3: fatal error: closing dependency file Core/Src/system_stm32f4xx.d: No space left on device
compilation terminated.
make: *** [Core/Src/subdir.mk:34: Core/Src/system_stm32f4xx.o] Error 1
make: *** Waiting for unfinished jobs....
../Drivers/STM32F4xx_HAL_Driver/Src/stm32f4xx_hal_rcc.c:1106:1: fatal error: error writing to C:\Users\sakshi\AppData\Local\Temp\ccQu8sAF.s: No space left on device
 1106 | }
../Drivers/STM32F4xx_HAL_Driver/Src/stm32f4xx_hal_rcc_ex.c:3357:1: fatal error: error writing to C:\Users\sakshi\AppData\Local\Temp\ccubApgJ.s: No space left on device
 3357 | }
      | ^
compilation terminated.
make: *** [Drivers/STM32F4xx_HAL_Driver/Src/subdir.mk:67: Drivers/STM32F4xx_HAL_Driver/Src/stm32f4xx_hal_rcc.o] Error 1
make: *** [Drivers/STM32F4xx_HAL_Driver/Src/subdir.mk:67: Drivers/STM32F4xx_HAL_Driver/Src/stm32f4xx_hal_rcc_ex.o] Error 1
../Core/Src/main.c:314:1: fatal error: error writing to C:\Users\sakshi\AppData\Local\Temp\ccKRIj8K.s: No space left on device
  314 | }
      | ^
compilation terminated.
make: *** [Core/Src/subdir.mk:34: Core/Src/main.o] Error 1
../Drivers/STM32F4xx_HAL_Driver/Src/stm32f4xx_hal_uart.c:3793:1: fatal error: error writing to C:\Users\sakshi\AppData\Local\Temp\ccAAvrXH.s: No error
 3793 | }
      | ^
compilation terminated.
make: *** [Drivers/STM32F4xx_HAL_Driver/Src/subdir.mk:67: Drivers/STM32F4xx_HAL_Driver/Src/stm32f4xx_hal_uart.o] Error 1
"make -j28 all" terminated with exit code 2. Build might be incomplete.
16:10:29 **** Build of configuration Debug for project LCD ****
make -j28 all 
arm-none-eabi-size  LCD.elf 
   text	   data	    bss	    dec	    hex	filename
   9644	     12	   1660	  11316	   2c34	LCD.elf
Finished building: default.size.stdout
 
