11:16:05 **** Incremental Build of configuration Debug for project toggleledswitch.c ****
make -j28 all 
arm-none-eabi-gcc -o "toggleledswitch.c.elf" @"objects.list"   -mcpu=cortex-m4 -T"C:\Users\sakshi\Desktop\internshipdata\ARM_94095_sakshi\assignment4\toggleledswitch.c\STM32F407VGTX_FLASH.ld" --specs=nosys.specs -Wl,-Map="toggleledswitch.c.map" -Wl,--gc-sections -static --specs=nano.specs -mfpu=fpv4-sp-d16 -mfloat-abi=soft -mthumb -Wl,--start-group -lc -lm -Wl,--end-group
C:/ST/STM32CubeIDE_1.19.0/STM32CubeIDE/plugins/com.st.stm32cube.ide.mcu.externaltools.gnu-tools-for-stm32.13.3.rel1.win32_1.0.0.202411081344/tools/bin/../lib/gcc/arm-none-eabi/13.3.1/../../../../arm-none-eabi/bin/ld.exe: ./Src/main.o: in function `main':
C:/Users/sakshi/Desktop/internshipdata/ARM_94095_sakshi/assignment4/toggleledswitch.c/Debug/../Src/main.c:38:(.text.main+0x16): undefined reference to `led_toggle'
collect2.exe: error: ld returned 1 exit status
make: *** [makefile:63: toggleledswitch.c.elf] Error 1
"make -j28 all" terminated with exit code 2. Build might be incomplete.
11:16:43 **** Incremental Build of configuration Debug for project toggleledswitch.c ****
make -j28 all 
arm-none-eabi-gcc "../Src/main.c" -mcpu=cortex-m4 -std=gnu11 -g3 -DDEBUG -DSTM32 -DSTM32F407G_DISC1 -DSTM32F4 -DSTM32F407VGTx -c -I../Inc -O0 -ffunction-sections -fdata-sections -Wall -fstack-usage -fcyclomatic-complexity -MMD -MP -MF"Src/main.d" -MT"Src/main.o" --specs=nano.specs -mfpu=fpv4-sp-d16 -mfloat-abi=soft -mthumb -o "Src/main.o"
arm-none-eabi-gcc "../Src/toggle.c" -mcpu=cortex-m4 -std=gnu11 -g3 -DDEBUG -DSTM32 -DSTM32F407G_DISC1 -DSTM32F4 -DSTM32F407VGTx -c -I../Inc -O0 -ffunction-sections -fdata-sections -Wall -fstack-usage -fcyclomatic-complexity -MMD -MP -MF"Src/toggle.d" -MT"Src/toggle.o" --specs=nano.specs -mfpu=fpv4-sp-d16 -mfloat-abi=soft -mthumb -o "Src/toggle.o"
arm-none-eabi-gcc -o "toggleledswitch.c.elf" @"objects.list"   -mcpu=cortex-m4 -T"C:\Users\sakshi\Desktop\internshipdata\ARM_94095_sakshi\assignment4\toggleledswitch.c\STM32F407VGTX_FLASH.ld" --specs=nosys.specs -Wl,-Map="toggleledswitch.c.map" -Wl,--gc-sections -static --specs=nano.specs -mfpu=fpv4-sp-d16 -mfloat-abi=soft -mthumb -Wl,--start-group -lc -lm -Wl,--end-group
C:/ST/STM32CubeIDE_1.19.0/STM32CubeIDE/plugins/com.st.stm32cube.ide.mcu.externaltools.gnu-tools-for-stm32.13.3.rel1.win32_1.0.0.202411081344/tools/bin/../lib/gcc/arm-none-eabi/13.3.1/../../../../arm-none-eabi/bin/ld.exe: ./Src/main.o: in function `main':
C:/Users/sakshi/Desktop/internshipdata/ARM_94095_sakshi/assignment4/toggleledswitch.c/Debug/../Src/main.c:38:(.text.main+0x16): undefined reference to `led_toggle'
collect2.exe: error: ld returned 1 exit status
make: *** [makefile:63: toggleledswitch.c.elf] Error 1
"make -j28 all" terminated with exit code 2. Build might be incomplete.
11:17:26 **** Incremental Build of configuration Debug for project toggleledswitch.c ****
make -j28 all 
arm-none-eabi-gcc "../Src/toggle.c" -mcpu=cortex-m4 -std=gnu11 -g3 -DDEBUG -DSTM32 -DSTM32F407G_DISC1 -DSTM32F4 -DSTM32F407VGTx -c -I../Inc -O0 -ffunction-sections -fdata-sections -Wall -fstack-usage -fcyclomatic-complexity -MMD -MP -MF"Src/toggle.d" -MT"Src/toggle.o" --specs=nano.specs -mfpu=fpv4-sp-d16 -mfloat-abi=soft -mthumb -o "Src/toggle.o"
arm-none-eabi-gcc -o "toggleledswitch.c.elf" @"objects.list"   -mcpu=cortex-m4 -T"C:\Users\sakshi\Desktop\internshipdata\ARM_94095_sakshi\assignment4\toggleledswitch.c\STM32F407VGTX_FLASH.ld" --specs=nosys.specs -Wl,-Map="toggleledswitch.c.map" -Wl,--gc-sections -static --specs=nano.specs -mfpu=fpv4-sp-d16 -mfloat-abi=soft -mthumb -Wl,--start-group -lc -lm -Wl,--end-group
Finished building target: toggleledswitch.c.elf
 
arm-none-eabi-size  toggleledswitch.c.elf 
arm-none-eabi-objdump -h -S toggleledswitch.c.elf  > "toggleledswitch.c.list"
   text	   data	    bss	    dec	    hex	filename
   1028	      0	   1568	   2596	    a24	toggleledswitch.c.elf
Finished building: default.size.stdout
 
Finished building: toggleledswitch.c.list
 
11:17:49 **** Incremental Build of configuration Debug for project toggleledswitch.c ****
make -j28 all 
arm-none-eabi-size  toggleledswitch.c.elf 
   text	   data	    bss	    dec	    hex	filename
   1028	      0	   1568	   2596	    a24	toggleledswitch.c.elf
Finished building: default.size.stdout
 
11:18:07 **** Incremental Build of configuration Debug for project toggleledswitch.c ****
make -j28 all 
arm-none-eabi-size  toggleledswitch.c.elf 
   text	   data	    bss	    dec	    hex	filename
   1028	      0	   1568	   2596	    a24	toggleledswitch.c.elf
Finished building: default.size.stdout
 
11:22:42 **** Incremental Build of configuration Debug for project toggleledswitch.c ****
make -j28 all 
arm-none-eabi-size  toggleledswitch.c.elf 
   text	   data	    bss	    dec	    hex	filename
   1028	      0	   1568	   2596	    a24	toggleledswitch.c.elf
Finished building: default.size.stdout
 
12:12:34 **** Incremental Build of configuration Debug for project gpioswitchcontroll.c ****
make -j28 all 
arm-none-eabi-gcc "../Src/gpio.c" -mcpu=cortex-m4 -std=gnu11 -g3 -DDEBUG -DSTM32 -DSTM32F407G_DISC1 -DSTM32F4 -DSTM32F407VGTx -c -I../Inc -O0 -ffunction-sections -fdata-sections -Wall -fstack-usage -fcyclomatic-complexity -MMD -MP -MF"Src/gpio.d" -MT"Src/gpio.o" --specs=nano.specs -mfpu=fpv4-sp-d16 -mfloat-abi=soft -mthumb -o "Src/gpio.o"
arm-none-eabi-gcc -o "gpioswitchcontroll.c.elf" @"objects.list"   -mcpu=cortex-m4 -T"C:\Users\sakshi\Desktop\internshipdata\ARM_94095_sakshi\assignment4\gpioswitchcontroll.c\STM32F407VGTX_FLASH.ld" --specs=nosys.specs -Wl,-Map="gpioswitchcontroll.c.map" -Wl,--gc-sections -static --specs=nano.specs -mfpu=fpv4-sp-d16 -mfloat-abi=soft -mthumb -Wl,--start-group -lc -lm -Wl,--end-group
Finished building target: gpioswitchcontroll.c.elf
 
arm-none-eabi-size  gpioswitchcontroll.c.elf 
arm-none-eabi-objdump -h -S gpioswitchcontroll.c.elf  > "gpioswitchcontroll.c.list"
   text	   data	    bss	    dec	    hex	filename
   1064	      0	   1568	   2632	    a48	gpioswitchcontroll.c.elf
Finished building: default.size.stdout
 
Finished building: gpioswitchcontroll.c.list
 
12:12:35 **** Build of configuration Debug for project sequenceled.c ****
make -j28 all 
arm-none-eabi-gcc -mcpu=cortex-m4 -g3 -DDEBUG -c -x assembler-with-cpp -MMD -MP -MF"Startup/startup_stm32f407vgtx.d" -MT"Startup/startup_stm32f407vgtx.o" --specs=nano.specs -mfpu=fpv4-sp-d16 -mfloat-abi=hard -mthumb -o "Startup/startup_stm32f407vgtx.o" "../Startup/startup_stm32f407vgtx.s"
arm-none-eabi-gcc "../Src/itm.c" -mcpu=cortex-m4 -std=gnu11 -g3 -DDEBUG -DSTM32 -DSTM32F407G_DISC1 -DSTM32F4 -DSTM32F407VGTx -c -I../Inc -O0 -ffunction-sections -fdata-sections -Wall -fstack-usage -fcyclomatic-complexity -MMD -MP -MF"Src/itm.d" -MT"Src/itm.o" --specs=nano.specs -mfpu=fpv4-sp-d16 -mfloat-abi=hard -mthumb -o "Src/itm.o"
arm-none-eabi-gcc "../Src/main.c" -mcpu=cortex-m4 -std=gnu11 -g3 -DDEBUG -DSTM32 -DSTM32F407G_DISC1 -DSTM32F4 -DSTM32F407VGTx -c -I../Inc -O0 -ffunction-sections -fdata-sections -Wall -fstack-usage -fcyclomatic-complexity -MMD -MP -MF"Src/main.d" -MT"Src/main.o" --specs=nano.specs -mfpu=fpv4-sp-d16 -mfloat-abi=hard -mthumb -o "Src/main.o"
arm-none-eabi-gcc "../Src/sequenceled.c" -mcpu=cortex-m4 -std=gnu11 -g3 -DDEBUG -DSTM32 -DSTM32F407G_DISC1 -DSTM32F4 -DSTM32F407VGTx -c -I../Inc -O0 -ffunction-sections -fdata-sections -Wall -fstack-usage -fcyclomatic-complexity -MMD -MP -MF"Src/sequenceled.d" -MT"Src/sequenceled.o" --specs=nano.specs -mfpu=fpv4-sp-d16 -mfloat-abi=hard -mthumb -o "Src/sequenceled.o"
arm-none-eabi-gcc "../Src/syscalls.c" -mcpu=cortex-m4 -std=gnu11 -g3 -DDEBUG -DSTM32 -DSTM32F407G_DISC1 -DSTM32F4 -DSTM32F407VGTx -c -I../Inc -O0 -ffunction-sections -fdata-sections -Wall -fstack-usage -fcyclomatic-complexity -MMD -MP -MF"Src/syscalls.d" -MT"Src/syscalls.o" --specs=nano.specs -mfpu=fpv4-sp-d16 -mfloat-abi=hard -mthumb -o "Src/syscalls.o"
arm-none-eabi-gcc "../Src/sysmem.c" -mcpu=cortex-m4 -std=gnu11 -g3 -DDEBUG -DSTM32 -DSTM32F407G_DISC1 -DSTM32F4 -DSTM32F407VGTx -c -I../Inc -O0 -ffunction-sections -fdata-sections -Wall -fstack-usage -fcyclomatic-complexity -MMD -MP -MF"Src/sysmem.d" -MT"Src/sysmem.o" --specs=nano.specs -mfpu=fpv4-sp-d16 -mfloat-abi=hard -mthumb -o "Src/sysmem.o"
arm-none-eabi-gcc "../Src/system_stm32f4xx.c" -mcpu=cortex-m4 -std=gnu11 -g3 -DDEBUG -DSTM32 -DSTM32F407G_DISC1 -DSTM32F4 -DSTM32F407VGTx -c -I../Inc -O0 -ffunction-sections -fdata-sections -Wall -fstack-usage -fcyclomatic-complexity -MMD -MP -MF"Src/system_stm32f4xx.d" -MT"Src/system_stm32f4xx.o" --specs=nano.specs -mfpu=fpv4-sp-d16 -mfloat-abi=hard -mthumb -o "Src/system_stm32f4xx.o"
../Src/sequenceled.c:8:10: fatal error: toogle.h: No such file or directory
    8 | #include "toogle.h"
      |          ^~~~~~~~~~
compilation terminated.
make: *** [Src/subdir.mk:34: Src/sequenceled.o] Error 1
make: *** Waiting for unfinished jobs....
../Src/main.c:25:4: warning: #warning "FPU is not initialized, but the project is compiling for an FPU. Please initialize the FPU before use." [-Wcpp]
   25 |   #warning "FPU is not initialized, but the project is compiling for an FPU. Please initialize the FPU before use."
      |    ^~~~~~~
../Src/main.c: In function 'main':
../Src/main.c:36:25: warning: implicit declaration of function 'led_on'; did you mean 'led_on1'? [-Wimplicit-function-declaration]
   36 |                         led_on();
      |                         ^~~~~~
      |                         led_on1
../Src/main.c:41:25: warning: implicit declaration of function 'led_off'; did you mean 'led_off1'? [-Wimplicit-function-declaration]
   41 |                         led_off();
      |                         ^~~~~~~
      |                         led_off1
"make -j28 all" terminated with exit code 2. Build might be incomplete.
12:12:36 **** Build of configuration Debug for project toggleledswitch.c ****
make -j28 all 
arm-none-eabi-size  toggleledswitch.c.elf 
   text	   data	    bss	    dec	    hex	filename
   1028	      0	   1568	   2596	    a24	toggleledswitch.c.elf
Finished building: default.size.stdout
 
14:03:56 **** Build of configuration Debug for project gpioswitchcontroll.c ****
make -j28 all 
arm-none-eabi-gcc "../Src/gpio.c" -mcpu=cortex-m4 -std=gnu11 -g3 -DDEBUG -DSTM32 -DSTM32F407G_DISC1 -DSTM32F4 -DSTM32F407VGTx -c -I../Inc -O0 -ffunction-sections -fdata-sections -Wall -fstack-usage -fcyclomatic-complexity -MMD -MP -MF"Src/gpio.d" -MT"Src/gpio.o" --specs=nano.specs -mfpu=fpv4-sp-d16 -mfloat-abi=soft -mthumb -o "Src/gpio.o"
../Src/gpio.c:21:9: fatal error: my_switch.h: No such file or directory
   21 | #include"my_switch.h"
      |         ^~~~~~~~~~~~~
compilation terminated.
make: *** [Src/subdir.mk:34: Src/gpio.o] Error 1
"make -j28 all" terminated with exit code 2. Build might be incomplete.
14:03:57 **** Build of configuration Debug for project sequenceled.c ****
make -j28 all 
arm-none-eabi-gcc "../Src/itm.c" -mcpu=cortex-m4 -std=gnu11 -g3 -DDEBUG -DSTM32 -DSTM32F407G_DISC1 -DSTM32F4 -DSTM32F407VGTx -c -I../Inc -O0 -ffunction-sections -fdata-sections -Wall -fstack-usage -fcyclomatic-complexity -MMD -MP -MF"Src/itm.d" -MT"Src/itm.o" --specs=nano.specs -mfpu=fpv4-sp-d16 -mfloat-abi=hard -mthumb -o "Src/itm.o"
arm-none-eabi-gcc "../Src/main.c" -mcpu=cortex-m4 -std=gnu11 -g3 -DDEBUG -DSTM32 -DSTM32F407G_DISC1 -DSTM32F4 -DSTM32F407VGTx -c -I../Inc -O0 -ffunction-sections -fdata-sections -Wall -fstack-usage -fcyclomatic-complexity -MMD -MP -MF"Src/main.d" -MT"Src/main.o" --specs=nano.specs -mfpu=fpv4-sp-d16 -mfloat-abi=hard -mthumb -o "Src/main.o"
arm-none-eabi-gcc "../Src/my_led.c" -mcpu=cortex-m4 -std=gnu11 -g3 -DDEBUG -DSTM32 -DSTM32F407G_DISC1 -DSTM32F4 -DSTM32F407VGTx -c -I../Inc -O0 -ffunction-sections -fdata-sections -Wall -fstack-usage -fcyclomatic-complexity -MMD -MP -MF"Src/my_led.d" -MT"Src/my_led.o" --specs=nano.specs -mfpu=fpv4-sp-d16 -mfloat-abi=hard -mthumb -o "Src/my_led.o"
arm-none-eabi-gcc "../Src/my_switch.c" -mcpu=cortex-m4 -std=gnu11 -g3 -DDEBUG -DSTM32 -DSTM32F407G_DISC1 -DSTM32F4 -DSTM32F407VGTx -c -I../Inc -O0 -ffunction-sections -fdata-sections -Wall -fstack-usage -fcyclomatic-complexity -MMD -MP -MF"Src/my_switch.d" -MT"Src/my_switch.o" --specs=nano.specs -mfpu=fpv4-sp-d16 -mfloat-abi=hard -mthumb -o "Src/my_switch.o"
arm-none-eabi-gcc "../Src/syscalls.c" -mcpu=cortex-m4 -std=gnu11 -g3 -DDEBUG -DSTM32 -DSTM32F407G_DISC1 -DSTM32F4 -DSTM32F407VGTx -c -I../Inc -O0 -ffunction-sections -fdata-sections -Wall -fstack-usage -fcyclomatic-complexity -MMD -MP -MF"Src/syscalls.d" -MT"Src/syscalls.o" --specs=nano.specs -mfpu=fpv4-sp-d16 -mfloat-abi=hard -mthumb -o "Src/syscalls.o"
arm-none-eabi-gcc "../Src/sysmem.c" -mcpu=cortex-m4 -std=gnu11 -g3 -DDEBUG -DSTM32 -DSTM32F407G_DISC1 -DSTM32F4 -DSTM32F407VGTx -c -I../Inc -O0 -ffunction-sections -fdata-sections -Wall -fstack-usage -fcyclomatic-complexity -MMD -MP -MF"Src/sysmem.d" -MT"Src/sysmem.o" --specs=nano.specs -mfpu=fpv4-sp-d16 -mfloat-abi=hard -mthumb -o "Src/sysmem.o"
arm-none-eabi-gcc "../Src/system_stm32f4xx.c" -mcpu=cortex-m4 -std=gnu11 -g3 -DDEBUG -DSTM32 -DSTM32F407G_DISC1 -DSTM32F4 -DSTM32F407VGTx -c -I../Inc -O0 -ffunction-sections -fdata-sections -Wall -fstack-usage -fcyclomatic-complexity -MMD -MP -MF"Src/system_stm32f4xx.d" -MT"Src/system_stm32f4xx.o" --specs=nano.specs -mfpu=fpv4-sp-d16 -mfloat-abi=hard -mthumb -o "Src/system_stm32f4xx.o"
../Src/main.c:72:4: warning: #warning "FPU is not initialized, but the project is compiling for an FPU. Please initialize the FPU before use." [-Wcpp]
   72 |   #warning "FPU is not initialized, but the project is compiling for an FPU. Please initialize the FPU before use."
      |    ^~~~~~~
arm-none-eabi-gcc -o "sequenceled.c.elf" @"objects.list"   -mcpu=cortex-m4 -T"C:\Users\sakshi\Desktop\internshipdata\ARM_94095_sakshi\assignment4\sequenceled.c\STM32F407VGTX_FLASH.ld" --specs=nosys.specs -Wl,-Map="sequenceled.c.map" -Wl,--gc-sections -static --specs=nano.specs -mfpu=fpv4-sp-d16 -mfloat-abi=hard -mthumb -Wl,--start-group -lc -lm -Wl,--end-group
Finished building target: sequenceled.c.elf
 
arm-none-eabi-size  sequenceled.c.elf 
arm-none-eabi-objdump -h -S sequenceled.c.elf  > "sequenceled.c.list"
   text	   data	    bss	    dec	    hex	filename
   1220	      0	   1568	   2788	    ae4	sequenceled.c.elf
Finished building: default.size.stdout
 
Finished building: sequenceled.c.list
 
14:03:58 **** Build of configuration Debug for project toggleledswitch.c ****
make -j28 all 
arm-none-eabi-size  toggleledswitch.c.elf 
   text	   data	    bss	    dec	    hex	filename
   1028	      0	   1568	   2596	    a24	toggleledswitch.c.elf
Finished building: default.size.stdout
 
